#
# There is insufficient memory for the Java Runtime Environment to continue.
# Native memory allocation (malloc) failed to allocate 1142576 bytes. Error detail: Chunk::new
# Possible reasons:
#   The system is out of physical RAM or swap space
#   This process is running with CompressedOops enabled, and the Java Heap may be blocking the growth of the native heap
# Possible solutions:
#   Reduce memory load on the system
#   Increase physical memory or swap space
#   Check if swap backing store is full
#   Decrease Java heap size (-Xmx/-Xms)
#   Decrease number of Java threads
#   Decrease Java thread stack sizes (-Xss)
#   Set larger code cache with -XX:ReservedCodeCacheSize=
#   JVM is running with Unscaled Compressed Oops mode in which the Java heap is
#     placed in the first 4GB address space. The Java Heap base address is the
#     maximum limit for the native heap growth. Please use -XX:HeapBaseMinAddress
#     to set the Java Heap base and to place the Java Heap above 4GB virtual address.
# This output file may be truncated or incomplete.
#
#  Out of Memory Error (arena.cpp:168), pid=12756, tid=16180
#
# JRE version: OpenJDK Runtime Environment Temurin-21.0.9+10 (21.0.9+10) (build 21.0.9+10-LTS)
# Java VM: OpenJDK 64-Bit Server VM Temurin-21.0.9+10 (21.0.9+10-LTS, mixed mode, sharing, tiered, compressed oops, compressed class ptrs, parallel gc, windows-amd64)
# No core dump will be written. Minidumps are not enabled by default on client versions of Windows
#

---------------  S U M M A R Y ------------

Command Line: --add-modules=ALL-SYSTEM --add-opens=java.base/java.util=ALL-UNNAMED --add-opens=java.base/java.lang=ALL-UNNAMED --add-opens=java.base/sun.nio.fs=ALL-UNNAMED -Declipse.application=org.eclipse.jdt.ls.core.id1 -Dosgi.bundles.defaultStartLevel=4 -Declipse.product=org.eclipse.jdt.ls.core.product -Djava.import.generatesMetadataFilesAtProjectRoot=false -DDetectVMInstallationsJob.disabled=true -Dfile.encoding=utf8 -XX:+UseParallelGC -XX:GCTimeRatio=4 -XX:AdaptiveSizePolicyWeight=90 -Dsun.zip.disableMemoryMapping=true -Xmx2G -Xms100m -Xlog:disable -javaagent:c:\Users\ALCH12230104\.vscode\extensions\redhat.java-1.50.0-win32-x64\lombok\lombok-1.18.39-4050.jar -XX:+HeapDumpOnOutOfMemoryError -XX:HeapDumpPath=c:\Users\ALCH12230104\AppData\Roaming\Code\User\workspaceStorage\f8ba31ec525c401371b340e4043796e8\redhat.java -Daether.dependencyCollector.impl=bf c:\Users\ALCH12230104\.vscode\extensions\redhat.java-1.50.0-win32-x64\server\plugins\org.eclipse.equinox.launcher_1.7.100.v20251111-0406.jar -configuration c:\Users\ALCH12230104\AppData\Roaming\Code\User\globalStorage\redhat.java\1.50.0\config_win -data c:\Users\ALCH12230104\AppData\Roaming\Code\User\workspaceStorage\f8ba31ec525c401371b340e4043796e8\redhat.java\jdt_ws --pipe=\\.\pipe\lsp-514cfabe7e30f938d1869778720e0425-sock

Host: 11th Gen Intel(R) Core(TM) i5-1145G7 @ 2.60GHz, 8 cores, 7G,  Windows 11 , 64 bit Build 26100 (10.0.26100.7309)
Time: Sun Jan  4 10:00:51 2026 elapsed time: 30.614339 seconds (0d 0h 0m 30s)

---------------  T H R E A D  ---------------

Current thread (0x0000017fe5021f10):  JavaThread "C2 CompilerThread1" daemon [_thread_in_native, id=16180, stack(0x0000005360e00000,0x0000005360f00000) (1024K)]


Current CompileTask:
C2:30614 5610       4       org.eclipse.osgi.internal.serviceregistry.ServiceRegistry::notifyHooksPrivileged (57 bytes)

Stack: [0x0000005360e00000,0x0000005360f00000]
Native frames: (J=compiled Java code, j=interpreted, Vv=VM code, C=native code)
V  [jvm.dll+0x6d6e29]
V  [jvm.dll+0x8b4b76]
V  [jvm.dll+0x8b712e]
V  [jvm.dll+0x8b7813]
V  [jvm.dll+0x283d86]
V  [jvm.dll+0xc66ed]
V  [jvm.dll+0xc6c31]
V  [jvm.dll+0x3be501]
V  [jvm.dll+0x38ab92]
V  [jvm.dll+0x389fda]
V  [jvm.dll+0x24bfa0]
V  [jvm.dll+0x24b580]
V  [jvm.dll+0x1cb13e]
V  [jvm.dll+0x25b29d]
V  [jvm.dll+0x25982a]
V  [jvm.dll+0x3f7ea6]
V  [jvm.dll+0x85e9ad]
V  [jvm.dll+0x6d565d]
C  [ucrtbase.dll+0x37b0]
C  [KERNEL32.DLL+0x2e8d7]
C  [ntdll.dll+0x8c53c]


---------------  P R O C E S S  ---------------

Threads class SMR info:
_java_thread_list=0x0000017fe3412480, length=27, elements={
0x0000017f85836f20, 0x0000017f857a9360, 0x0000017f857ab0c0, 0x0000017f857ad660,
0x0000017f857ae460, 0x0000017f857b12c0, 0x0000017f857b4280, 0x0000017f857b51e0,
0x0000017fdeb1bdd0, 0x0000017fdecece50, 0x0000017fdedc9b30, 0x0000017fe30a6cc0,
0x0000017fdeb14bf0, 0x0000017fe365a7e0, 0x0000017fe365b210, 0x0000017fdec2fed0,
0x0000017fe3bb6930, 0x0000017fe3e9a600, 0x0000017fe31b04e0, 0x0000017fe3b640b0,
0x0000017fe3b64740, 0x0000017fe3b64dd0, 0x0000017fe41266a0, 0x0000017fe4126d30,
0x0000017fe5021f10, 0x0000017fe41238b0, 0x0000017fe41245d0
}

Java Threads: ( => current thread )
  0x0000017f85836f20 JavaThread "main"                              [_thread_blocked, id=17432, stack(0x000000535ec00000,0x000000535ed00000) (1024K)]
  0x0000017f857a9360 JavaThread "Reference Handler"          daemon [_thread_blocked, id=24096, stack(0x000000535f000000,0x000000535f100000) (1024K)]
  0x0000017f857ab0c0 JavaThread "Finalizer"                  daemon [_thread_blocked, id=7308, stack(0x000000535f100000,0x000000535f200000) (1024K)]
  0x0000017f857ad660 JavaThread "Signal Dispatcher"          daemon [_thread_blocked, id=24476, stack(0x000000535f200000,0x000000535f300000) (1024K)]
  0x0000017f857ae460 JavaThread "Attach Listener"            daemon [_thread_blocked, id=26388, stack(0x000000535f300000,0x000000535f400000) (1024K)]
  0x0000017f857b12c0 JavaThread "Service Thread"             daemon [_thread_blocked, id=20932, stack(0x000000535f400000,0x000000535f500000) (1024K)]
  0x0000017f857b4280 JavaThread "Monitor Deflation Thread"   daemon [_thread_blocked, id=22096, stack(0x000000535f500000,0x000000535f600000) (1024K)]
  0x0000017f857b51e0 JavaThread "C2 CompilerThread0"         daemon [_thread_in_native, id=24484, stack(0x000000535f600000,0x000000535f700000) (1024K)]
  0x0000017fdeb1bdd0 JavaThread "C1 CompilerThread0"         daemon [_thread_blocked, id=22264, stack(0x000000535f700000,0x000000535f800000) (1024K)]
  0x0000017fdecece50 JavaThread "Common-Cleaner"             daemon [_thread_blocked, id=4344, stack(0x000000535f800000,0x000000535f900000) (1024K)]
  0x0000017fdedc9b30 JavaThread "Notification Thread"        daemon [_thread_blocked, id=25788, stack(0x000000535f900000,0x000000535fa00000) (1024K)]
  0x0000017fe30a6cc0 JavaThread "Active Thread: Equinox Container: 772520d0-5390-4dc9-859b-9329f329ab53"        [_thread_blocked, id=26476, stack(0x0000005360000000,0x0000005360100000) (1024K)]
  0x0000017fdeb14bf0 JavaThread "Refresh Thread: Equinox Container: 772520d0-5390-4dc9-859b-9329f329ab53" daemon [_thread_blocked, id=20084, stack(0x0000005360100000,0x0000005360200000) (1024K)]
  0x0000017fe365a7e0 JavaThread "Framework Event Dispatcher: Equinox Container: 772520d0-5390-4dc9-859b-9329f329ab53" daemon [_thread_blocked, id=17496, stack(0x0000005360300000,0x0000005360400000) (1024K)]
  0x0000017fe365b210 JavaThread "Start Level: Equinox Container: 772520d0-5390-4dc9-859b-9329f329ab53" daemon [_thread_blocked, id=12264, stack(0x0000005360400000,0x0000005360500000) (1024K)]
  0x0000017fdec2fed0 JavaThread "Bundle File Closer"         daemon [_thread_blocked, id=26708, stack(0x0000005360500000,0x0000005360600000) (1024K)]
  0x0000017fe3bb6930 JavaThread "SCR Component Actor"        daemon [_thread_blocked, id=26980, stack(0x0000005360600000,0x0000005360700000) (1024K)]
  0x0000017fe3e9a600 JavaThread "Worker-JM"                         [_thread_blocked, id=13284, stack(0x0000005360800000,0x0000005360900000) (1024K)]
  0x0000017fe31b04e0 JavaThread "JNA Cleaner"                daemon [_thread_blocked, id=6176, stack(0x0000005360700000,0x0000005360800000) (1024K)]
  0x0000017fe3b640b0 JavaThread "Worker-0: Repository registry initialization"        [_thread_blocked, id=28196, stack(0x0000005360900000,0x0000005360a00000) (1024K)]
  0x0000017fe3b64740 JavaThread "Worker-1: Building"                [_thread_blocked, id=6532, stack(0x0000005360a00000,0x0000005360b00000) (1024K)]
  0x0000017fe3b64dd0 JavaThread "Worker-2"                          [_thread_blocked, id=11780, stack(0x0000005360c00000,0x0000005360d00000) (1024K)]
  0x0000017fe41266a0 JavaThread "Worker-3"                          [_thread_blocked, id=23316, stack(0x0000005360d00000,0x0000005360e00000) (1024K)]
  0x0000017fe4126d30 JavaThread "Java indexing"              daemon [_thread_blocked, id=21228, stack(0x0000005360b00000,0x0000005360c00000) (1024K)]
=>0x0000017fe5021f10 JavaThread "C2 CompilerThread1"         daemon [_thread_in_native, id=16180, stack(0x0000005360e00000,0x0000005360f00000) (1024K)]
  0x0000017fe41238b0 JavaThread "Worker-4"                          [_thread_blocked, id=28528, stack(0x0000005360f00000,0x0000005361000000) (1024K)]
  0x0000017fe41245d0 JavaThread "Worker-5"                          [_thread_blocked, id=28504, stack(0x0000005361000000,0x0000005361100000) (1024K)]
Total: 27

Other Threads:
  0x0000017f858d6a80 VMThread "VM Thread"                           [id=14956, stack(0x000000535ef00000,0x000000535f000000) (1024K)] _threads_hazard_ptr=0x0000017fe3412480
  0x0000017f858a8a10 WatcherThread "VM Periodic Task Thread"        [id=26276, stack(0x000000535ee00000,0x000000535ef00000) (1024K)]
  0x0000017f858564b0 WorkerThread "GC Thread#0"                     [id=16336, stack(0x000000535ed00000,0x000000535ee00000) (1024K)]
  0x0000017fe3645110 WorkerThread "GC Thread#1"                     [id=23748, stack(0x000000535fa00000,0x000000535fb00000) (1024K)]
  0x0000017fe358fc70 WorkerThread "GC Thread#2"                     [id=8416, stack(0x000000535fb00000,0x000000535fc00000) (1024K)]
  0x0000017fe3645db0 WorkerThread "GC Thread#3"                     [id=5072, stack(0x000000535fc00000,0x000000535fd00000) (1024K)]
  0x0000017fe3646150 WorkerThread "GC Thread#4"                     [id=24420, stack(0x000000535fd00000,0x000000535fe00000) (1024K)]
  0x0000017fe3593010 WorkerThread "GC Thread#5"                     [id=23900, stack(0x000000535fe00000,0x000000535ff00000) (1024K)]
  0x0000017fe35933b0 WorkerThread "GC Thread#6"                     [id=25356, stack(0x000000535ff00000,0x0000005360000000) (1024K)]
  0x0000017fdebe4dd0 WorkerThread "GC Thread#7"                     [id=17236, stack(0x0000005360200000,0x0000005360300000) (1024K)]
Total: 10

Threads with active compile tasks:
C2 CompilerThread0  32682 5563       4       java.io.ObjectInputStream::checkResolve (86 bytes)
C1 CompilerThread0  32682 5746       3       org.objectweb.asm.commons.JSRInlinerAdapter::<init> (53 bytes)
C2 CompilerThread1  32682 5610       4       org.eclipse.osgi.internal.serviceregistry.ServiceRegistry::notifyHooksPrivileged (57 bytes)
Total: 3

VM state: synchronizing (normal execution)

VM Mutex/Monitor currently owned by a thread:  ([mutex/lock_event])
[0x00007ffd9617d570] Threads_lock - owner thread: 0x0000017f858d6a80
[0x00007ffd9617d670] Heap_lock - owner thread: 0x0000017fe3b640b0

Heap address: 0x0000000080000000, size: 2048 MB, Compressed Oops mode: 32-bit

CDS archive(s) mapped at: [0x0000017f9d000000-0x0000017f9dba0000-0x0000017f9dba0000), size 12189696, SharedBaseAddress: 0x0000017f9d000000, ArchiveRelocationMode: 1.
Compressed class space mapped at: 0x0000017f9e000000-0x0000017fde000000, reserved size: 1073741824
Narrow klass base: 0x0000017f9d000000, Narrow klass shift: 0, Narrow klass range: 0x100000000

GC Precious Log:
 CardTable entry size: 512
 CPUs: 8 total, 8 available
 Memory: 7914M
 Large Page Support: Disabled
 NUMA Support: Disabled
 Compressed Oops: Enabled (32-bit)
 Alignments: Space 512K, Generation 512K, Heap 2M
 Heap Min Capacity: 100M
 Heap Initial Capacity: 100M
 Heap Max Capacity: 2G
 Pre-touch: Disabled
 Parallel Workers: 8

Heap:
 PSYoungGen      total 23040K, used 22016K [0x00000000d5580000, 0x00000000d7080000, 0x0000000100000000)
  eden space 22016K, 100% used [0x00000000d5580000,0x00000000d6b00000,0x00000000d6b00000)
  from space 1024K, 0% used [0x00000000d6f80000,0x00000000d6f80000,0x00000000d7080000)
  to   space 1024K, 0% used [0x00000000d6e80000,0x00000000d6e80000,0x00000000d6f80000)
 ParOldGen       total 68608K, used 19360K [0x0000000080000000, 0x0000000084300000, 0x00000000d5580000)
  object space 68608K, 28% used [0x0000000080000000,0x00000000812e8238,0x0000000084300000)
 Metaspace       used 36634K, committed 37760K, reserved 1114112K
  class space    used 3807K, committed 4288K, reserved 1048576K

Card table byte_map: [0x0000017f851d0000,0x0000017f855e0000] _byte_map_base: 0x0000017f84dd0000

Marking Bits: (ParMarkBitMap*) 0x00007ffd96182460
 Begin Bits: [0x0000017f97ce0000, 0x0000017f99ce0000)
 End Bits:   [0x0000017f99ce0000, 0x0000017f9bce0000)

Polling page: 0x0000017f836f0000

Metaspace:

Usage:
  Non-class:     32.06 MB used.
      Class:      3.72 MB used.
       Both:     35.78 MB used.

Virtual space:
  Non-class space:       64.00 MB reserved,      32.69 MB ( 51%) committed,  1 nodes.
      Class space:        1.00 GB reserved,       4.19 MB ( <1%) committed,  1 nodes.
             Both:        1.06 GB reserved,      36.88 MB (  3%) committed. 

Chunk freelists:
   Non-Class:  14.66 MB
       Class:  11.63 MB
        Both:  26.29 MB

MaxMetaspaceSize: unlimited
CompressedClassSpaceSize: 1.00 GB
Initial GC threshold: 21.00 MB
Current GC threshold: 58.38 MB
CDS: on
 - commit_granule_bytes: 65536.
 - commit_granule_words: 8192.
 - virtual_space_node_default_size: 8388608.
 - enlarge_chunks_in_place: 1.
 - use_allocation_guard: 0.


Internal statistics:

num_allocs_failed_limit: 6.
num_arena_births: 892.
num_arena_deaths: 14.
num_vsnodes_births: 2.
num_vsnodes_deaths: 0.
num_space_committed: 590.
num_space_uncommitted: 0.
num_chunks_returned_to_freelist: 20.
num_chunks_taken_from_freelist: 2541.
num_chunk_merges: 7.
num_chunk_splits: 1556.
num_chunks_enlarged: 865.
num_inconsistent_stats: 0.

CodeHeap 'non-profiled nmethods': size=120000Kb used=2715Kb max_used=3045Kb free=117284Kb
 bounds [0x0000017f90500000, 0x0000017f90800000, 0x0000017f97a30000]
CodeHeap 'profiled nmethods': size=120000Kb used=10847Kb max_used=11869Kb free=109152Kb
 bounds [0x0000017f88a30000, 0x0000017f895d0000, 0x0000017f8ff60000]
CodeHeap 'non-nmethods': size=5760Kb used=1364Kb max_used=1421Kb free=4395Kb
 bounds [0x0000017f8ff60000, 0x0000017f901d0000, 0x0000017f90500000]
CodeCache: size=245760Kb, used=14926Kb, max_used=16335Kb, free=230831Kb
 total_blobs=5791, nmethods=5140, adapters=557, full_count=0
Compilation: enabled, stopped_count=0, restarted_count=0

Compilation events (20 events):
Event: 28.577 Thread 0x0000017fdeb1bdd0 5707       3       java.lang.Class::copyFields (36 bytes)
Event: 28.579 Thread 0x0000017fdeb1bdd0 nmethod 5707 0x0000017f89014d10 code [0x0000017f89014f60, 0x0000017f89015950]
Event: 28.579 Thread 0x0000017fdeb1bdd0 5708       3       com.google.inject.internal.DeclaredMembers$$Lambda/0x0000017f9e359068::apply (8 bytes)
Event: 28.580 Thread 0x0000017fdeb1bdd0 nmethod 5708 0x0000017f88e83510 code [0x0000017f88e836c0, 0x0000017f88e838e0]
Event: 28.580 Thread 0x0000017fdeb1bdd0 5709       3       com.google.inject.internal.DeclaredMembers$$Lambda/0x0000017f9e3592a8::apply (8 bytes)
Event: 28.580 Thread 0x0000017f857b51e0 nmethod 5682 0x0000017f9050f690 code [0x0000017f9050f8c0, 0x0000017f90510058]
Event: 28.580 Thread 0x0000017fdeb1bdd0 nmethod 5709 0x0000017f88e4ec10 code [0x0000017f88e4ede0, 0x0000017f88e4f0c8]
Event: 28.580 Thread 0x0000017f857b51e0 5563       4       java.io.ObjectInputStream::checkResolve (86 bytes)
Event: 28.597 Thread 0x0000017fdeb1bdd0 5710       1       java.util.stream.ReduceOps$Box::get (5 bytes)
Event: 28.597 Thread 0x0000017fdeb1bdd0 nmethod 5710 0x0000017f90541e90 code [0x0000017f90542020, 0x0000017f905420e8]
Event: 28.607 Thread 0x0000017fdeb1bdd0 5711   !   3       jdk.internal.reflect.GeneratedSerializationConstructorAccessor25::newInstance (49 bytes)
Event: 28.607 Thread 0x0000017fdeb1bdd0 nmethod 5711 0x0000017f8900bb90 code [0x0000017f8900bd80, 0x0000017f8900c118]
Event: 28.607 Thread 0x0000017fdeb1bdd0 5712       3       org.eclipse.m2e.jdt.internal.MavenClasspathContainerSaveHelper$PathReplace::getPath (8 bytes)
Event: 28.607 Thread 0x0000017fdeb1bdd0 nmethod 5712 0x0000017f89007f90 code [0x0000017f89008140, 0x0000017f890082d8]
Event: 28.611 Thread 0x0000017fdeb1bdd0 5716       3       org.eclipse.jdt.internal.core.ClasspathEntry::equalAttributes (55 bytes)
Event: 28.612 Thread 0x0000017fdeb1bdd0 nmethod 5716 0x0000017f88ba9a90 code [0x0000017f88ba9c80, 0x0000017f88baa0c8]
Event: 28.612 Thread 0x0000017fdeb1bdd0 5717       1       org.eclipse.core.internal.resources.BuildConfiguration::getProject (5 bytes)
Event: 28.612 Thread 0x0000017fdeb1bdd0 nmethod 5717 0x0000017f9053ab10 code [0x0000017f9053aca0, 0x0000017f9053ad68]
Event: 29.117 Thread 0x0000017fdeb1bdd0 5718       3       org.osgi.util.tracker.ServiceTracker::getService (33 bytes)
Event: 29.118 Thread 0x0000017fdeb1bdd0 nmethod 5718 0x0000017f88c0d290 code [0x0000017f88c0d480, 0x0000017f88c0db18]

GC Heap History (20 events):
Event: 18.787 GC heap before
{Heap before GC invocations=7 (full 0):
 PSYoungGen      total 29696K, used 22413K [0x00000000d5580000, 0x00000000d7980000, 0x0000000100000000)
  eden space 24576K, 71% used [0x00000000d5580000,0x00000000d669b7a0,0x00000000d6d80000)
  from space 5120K, 95% used [0x00000000d7480000,0x00000000d7947ee0,0x00000000d7980000)
  to   space 5632K, 0% used [0x00000000d6e80000,0x00000000d6e80000,0x00000000d7400000)
 ParOldGen       total 68608K, used 8625K [0x0000000080000000, 0x0000000084300000, 0x00000000d5580000)
  object space 68608K, 12% used [0x0000000080000000,0x000000008086c4d0,0x0000000084300000)
 Metaspace       used 20687K, committed 21504K, reserved 1114112K
  class space    used 2206K, committed 2560K, reserved 1048576K
}
Event: 18.797 GC heap after
{Heap after GC invocations=7 (full 0):
 PSYoungGen      total 28672K, used 3860K [0x00000000d5580000, 0x00000000d7680000, 0x0000000100000000)
  eden space 24576K, 0% used [0x00000000d5580000,0x00000000d5580000,0x00000000d6d80000)
  from space 4096K, 94% used [0x00000000d6e80000,0x00000000d7245108,0x00000000d7280000)
  to   space 4096K, 0% used [0x00000000d7280000,0x00000000d7280000,0x00000000d7680000)
 ParOldGen       total 68608K, used 10157K [0x0000000080000000, 0x0000000084300000, 0x00000000d5580000)
  object space 68608K, 14% used [0x0000000080000000,0x00000000809eb558,0x0000000084300000)
 Metaspace       used 20687K, committed 21504K, reserved 1114112K
  class space    used 2206K, committed 2560K, reserved 1048576K
}
Event: 18.797 GC heap before
{Heap before GC invocations=8 (full 1):
 PSYoungGen      total 28672K, used 3860K [0x00000000d5580000, 0x00000000d7680000, 0x0000000100000000)
  eden space 24576K, 0% used [0x00000000d5580000,0x00000000d5580000,0x00000000d6d80000)
  from space 4096K, 94% used [0x00000000d6e80000,0x00000000d7245108,0x00000000d7280000)
  to   space 4096K, 0% used [0x00000000d7280000,0x00000000d7280000,0x00000000d7680000)
 ParOldGen       total 68608K, used 10157K [0x0000000080000000, 0x0000000084300000, 0x00000000d5580000)
  object space 68608K, 14% used [0x0000000080000000,0x00000000809eb558,0x0000000084300000)
 Metaspace       used 20687K, committed 21504K, reserved 1114112K
  class space    used 2206K, committed 2560K, reserved 1048576K
}
Event: 18.856 GC heap after
{Heap after GC invocations=8 (full 1):
 PSYoungGen      total 28672K, used 0K [0x00000000d5580000, 0x00000000d7680000, 0x0000000100000000)
  eden space 24576K, 0% used [0x00000000d5580000,0x00000000d5580000,0x00000000d6d80000)
  from space 4096K, 0% used [0x00000000d6e80000,0x00000000d6e80000,0x00000000d7280000)
  to   space 4096K, 0% used [0x00000000d7280000,0x00000000d7280000,0x00000000d7680000)
 ParOldGen       total 68608K, used 13291K [0x0000000080000000, 0x0000000084300000, 0x00000000d5580000)
  object space 68608K, 19% used [0x0000000080000000,0x0000000080cfaee8,0x0000000084300000)
 Metaspace       used 20674K, committed 21504K, reserved 1114112K
  class space    used 2203K, committed 2560K, reserved 1048576K
}
Event: 19.461 GC heap before
{Heap before GC invocations=9 (full 1):
 PSYoungGen      total 28672K, used 24576K [0x00000000d5580000, 0x00000000d7680000, 0x0000000100000000)
  eden space 24576K, 100% used [0x00000000d5580000,0x00000000d6d80000,0x00000000d6d80000)
  from space 4096K, 0% used [0x00000000d6e80000,0x00000000d6e80000,0x00000000d7280000)
  to   space 4096K, 0% used [0x00000000d7280000,0x00000000d7280000,0x00000000d7680000)
 ParOldGen       total 68608K, used 13291K [0x0000000080000000, 0x0000000084300000, 0x00000000d5580000)
  object space 68608K, 19% used [0x0000000080000000,0x0000000080cfaee8,0x0000000084300000)
 Metaspace       used 22463K, committed 23424K, reserved 1114112K
  class space    used 2367K, committed 2752K, reserved 1048576K
}
Event: 19.464 GC heap after
{Heap after GC invocations=9 (full 1):
 PSYoungGen      total 26624K, used 2439K [0x00000000d5580000, 0x00000000d7500000, 0x0000000100000000)
  eden space 24064K, 0% used [0x00000000d5580000,0x00000000d5580000,0x00000000d6d00000)
  from space 2560K, 95% used [0x00000000d7280000,0x00000000d74e1cd0,0x00000000d7500000)
  to   space 3072K, 0% used [0x00000000d6f00000,0x00000000d6f00000,0x00000000d7200000)
 ParOldGen       total 68608K, used 13299K [0x0000000080000000, 0x0000000084300000, 0x00000000d5580000)
  object space 68608K, 19% used [0x0000000080000000,0x0000000080cfcee8,0x0000000084300000)
 Metaspace       used 22463K, committed 23424K, reserved 1114112K
  class space    used 2367K, committed 2752K, reserved 1048576K
}
Event: 20.194 GC heap before
{Heap before GC invocations=10 (full 1):
 PSYoungGen      total 26624K, used 26358K [0x00000000d5580000, 0x00000000d7500000, 0x0000000100000000)
  eden space 24064K, 99% used [0x00000000d5580000,0x00000000d6cdbe28,0x00000000d6d00000)
  from space 2560K, 95% used [0x00000000d7280000,0x00000000d74e1cd0,0x00000000d7500000)
  to   space 3072K, 0% used [0x00000000d6f00000,0x00000000d6f00000,0x00000000d7200000)
 ParOldGen       total 68608K, used 13606K [0x0000000080000000, 0x0000000084300000, 0x00000000d5580000)
  object space 68608K, 19% used [0x0000000080000000,0x0000000080d49ab8,0x0000000084300000)
 Metaspace       used 26024K, committed 27008K, reserved 1114112K
  class space    used 2629K, committed 3072K, reserved 1048576K
}
Event: 20.197 GC heap after
{Heap after GC invocations=10 (full 1):
 PSYoungGen      total 26624K, used 2286K [0x00000000d5580000, 0x00000000d7300000, 0x0000000100000000)
  eden space 24064K, 0% used [0x00000000d5580000,0x00000000d5580000,0x00000000d6d00000)
  from space 2560K, 89% used [0x00000000d6f00000,0x00000000d713b9d8,0x00000000d7180000)
  to   space 1536K, 0% used [0x00000000d7180000,0x00000000d7180000,0x00000000d7300000)
 ParOldGen       total 68608K, used 13614K [0x0000000080000000, 0x0000000084300000, 0x00000000d5580000)
  object space 68608K, 19% used [0x0000000080000000,0x0000000080d4bab8,0x0000000084300000)
 Metaspace       used 26024K, committed 27008K, reserved 1114112K
  class space    used 2629K, committed 3072K, reserved 1048576K
}
Event: 20.594 GC heap before
{Heap before GC invocations=11 (full 1):
 PSYoungGen      total 26624K, used 26350K [0x00000000d5580000, 0x00000000d7300000, 0x0000000100000000)
  eden space 24064K, 100% used [0x00000000d5580000,0x00000000d6d00000,0x00000000d6d00000)
  from space 2560K, 89% used [0x00000000d6f00000,0x00000000d713b9d8,0x00000000d7180000)
  to   space 1536K, 0% used [0x00000000d7180000,0x00000000d7180000,0x00000000d7300000)
 ParOldGen       total 68608K, used 13617K [0x0000000080000000, 0x0000000084300000, 0x00000000d5580000)
  object space 68608K, 19% used [0x0000000080000000,0x0000000080d4c5c0,0x0000000084300000)
 Metaspace       used 27669K, committed 28736K, reserved 1114112K
  class space    used 2734K, committed 3200K, reserved 1048576K
}
Event: 20.598 GC heap after
{Heap after GC invocations=11 (full 1):
 PSYoungGen      total 25088K, used 1531K [0x00000000d5580000, 0x00000000d7480000, 0x0000000100000000)
  eden space 23552K, 0% used [0x00000000d5580000,0x00000000d5580000,0x00000000d6c80000)
  from space 1536K, 99% used [0x00000000d7180000,0x00000000d72feda0,0x00000000d7300000)
  to   space 4096K, 0% used [0x00000000d6c80000,0x00000000d6c80000,0x00000000d7080000)
 ParOldGen       total 68608K, used 15668K [0x0000000080000000, 0x0000000084300000, 0x00000000d5580000)
  object space 68608K, 22% used [0x0000000080000000,0x0000000080f4d048,0x0000000084300000)
 Metaspace       used 27669K, committed 28736K, reserved 1114112K
  class space    used 2734K, committed 3200K, reserved 1048576K
}
Event: 22.477 GC heap before
{Heap before GC invocations=12 (full 1):
 PSYoungGen      total 25088K, used 25083K [0x00000000d5580000, 0x00000000d7480000, 0x0000000100000000)
  eden space 23552K, 100% used [0x00000000d5580000,0x00000000d6c80000,0x00000000d6c80000)
  from space 1536K, 99% used [0x00000000d7180000,0x00000000d72feda0,0x00000000d7300000)
  to   space 4096K, 0% used [0x00000000d6c80000,0x00000000d6c80000,0x00000000d7080000)
 ParOldGen       total 68608K, used 15668K [0x0000000080000000, 0x0000000084300000, 0x00000000d5580000)
  object space 68608K, 22% used [0x0000000080000000,0x0000000080f4d048,0x0000000084300000)
 Metaspace       used 29961K, committed 30976K, reserved 1114112K
  class space    used 3012K, committed 3456K, reserved 1048576K
}
Event: 22.482 GC heap after
{Heap after GC invocations=12 (full 1):
 PSYoungGen      total 24064K, used 672K [0x00000000d5580000, 0x00000000d7200000, 0x0000000100000000)
  eden space 23040K, 0% used [0x00000000d5580000,0x00000000d5580000,0x00000000d6c00000)
  from space 1024K, 65% used [0x00000000d6c80000,0x00000000d6d28000,0x00000000d6d80000)
  to   space 2048K, 0% used [0x00000000d7000000,0x00000000d7000000,0x00000000d7200000)
 ParOldGen       total 68608K, used 17131K [0x0000000080000000, 0x0000000084300000, 0x00000000d5580000)
  object space 68608K, 24% used [0x0000000080000000,0x00000000810bae60,0x0000000084300000)
 Metaspace       used 29961K, committed 30976K, reserved 1114112K
  class space    used 3012K, committed 3456K, reserved 1048576K
}
Event: 24.382 GC heap before
{Heap before GC invocations=13 (full 1):
 PSYoungGen      total 24064K, used 23712K [0x00000000d5580000, 0x00000000d7200000, 0x0000000100000000)
  eden space 23040K, 100% used [0x00000000d5580000,0x00000000d6c00000,0x00000000d6c00000)
  from space 1024K, 65% used [0x00000000d6c80000,0x00000000d6d28000,0x00000000d6d80000)
  to   space 2048K, 0% used [0x00000000d7000000,0x00000000d7000000,0x00000000d7200000)
 ParOldGen       total 68608K, used 17131K [0x0000000080000000, 0x0000000084300000, 0x00000000d5580000)
  object space 68608K, 24% used [0x0000000080000000,0x00000000810bae60,0x0000000084300000)
 Metaspace       used 31217K, committed 32256K, reserved 1114112K
  class space    used 3149K, committed 3584K, reserved 1048576K
}
Event: 24.386 GC heap after
{Heap after GC invocations=13 (full 1):
 PSYoungGen      total 24064K, used 1493K [0x00000000d5580000, 0x00000000d7180000, 0x0000000100000000)
  eden space 22528K, 0% used [0x00000000d5580000,0x00000000d5580000,0x00000000d6b80000)
  from space 1536K, 97% used [0x00000000d7000000,0x00000000d71756e0,0x00000000d7180000)
  to   space 2048K, 0% used [0x00000000d6d80000,0x00000000d6d80000,0x00000000d6f80000)
 ParOldGen       total 68608K, used 17611K [0x0000000080000000, 0x0000000084300000, 0x00000000d5580000)
  object space 68608K, 25% used [0x0000000080000000,0x0000000081132e60,0x0000000084300000)
 Metaspace       used 31217K, committed 32256K, reserved 1114112K
  class space    used 3149K, committed 3584K, reserved 1048576K
}
Event: 26.083 GC heap before
{Heap before GC invocations=14 (full 1):
 PSYoungGen      total 24064K, used 24021K [0x00000000d5580000, 0x00000000d7180000, 0x0000000100000000)
  eden space 22528K, 100% used [0x00000000d5580000,0x00000000d6b80000,0x00000000d6b80000)
  from space 1536K, 97% used [0x00000000d7000000,0x00000000d71756e0,0x00000000d7180000)
  to   space 2048K, 0% used [0x00000000d6d80000,0x00000000d6d80000,0x00000000d6f80000)
 ParOldGen       total 68608K, used 17611K [0x0000000080000000, 0x0000000084300000, 0x00000000d5580000)
  object space 68608K, 25% used [0x0000000080000000,0x0000000081132e60,0x0000000084300000)
 Metaspace       used 33411K, committed 34496K, reserved 1114112K
  class space    used 3391K, committed 3840K, reserved 1048576K
}
Event: 26.087 GC heap after
{Heap after GC invocations=14 (full 1):
 PSYoungGen      total 24064K, used 1547K [0x00000000d5580000, 0x00000000d7080000, 0x0000000100000000)
  eden space 22016K, 0% used [0x00000000d5580000,0x00000000d5580000,0x00000000d6b00000)
  from space 2048K, 75% used [0x00000000d6d80000,0x00000000d6f02dc8,0x00000000d6f80000)
  to   space 1024K, 0% used [0x00000000d6f80000,0x00000000d6f80000,0x00000000d7080000)
 ParOldGen       total 68608K, used 18714K [0x0000000080000000, 0x0000000084300000, 0x00000000d5580000)
  object space 68608K, 27% used [0x0000000080000000,0x0000000081246af8,0x0000000084300000)
 Metaspace       used 33411K, committed 34496K, reserved 1114112K
  class space    used 3391K, committed 3840K, reserved 1048576K
}
Event: 26.278 GC heap before
{Heap before GC invocations=15 (full 1):
 PSYoungGen      total 24064K, used 15782K [0x00000000d5580000, 0x00000000d7080000, 0x0000000100000000)
  eden space 22016K, 64% used [0x00000000d5580000,0x00000000d6366be8,0x00000000d6b00000)
  from space 2048K, 75% used [0x00000000d6d80000,0x00000000d6f02dc8,0x00000000d6f80000)
  to   space 1024K, 0% used [0x00000000d6f80000,0x00000000d6f80000,0x00000000d7080000)
 ParOldGen       total 68608K, used 18714K [0x0000000080000000, 0x0000000084300000, 0x00000000d5580000)
  object space 68608K, 27% used [0x0000000080000000,0x0000000081246af8,0x0000000084300000)
 Metaspace       used 34749K, committed 35840K, reserved 1114112K
  class space    used 3569K, committed 4032K, reserved 1048576K
}
Event: 26.280 GC heap after
{Heap after GC invocations=15 (full 1):
 PSYoungGen      total 23040K, used 672K [0x00000000d5580000, 0x00000000d7080000, 0x0000000100000000)
  eden space 22016K, 0% used [0x00000000d5580000,0x00000000d5580000,0x00000000d6b00000)
  from space 1024K, 65% used [0x00000000d6f80000,0x00000000d7028000,0x00000000d7080000)
  to   space 1024K, 0% used [0x00000000d6e80000,0x00000000d6e80000,0x00000000d6f80000)
 ParOldGen       total 68608K, used 19963K [0x0000000080000000, 0x0000000084300000, 0x00000000d5580000)
  object space 68608K, 29% used [0x0000000080000000,0x000000008137ed00,0x0000000084300000)
 Metaspace       used 34749K, committed 35840K, reserved 1114112K
  class space    used 3569K, committed 4032K, reserved 1048576K
}
Event: 26.280 GC heap before
{Heap before GC invocations=16 (full 2):
 PSYoungGen      total 23040K, used 672K [0x00000000d5580000, 0x00000000d7080000, 0x0000000100000000)
  eden space 22016K, 0% used [0x00000000d5580000,0x00000000d5580000,0x00000000d6b00000)
  from space 1024K, 65% used [0x00000000d6f80000,0x00000000d7028000,0x00000000d7080000)
  to   space 1024K, 0% used [0x00000000d6e80000,0x00000000d6e80000,0x00000000d6f80000)
 ParOldGen       total 68608K, used 19963K [0x0000000080000000, 0x0000000084300000, 0x00000000d5580000)
  object space 68608K, 29% used [0x0000000080000000,0x000000008137ed00,0x0000000084300000)
 Metaspace       used 34749K, committed 35840K, reserved 1114112K
  class space    used 3569K, committed 4032K, reserved 1048576K
}
Event: 26.333 GC heap after
{Heap after GC invocations=16 (full 2):
 PSYoungGen      total 23040K, used 0K [0x00000000d5580000, 0x00000000d7080000, 0x0000000100000000)
  eden space 22016K, 0% used [0x00000000d5580000,0x00000000d5580000,0x00000000d6b00000)
  from space 1024K, 0% used [0x00000000d6f80000,0x00000000d6f80000,0x00000000d7080000)
  to   space 1024K, 0% used [0x00000000d6e80000,0x00000000d6e80000,0x00000000d6f80000)
 ParOldGen       total 68608K, used 19360K [0x0000000080000000, 0x0000000084300000, 0x00000000d5580000)
  object space 68608K, 28% used [0x0000000080000000,0x00000000812e8238,0x0000000084300000)
 Metaspace       used 34749K, committed 35840K, reserved 1114112K
  class space    used 3569K, committed 4032K, reserved 1048576K
}

Dll operation events (10 events):
Event: 1.096 Loaded shared library c:\Users\ALCH12230104\.vscode\extensions\redhat.java-1.50.0-win32-x64\jre\21.0.9-win32-x86_64\bin\java.dll
Event: 1.452 Loaded shared library c:\Users\ALCH12230104\.vscode\extensions\redhat.java-1.50.0-win32-x64\jre\21.0.9-win32-x86_64\bin\zip.dll
Event: 2.388 Loaded shared library C:\Users\ALCH12230104\.vscode\extensions\redhat.java-1.50.0-win32-x64\jre\21.0.9-win32-x86_64\bin\instrument.dll
Event: 2.517 Loaded shared library C:\Users\ALCH12230104\.vscode\extensions\redhat.java-1.50.0-win32-x64\jre\21.0.9-win32-x86_64\bin\net.dll
Event: 2.597 Loaded shared library C:\Users\ALCH12230104\.vscode\extensions\redhat.java-1.50.0-win32-x64\jre\21.0.9-win32-x86_64\bin\nio.dll
Event: 2.614 Loaded shared library C:\Users\ALCH12230104\.vscode\extensions\redhat.java-1.50.0-win32-x64\jre\21.0.9-win32-x86_64\bin\zip.dll
Event: 2.745 Loaded shared library C:\Users\ALCH12230104\.vscode\extensions\redhat.java-1.50.0-win32-x64\jre\21.0.9-win32-x86_64\bin\jimage.dll
Event: 3.245 Loaded shared library c:\Users\ALCH12230104\.vscode\extensions\redhat.java-1.50.0-win32-x64\jre\21.0.9-win32-x86_64\bin\verify.dll
Event: 13.513 Loaded shared library C:\Users\ALCH12230104\AppData\Roaming\Code\User\globalStorage\redhat.java\1.50.0\config_win\org.eclipse.equinox.launcher\org.eclipse.equinox.launcher.win32.win32.x86_64_1.2.1400.v20250801-0854\eclipse_11916.dll
Event: 17.351 Loaded shared library C:\Users\ALCH12230104\AppData\Local\Temp\jna-1505794231\jna12216699096384180422.dll

Deoptimization events (20 events):
Event: 27.431 Thread 0x0000017fe365b210 Uncommon trap: trap_request=0xffffffde fr.pc=0x0000017f906c579c relative=0x00000000000000dc
Event: 27.431 Thread 0x0000017fe365b210 Uncommon trap: reason=class_check action=maybe_recompile pc=0x0000017f906c579c method=java.io.ObjectInputStream$PeekInputStream.read()I @ 23 c2
Event: 27.431 Thread 0x0000017fe365b210 DEOPT PACKING pc=0x0000017f906c579c sp=0x00000053604fe0e0
Event: 27.431 Thread 0x0000017fe365b210 DEOPT UNPACKING pc=0x0000017f8ffb6da2 sp=0x00000053604fe010 mode 2
Event: 27.431 Thread 0x0000017fe365b210 Uncommon trap: trap_request=0xffffffde fr.pc=0x0000017f906c3df4 relative=0x00000000000003d4
Event: 27.431 Thread 0x0000017fe365b210 Uncommon trap: reason=class_check action=maybe_recompile pc=0x0000017f906c3df4 method=java.io.ObjectInputStream$PeekInputStream.peek()I @ 17 c2
Event: 27.431 Thread 0x0000017fe365b210 DEOPT PACKING pc=0x0000017f906c3df4 sp=0x00000053604fdff0
Event: 27.431 Thread 0x0000017fe365b210 DEOPT UNPACKING pc=0x0000017f8ffb6da2 sp=0x00000053604fdfa0 mode 2
Event: 27.431 Thread 0x0000017fe365b210 Uncommon trap: trap_request=0xffffffde fr.pc=0x0000017f906c6cc4 relative=0x0000000000000404
Event: 27.431 Thread 0x0000017fe365b210 Uncommon trap: reason=class_check action=maybe_recompile pc=0x0000017f906c6cc4 method=java.io.ObjectInputStream$PeekInputStream.peek()I @ 17 c2
Event: 27.431 Thread 0x0000017fe365b210 DEOPT PACKING pc=0x0000017f906c6cc4 sp=0x00000053604fe100
Event: 27.431 Thread 0x0000017fe365b210 DEOPT UNPACKING pc=0x0000017f8ffb6da2 sp=0x00000053604fe060 mode 2
Event: 27.432 Thread 0x0000017fe365b210 Uncommon trap: trap_request=0xffffffde fr.pc=0x0000017f906c3df4 relative=0x00000000000003d4
Event: 27.432 Thread 0x0000017fe365b210 Uncommon trap: reason=class_check action=maybe_recompile pc=0x0000017f906c3df4 method=java.io.ObjectInputStream$PeekInputStream.peek()I @ 17 c2
Event: 27.432 Thread 0x0000017fe365b210 DEOPT PACKING pc=0x0000017f906c3df4 sp=0x00000053604fdb60
Event: 27.432 Thread 0x0000017fe365b210 DEOPT UNPACKING pc=0x0000017f8ffb6da2 sp=0x00000053604fdb10 mode 2
Event: 27.432 Thread 0x0000017fe365b210 Uncommon trap: trap_request=0xffffffde fr.pc=0x0000017f906d14d4 relative=0x0000000000000414
Event: 27.432 Thread 0x0000017fe365b210 Uncommon trap: reason=class_check action=maybe_recompile pc=0x0000017f906d14d4 method=java.io.ObjectInputStream$PeekInputStream.peek()I @ 17 c2
Event: 27.432 Thread 0x0000017fe365b210 DEOPT PACKING pc=0x0000017f906d14d4 sp=0x00000053604fdd20
Event: 27.432 Thread 0x0000017fe365b210 DEOPT UNPACKING pc=0x0000017f8ffb6da2 sp=0x00000053604fdc20 mode 2

Classes loaded (20 events):
Event: 26.352 Loading class javax/xml/transform/stax/StAXSource
Event: 26.352 Loading class javax/xml/transform/stax/StAXSource done
Event: 26.352 Loading class com/sun/org/apache/xalan/internal/xsltc/trax/DOM2TO
Event: 26.352 Loading class com/sun/org/apache/xalan/internal/xsltc/trax/DOM2TO done
Event: 26.374 Loading class com/sun/org/apache/xml/internal/serializer/WriterToUTF8Buffered
Event: 26.374 Loading class com/sun/org/apache/xml/internal/serializer/WriterChain
Event: 26.375 Loading class com/sun/org/apache/xml/internal/serializer/WriterChain done
Event: 26.375 Loading class com/sun/org/apache/xml/internal/serializer/WriterToUTF8Buffered done
Event: 26.375 Loading class com/sun/org/apache/xml/internal/serializer/WriterToASCI
Event: 26.375 Loading class com/sun/org/apache/xml/internal/serializer/WriterToASCI done
Event: 28.535 Loading class sun/reflect/generics/tree/BottomSignature
Event: 28.536 Loading class sun/reflect/generics/tree/BottomSignature done
Event: 28.536 Loading class sun/reflect/generics/tree/Wildcard
Event: 28.536 Loading class sun/reflect/generics/tree/Wildcard done
Event: 28.536 Loading class sun/reflect/generics/reflectiveObjects/WildcardTypeImpl
Event: 28.536 Loading class sun/reflect/generics/reflectiveObjects/WildcardTypeImpl done
Event: 28.537 Loading class sun/reflect/annotation/AnnotatedTypeFactory$AnnotatedParameterizedTypeImpl
Event: 28.537 Loading class java/lang/reflect/AnnotatedParameterizedType
Event: 28.538 Loading class java/lang/reflect/AnnotatedParameterizedType done
Event: 28.538 Loading class sun/reflect/annotation/AnnotatedTypeFactory$AnnotatedParameterizedTypeImpl done

Classes unloaded (7 events):
Event: 18.806 Thread 0x0000017f858d6a80 Unloading class 0x0000017f9e1aa800 'java/lang/invoke/LambdaForm$MH+0x0000017f9e1aa800'
Event: 18.806 Thread 0x0000017f858d6a80 Unloading class 0x0000017f9e1aa400 'java/lang/invoke/LambdaForm$MH+0x0000017f9e1aa400'
Event: 18.806 Thread 0x0000017f858d6a80 Unloading class 0x0000017f9e1aa000 'java/lang/invoke/LambdaForm$MH+0x0000017f9e1aa000'
Event: 18.806 Thread 0x0000017f858d6a80 Unloading class 0x0000017f9e1a9c00 'java/lang/invoke/LambdaForm$MH+0x0000017f9e1a9c00'
Event: 18.806 Thread 0x0000017f858d6a80 Unloading class 0x0000017f9e1a9800 'java/lang/invoke/LambdaForm$BMH+0x0000017f9e1a9800'
Event: 18.806 Thread 0x0000017f858d6a80 Unloading class 0x0000017f9e1a9400 'java/lang/invoke/LambdaForm$DMH+0x0000017f9e1a9400'
Event: 18.806 Thread 0x0000017f858d6a80 Unloading class 0x0000017f9e1a8400 'java/lang/invoke/LambdaForm$DMH+0x0000017f9e1a8400'

Classes redefined (0 events):
No events

Internal exceptions (20 events):
Event: 27.459 Thread 0x0000017fe3b64740 Exception <a 'sun/nio/fs/WindowsException'{0x00000000d610b8e0}> (0x00000000d610b8e0) 
thrown [s\src\hotspot\share\prims\jni.cpp, line 520]
Event: 27.460 Thread 0x0000017fe3b64740 Exception <a 'sun/nio/fs/WindowsException'{0x00000000d610dce8}> (0x00000000d610dce8) 
thrown [s\src\hotspot\share\prims\jni.cpp, line 520]
Event: 27.460 Thread 0x0000017fe3b64740 Exception <a 'sun/nio/fs/WindowsException'{0x00000000d610e318}> (0x00000000d610e318) 
thrown [s\src\hotspot\share\prims\jni.cpp, line 520]
Event: 27.474 Thread 0x0000017fe3b64740 Exception <a 'sun/nio/fs/WindowsException'{0x00000000d61894c0}> (0x00000000d61894c0) 
thrown [s\src\hotspot\share\prims\jni.cpp, line 520]
Event: 27.474 Thread 0x0000017fe3b64740 Exception <a 'sun/nio/fs/WindowsException'{0x00000000d6189d60}> (0x00000000d6189d60) 
thrown [s\src\hotspot\share\prims\jni.cpp, line 520]
Event: 27.477 Thread 0x0000017fe3b64740 Exception <a 'sun/nio/fs/WindowsException'{0x00000000d618ae68}> (0x00000000d618ae68) 
thrown [s\src\hotspot\share\prims\jni.cpp, line 520]
Event: 27.477 Thread 0x0000017fe3b64740 Exception <a 'sun/nio/fs/WindowsException'{0x00000000d618b498}> (0x00000000d618b498) 
thrown [s\src\hotspot\share\prims\jni.cpp, line 520]
Event: 27.479 Thread 0x0000017fe3b64740 Exception <a 'sun/nio/fs/WindowsException'{0x00000000d618ca70}> (0x00000000d618ca70) 
thrown [s\src\hotspot\share\prims\jni.cpp, line 520]
Event: 27.479 Thread 0x0000017fe3b64740 Exception <a 'sun/nio/fs/WindowsException'{0x00000000d618d350}> (0x00000000d618d350) 
thrown [s\src\hotspot\share\prims\jni.cpp, line 520]
Event: 27.483 Thread 0x0000017fe3b64740 Exception <a 'sun/nio/fs/WindowsException'{0x00000000d61bdbc0}> (0x00000000d61bdbc0) 
thrown [s\src\hotspot\share\prims\jni.cpp, line 520]
Event: 27.483 Thread 0x0000017fe3b64740 Exception <a 'sun/nio/fs/WindowsException'{0x00000000d61be1f0}> (0x00000000d61be1f0) 
thrown [s\src\hotspot\share\prims\jni.cpp, line 520]
Event: 28.524 Thread 0x0000017fe365b210 Exception <a 'java/io/FileNotFoundException'{0x00000000d62745a8}> (0x00000000d62745a8) 
thrown [s\src\hotspot\share\prims\jni.cpp, line 520]
Event: 28.534 Thread 0x0000017fe3b64740 Exception <a 'sun/nio/fs/WindowsException'{0x00000000d63a1bc8}> (0x00000000d63a1bc8) 
thrown [s\src\hotspot\share\prims\jni.cpp, line 520]
Event: 28.534 Thread 0x0000017fe3b64740 Exception <a 'sun/nio/fs/WindowsException'{0x00000000d63a2468}> (0x00000000d63a2468) 
thrown [s\src\hotspot\share\prims\jni.cpp, line 520]
Event: 28.535 Thread 0x0000017fe3b64740 Exception <a 'sun/nio/fs/WindowsException'{0x00000000d642d5d8}> (0x00000000d642d5d8) 
thrown [s\src\hotspot\share\prims\jni.cpp, line 520]
Event: 28.536 Thread 0x0000017fe3b64740 Exception <a 'sun/nio/fs/WindowsException'{0x00000000d642dc08}> (0x00000000d642dc08) 
thrown [s\src\hotspot\share\prims\jni.cpp, line 520]
Event: 28.539 Thread 0x0000017fe3b64740 Exception <a 'sun/nio/fs/WindowsException'{0x00000000d642f1e0}> (0x00000000d642f1e0) 
thrown [s\src\hotspot\share\prims\jni.cpp, line 520]
Event: 28.539 Thread 0x0000017fe3b64740 Exception <a 'sun/nio/fs/WindowsException'{0x00000000d642fac0}> (0x00000000d642fac0) 
thrown [s\src\hotspot\share\prims\jni.cpp, line 520]
Event: 28.543 Thread 0x0000017fe3b64740 Exception <a 'sun/nio/fs/WindowsException'{0x00000000d6431ec8}> (0x00000000d6431ec8) 
thrown [s\src\hotspot\share\prims\jni.cpp, line 520]
Event: 28.546 Thread 0x0000017fe3b64740 Exception <a 'sun/nio/fs/WindowsException'{0x00000000d64324f8}> (0x00000000d64324f8) 
thrown [s\src\hotspot\share\prims\jni.cpp, line 520]

ZGC Phase Switch (0 events):
No events

VM Operations (20 events):
Event: 24.386 Executing VM operation: ParallelGCFailedAllocation (Allocation Failure) done
Event: 24.455 Executing VM operation: HandshakeAllThreads (Deoptimize)
Event: 24.460 Executing VM operation: HandshakeAllThreads (Deoptimize) done
Event: 24.516 Executing VM operation: HandshakeAllThreads (Deoptimize)
Event: 24.516 Executing VM operation: HandshakeAllThreads (Deoptimize) done
Event: 24.883 Executing VM operation: HandshakeAllThreads (Deoptimize)
Event: 24.928 Executing VM operation: HandshakeAllThreads (Deoptimize) done
Event: 25.943 Executing VM operation: Cleanup
Event: 26.021 Executing VM operation: Cleanup done
Event: 26.059 Executing VM operation: ParallelGCFailedAllocation (Allocation Failure)
Event: 26.087 Executing VM operation: ParallelGCFailedAllocation (Allocation Failure) done
Event: 26.206 Executing VM operation: HandshakeAllThreads (Deoptimize)
Event: 26.207 Executing VM operation: HandshakeAllThreads (Deoptimize) done
Event: 26.278 Executing VM operation: CollectForMetadataAllocation (Metadata GC Threshold)
Event: 26.333 Executing VM operation: CollectForMetadataAllocation (Metadata GC Threshold) done
Event: 27.333 Executing VM operation: Cleanup
Event: 27.430 Executing VM operation: Cleanup done
Event: 28.431 Executing VM operation: Cleanup
Event: 28.509 Executing VM operation: Cleanup done
Event: 29.522 Executing VM operation: Cleanup

Memory protections (0 events):
No events

Nmethod flushes (20 events):
Event: 26.305 Thread 0x0000017f858d6a80 flushing  nmethod 0x0000017f890a8190
Event: 26.305 Thread 0x0000017f858d6a80 flushing  nmethod 0x0000017f890a9390
Event: 26.305 Thread 0x0000017f858d6a80 flushing  nmethod 0x0000017f890aa110
Event: 26.305 Thread 0x0000017f858d6a80 flushing  nmethod 0x0000017f890aa890
Event: 26.305 Thread 0x0000017f858d6a80 flushing  nmethod 0x0000017f890abe10
Event: 26.305 Thread 0x0000017f858d6a80 flushing  nmethod 0x0000017f890ac310
Event: 26.305 Thread 0x0000017f858d6a80 flushing  nmethod 0x0000017f890ad790
Event: 26.305 Thread 0x0000017f858d6a80 flushing  nmethod 0x0000017f890ae890
Event: 26.305 Thread 0x0000017f858d6a80 flushing  nmethod 0x0000017f890af590
Event: 26.305 Thread 0x0000017f858d6a80 flushing  nmethod 0x0000017f890b1710
Event: 26.305 Thread 0x0000017f858d6a80 flushing  nmethod 0x0000017f890e4490
Event: 26.305 Thread 0x0000017f858d6a80 flushing  nmethod 0x0000017f890e6890
Event: 26.305 Thread 0x0000017f858d6a80 flushing  nmethod 0x0000017f890ec010
Event: 26.305 Thread 0x0000017f858d6a80 flushing  nmethod 0x0000017f890f7210
Event: 26.305 Thread 0x0000017f858d6a80 flushing  nmethod 0x0000017f89101c10
Event: 26.305 Thread 0x0000017f858d6a80 flushing  nmethod 0x0000017f89154d90
Event: 26.305 Thread 0x0000017f858d6a80 flushing  nmethod 0x0000017f8917bd90
Event: 26.305 Thread 0x0000017f858d6a80 flushing  nmethod 0x0000017f891a7390
Event: 26.305 Thread 0x0000017f858d6a80 flushing  nmethod 0x0000017f891a7810
Event: 26.305 Thread 0x0000017f858d6a80 flushing  nmethod 0x0000017f891be210

Events (20 events):
Event: 13.617 Thread 0x0000017fdeb14bf0 Thread added: 0x0000017fe365a7e0
Event: 13.682 Thread 0x0000017f85836f20 Thread added: 0x0000017fe365b210
Event: 14.781 Thread 0x0000017fe365b210 Thread added: 0x0000017fdec2fed0
Event: 15.804 Thread 0x0000017fe365b210 Thread added: 0x0000017fe3bb6930
Event: 16.053 Thread 0x0000017f857b51e0 Thread added: 0x0000017fe3c314a0
Event: 16.431 Thread 0x0000017fe365b210 Thread added: 0x0000017fe3e9a600
Event: 16.599 Thread 0x0000017fe3c314a0 Thread exited: 0x0000017fe3c314a0
Event: 16.905 Thread 0x0000017fdeb1bdd0 Thread added: 0x0000017fe3e7b9c0
Event: 17.113 Thread 0x0000017fe3e7b9c0 Thread exited: 0x0000017fe3e7b9c0
Event: 17.406 Thread 0x0000017fe365b210 Thread added: 0x0000017fe31b04e0
Event: 17.548 Thread 0x0000017fe365b210 Thread added: 0x0000017fe3b640b0
Event: 17.606 Thread 0x0000017fe365b210 Thread added: 0x0000017fe3b64740
Event: 17.625 Thread 0x0000017fdeb1bdd0 Thread added: 0x0000017fe3e79a60
Event: 17.816 Thread 0x0000017fe3b64740 Thread added: 0x0000017fe3b64dd0
Event: 21.988 Thread 0x0000017fe3b64dd0 Thread added: 0x0000017fe41266a0
Event: 23.557 Thread 0x0000017fe3e79a60 Thread exited: 0x0000017fe3e79a60
Event: 24.329 Thread 0x0000017fe365b210 Thread added: 0x0000017fe4126d30
Event: 24.388 Thread 0x0000017fdeb1bdd0 Thread added: 0x0000017fe5021f10
Event: 26.243 Thread 0x0000017fe41266a0 Thread added: 0x0000017fe41238b0
Event: 28.506 Thread 0x0000017fe41238b0 Thread added: 0x0000017fe41245d0


Dynamic libraries:
0x00007ff68bc10000 - 0x00007ff68bc1e000 	c:\Users\ALCH12230104\.vscode\extensions\redhat.java-1.50.0-win32-x64\jre\21.0.9-win32-x86_64\bin\java.exe
0x00007ffe38080000 - 0x00007ffe382e7000 	C:\WINDOWS\SYSTEM32\ntdll.dll
0x00007ffe367f0000 - 0x00007ffe368b9000 	C:\WINDOWS\System32\KERNEL32.DLL
0x00007ffe35820000 - 0x00007ffe35c0f000 	C:\WINDOWS\System32\KERNELBASE.dll
0x00007ffe354f0000 - 0x00007ffe3563b000 	C:\WINDOWS\System32\ucrtbase.dll
0x00007ffde7e90000 - 0x00007ffde7eae000 	c:\Users\ALCH12230104\.vscode\extensions\redhat.java-1.50.0-win32-x64\jre\21.0.9-win32-x86_64\bin\VCRUNTIME140.dll
0x00007ffded230000 - 0x00007ffded248000 	c:\Users\ALCH12230104\.vscode\extensions\redhat.java-1.50.0-win32-x64\jre\21.0.9-win32-x86_64\bin\jli.dll
0x00007ffe37670000 - 0x00007ffe37835000 	C:\WINDOWS\System32\USER32.dll
0x00007ffe35350000 - 0x00007ffe35377000 	C:\WINDOWS\System32\win32u.dll
0x00007ffe35f70000 - 0x00007ffe35f9b000 	C:\WINDOWS\System32\GDI32.dll
0x00007ffe356f0000 - 0x00007ffe3581c000 	C:\WINDOWS\System32\gdi32full.dll
0x00007ffe35cb0000 - 0x00007ffe35d53000 	C:\WINDOWS\System32\msvcp_win.dll
0x00007ffe14dd0000 - 0x00007ffe15063000 	C:\WINDOWS\WinSxS\amd64_microsoft.windows.common-controls_6595b64144ccf1df_6.0.26100.7309_none_3e05feeae336a044\COMCTL32.dll
0x00007ffe37f90000 - 0x00007ffe38039000 	C:\WINDOWS\System32\msvcrt.dll
0x00007ffe37f50000 - 0x00007ffe37f81000 	C:\WINDOWS\System32\IMM32.DLL
0x00007ffe2c9d0000 - 0x00007ffe2c9dc000 	c:\Users\ALCH12230104\.vscode\extensions\redhat.java-1.50.0-win32-x64\jre\21.0.9-win32-x86_64\bin\vcruntime140_1.dll
0x00007ffdcd4d0000 - 0x00007ffdcd55d000 	c:\Users\ALCH12230104\.vscode\extensions\redhat.java-1.50.0-win32-x64\jre\21.0.9-win32-x86_64\bin\msvcp140.dll
0x00007ffd954c0000 - 0x00007ffd96260000 	c:\Users\ALCH12230104\.vscode\extensions\redhat.java-1.50.0-win32-x64\jre\21.0.9-win32-x86_64\bin\server\jvm.dll
0x00007ffe35eb0000 - 0x00007ffe35f64000 	C:\WINDOWS\System32\ADVAPI32.dll
0x00007ffe36050000 - 0x00007ffe360f6000 	C:\WINDOWS\System32\sechost.dll
0x00007ffe37840000 - 0x00007ffe37958000 	C:\WINDOWS\System32\RPCRT4.dll
0x00007ffe35fa0000 - 0x00007ffe36014000 	C:\WINDOWS\System32\WS2_32.dll
0x00007ffe35030000 - 0x00007ffe3508e000 	C:\WINDOWS\SYSTEM32\POWRPROF.dll
0x00007ffe24850000 - 0x00007ffe24885000 	C:\WINDOWS\SYSTEM32\WINMM.dll
0x00007ffe29720000 - 0x00007ffe2972b000 	C:\WINDOWS\SYSTEM32\VERSION.dll
0x00007ffe35010000 - 0x00007ffe35024000 	C:\WINDOWS\SYSTEM32\UMPDC.dll
0x00007ffe33f80000 - 0x00007ffe33f9b000 	C:\WINDOWS\SYSTEM32\kernel.appcore.dll
0x00007ffe2c910000 - 0x00007ffe2c91a000 	c:\Users\ALCH12230104\.vscode\extensions\redhat.java-1.50.0-win32-x64\jre\21.0.9-win32-x86_64\bin\jimage.dll
0x00007ffe32590000 - 0x00007ffe327d2000 	C:\WINDOWS\SYSTEM32\DBGHELP.DLL
0x00007ffe36200000 - 0x00007ffe36585000 	C:\WINDOWS\System32\combase.dll
0x00007ffe368c0000 - 0x00007ffe36996000 	C:\WINDOWS\System32\OLEAUT32.dll
0x00007ffdfa210000 - 0x00007ffdfa24c000 	C:\WINDOWS\SYSTEM32\dbgcore.DLL
0x00007ffe35640000 - 0x00007ffe356e5000 	C:\WINDOWS\System32\bcryptPrimitives.dll
0x00007ffe2e5e0000 - 0x00007ffe2e5ef000 	c:\Users\ALCH12230104\.vscode\extensions\redhat.java-1.50.0-win32-x64\jre\21.0.9-win32-x86_64\bin\instrument.dll
0x00007ffe024f0000 - 0x00007ffe02510000 	c:\Users\ALCH12230104\.vscode\extensions\redhat.java-1.50.0-win32-x64\jre\21.0.9-win32-x86_64\bin\java.dll
0x00007ffe36f10000 - 0x00007ffe37663000 	C:\WINDOWS\System32\SHELL32.dll
0x00007ffe35380000 - 0x00007ffe354ea000 	C:\WINDOWS\System32\wintypes.dll
0x00007ffe32bf0000 - 0x00007ffe3344e000 	C:\WINDOWS\SYSTEM32\windows.storage.dll
0x00007ffe379f0000 - 0x00007ffe37ae5000 	C:\WINDOWS\System32\SHCORE.dll
0x00007ffe37970000 - 0x00007ffe379d6000 	C:\WINDOWS\System32\shlwapi.dll
0x00007ffe350f0000 - 0x00007ffe35119000 	C:\WINDOWS\SYSTEM32\profapi.dll
0x00007ffe01f30000 - 0x00007ffe01f48000 	c:\Users\ALCH12230104\.vscode\extensions\redhat.java-1.50.0-win32-x64\jre\21.0.9-win32-x86_64\bin\zip.dll
0x00007ffe2c710000 - 0x00007ffe2c720000 	C:\Users\ALCH12230104\.vscode\extensions\redhat.java-1.50.0-win32-x64\jre\21.0.9-win32-x86_64\bin\net.dll
0x00007ffe2c000000 - 0x00007ffe2c128000 	C:\WINDOWS\SYSTEM32\WINHTTP.dll
0x00007ffe344f0000 - 0x00007ffe3455b000 	C:\WINDOWS\system32\mswsock.dll
0x00007ffdeb890000 - 0x00007ffdeb8a6000 	C:\Users\ALCH12230104\.vscode\extensions\redhat.java-1.50.0-win32-x64\jre\21.0.9-win32-x86_64\bin\nio.dll
0x00007ffe2b6e0000 - 0x00007ffe2b6f0000 	c:\Users\ALCH12230104\.vscode\extensions\redhat.java-1.50.0-win32-x64\jre\21.0.9-win32-x86_64\bin\verify.dll
0x00007ffdcaba0000 - 0x00007ffdcabe4000 	C:\Users\ALCH12230104\AppData\Roaming\Code\User\globalStorage\redhat.java\1.50.0\config_win\org.eclipse.equinox.launcher\org.eclipse.equinox.launcher.win32.win32.x86_64_1.2.1400.v20250801-0854\eclipse_11916.dll
0x00007ffe37af0000 - 0x00007ffe37c87000 	C:\WINDOWS\System32\ole32.dll
0x00007ffe347b0000 - 0x00007ffe347cb000 	C:\WINDOWS\SYSTEM32\CRYPTSP.dll
0x00007ffe33ee0000 - 0x00007ffe33f1a000 	C:\WINDOWS\system32\rsaenh.dll
0x00007ffe345a0000 - 0x00007ffe345cb000 	C:\WINDOWS\SYSTEM32\USERENV.dll
0x00007ffe350c0000 - 0x00007ffe350ea000 	C:\WINDOWS\SYSTEM32\bcrypt.dll
0x00007ffe347d0000 - 0x00007ffe347dc000 	C:\WINDOWS\SYSTEM32\CRYPTBASE.dll
0x00007ffe33790000 - 0x00007ffe337c4000 	C:\WINDOWS\SYSTEM32\IPHLPAPI.DLL
0x00007ffe369f0000 - 0x00007ffe369fa000 	C:\WINDOWS\System32\NSI.dll
0x00007ffdb3b10000 - 0x00007ffdb3b59000 	C:\Users\ALCH12230104\AppData\Local\Temp\jna-1505794231\jna12216699096384180422.dll
0x00007ffe35e20000 - 0x00007ffe35e28000 	C:\WINDOWS\System32\PSAPI.DLL

JVMTI agents:
c:\Users\ALCH12230104\.vscode\extensions\redhat.java-1.50.0-win32-x64\lombok\lombok-1.18.39-4050.jar path:c:\Users\ALCH12230104\.vscode\extensions\redhat.java-1.50.0-win32-x64\jre\21.0.9-win32-x86_64\bin\instrument.dll, loaded, initialized, instrumentlib options:none

dbghelp: loaded successfully - version: 4.0.5 - missing functions: none
symbol engine: initialized successfully - sym options: 0x614 - pdb path: .;c:\Users\ALCH12230104\.vscode\extensions\redhat.java-1.50.0-win32-x64\jre\21.0.9-win32-x86_64\bin;C:\WINDOWS\SYSTEM32;C:\WINDOWS\WinSxS\amd64_microsoft.windows.common-controls_6595b64144ccf1df_6.0.26100.7309_none_3e05feeae336a044;c:\Users\ALCH12230104\.vscode\extensions\redhat.java-1.50.0-win32-x64\jre\21.0.9-win32-x86_64\bin\server;C:\Users\ALCH12230104\AppData\Roaming\Code\User\globalStorage\redhat.java\1.50.0\config_win\org.eclipse.equinox.launcher\org.eclipse.equinox.launcher.win32.win32.x86_64_1.2.1400.v20250801-0854;C:\Users\ALCH12230104\AppData\Local\Temp\jna-1505794231

VM Arguments:
jvm_args: --add-modules=ALL-SYSTEM --add-opens=java.base/java.util=ALL-UNNAMED --add-opens=java.base/java.lang=ALL-UNNAMED --add-opens=java.base/sun.nio.fs=ALL-UNNAMED -Declipse.application=org.eclipse.jdt.ls.core.id1 -Dosgi.bundles.defaultStartLevel=4 -Declipse.product=org.eclipse.jdt.ls.core.product -Djava.import.generatesMetadataFilesAtProjectRoot=false -DDetectVMInstallationsJob.disabled=true -Dfile.encoding=utf8 -XX:+UseParallelGC -XX:GCTimeRatio=4 -XX:AdaptiveSizePolicyWeight=90 -Dsun.zip.disableMemoryMapping=true -Xmx2G -Xms100m -Xlog:disable -javaagent:c:\Users\ALCH12230104\.vscode\extensions\redhat.java-1.50.0-win32-x64\lombok\lombok-1.18.39-4050.jar -XX:+HeapDumpOnOutOfMemoryError -XX:HeapDumpPath=c:\Users\ALCH12230104\AppData\Roaming\Code\User\workspaceStorage\f8ba31ec525c401371b340e4043796e8\redhat.java -Daether.dependencyCollector.impl=bf 
java_command: c:\Users\ALCH12230104\.vscode\extensions\redhat.java-1.50.0-win32-x64\server\plugins\org.eclipse.equinox.launcher_1.7.100.v20251111-0406.jar -configuration c:\Users\ALCH12230104\AppData\Roaming\Code\User\globalStorage\redhat.java\1.50.0\config_win -data c:\Users\ALCH12230104\AppData\Roaming\Code\User\workspaceStorage\f8ba31ec525c401371b340e4043796e8\redhat.java\jdt_ws --pipe=\\.\pipe\lsp-514cfabe7e30f938d1869778720e0425-sock
java_class_path (initial): c:\Users\ALCH12230104\.vscode\extensions\redhat.java-1.50.0-win32-x64\server\plugins\org.eclipse.equinox.launcher_1.7.100.v20251111-0406.jar
Launcher Type: SUN_STANDARD

[Global flags]
    uintx AdaptiveSizePolicyWeight                 = 90                                        {product} {command line}
     intx CICompilerCount                          = 4                                         {product} {ergonomic}
    uintx GCTimeRatio                              = 4                                         {product} {command line}
     bool HeapDumpOnOutOfMemoryError               = true                                   {manageable} {command line}
    ccstr HeapDumpPath                             = c:\Users\ALCH12230104\AppData\Roaming\Code\User\workspaceStorage\f8ba31ec525c401371b340e4043796e8\redhat.java         {manageable} {command line}
   size_t InitialHeapSize                          = 104857600                                 {product} {command line}
   size_t MaxHeapSize                              = 2147483648                                {product} {command line}
   size_t MaxNewSize                               = 715653120                                 {product} {ergonomic}
   size_t MinHeapDeltaBytes                        = 524288                                    {product} {ergonomic}
   size_t MinHeapSize                              = 104857600                                 {product} {command line}
   size_t NewSize                                  = 34603008                                  {product} {ergonomic}
    uintx NonNMethodCodeHeapSize                   = 5839372                                {pd product} {ergonomic}
    uintx NonProfiledCodeHeapSize                  = 122909434                              {pd product} {ergonomic}
   size_t OldSize                                  = 70254592                                  {product} {ergonomic}
    uintx ProfiledCodeHeapSize                     = 122909434                              {pd product} {ergonomic}
    uintx ReservedCodeCacheSize                    = 251658240                              {pd product} {ergonomic}
     bool SegmentedCodeCache                       = true                                      {product} {ergonomic}
   size_t SoftMaxHeapSize                          = 2147483648                             {manageable} {ergonomic}
     bool UseCompressedOops                        = true                           {product lp64_product} {ergonomic}
     bool UseLargePagesIndividualAllocation        = false                                  {pd product} {ergonomic}
     bool UseParallelGC                            = true                                      {product} {command line}

Logging:
Log output configuration:
 #0: stdout all=off uptime,level,tags foldmultilines=false
 #1: stderr all=off uptime,level,tags foldmultilines=false

Release file:
JAVA_VERSION="21.0.9" 
MODULES="java.base java.compiler java.datatransfer java.xml java.prefs java.desktop java.instrument java.logging java.management java.security.sasl java.naming java.rmi java.management.rmi java.net.http java.scripting java.security.jgss java.transaction.xa java.sql java.sql.rowset java.xml.crypto java.se java.smartcardio jdk.accessibility jdk.internal.jvmstat jdk.attach jdk.charsets jdk.internal.opt jdk.zipfs jdk.compiler jdk.crypto.ec jdk.crypto.cryptoki jdk.crypto.mscapi jdk.dynalink jdk.internal.ed jdk.editpad jdk.hotspot.agent jdk.httpserver jdk.internal.le jdk.internal.vm.ci jdk.internal.vm.compiler jdk.internal.vm.compiler.management jdk.jartool jdk.javadoc jdk.jcmd jdk.management jdk.management.agent jdk.jconsole jdk.jdeps jdk.jdwp.agent jdk.jdi jdk.jfr jdk.jshell jdk.jsobject jdk.jstatd jdk.localedata jdk.management.jfr jdk.naming.dns jdk.naming.rmi jdk.net jdk.nio.mapmode jdk.random jdk.sctp jdk.security.auth jdk.security.jgss jdk.unsupported jdk.unsupported.desktop jdk.xml.dom" 

Environment Variables:
JAVA_HOME=C:\Program Files\Java\jdk-20
CLASSPATH=.;C:\Program Files\Java\jdk-20\lib;C:\Program Files\Java\jdk-20\lib\tools.jar
PATH=C:\Program Files\OpenSSH\OpenSSH-Win64;C:\Program Files\Java\jdk-20\bin;C:\Program Files\Java\jdk-20\jre\bin;C:\Program Files\Common Files\Oracle\Java\javapath;D:\tool\Python\2.7.8\;C:\Windows\system32;C:\Windows;C:\Windows\System32\Wbem;C:\Windows\System32\WindowsPowerShell\v1.0\;C:\Windows\System32\OpenSSH\;D:\MySQL\bin;node_global\node_modules;C:\Program Files\Pandoc\;D:\Program Files\x86_64-8.1.0-release-posix-sjlj-rt_v6-rev0\mingw64\x86_64-w64-mingw32\bin;C:\Program Files\TortoiseSVN\bin;C:\Program Files (x86)\PuTTY\;C:\Program Files (x86)\Tencent\WxWebDeveloperTools\dll;D:\Program Files\gcc\mingw64\bin;C:\Program Files\Git\cmd;C:\Program Files\dotnet\;C:\Program Files (x86)\Windows Kits\10\Windows Performance Toolkit\;C:\Program Files\Microsoft SQL Server\Client SDK\ODBC\170\Tools\Binn\;C:\Program Files (x86)\Microsoft SQL Server\150\Tools\Binn\;C:\Program Files\Microsoft SQL Server\150\Tools\Binn\;C:\Program Files\Microsoft SQL Server\150\DTS\Binn\;C:\Program Files (x86)\Microsoft SQL Server\160\DTS\Binn\;C:\ProgramData\Miniconda3;C:\ProgramData\Miniconda3\Scripts;C:\ProgramData\Miniconda3\Library\bin;C:\WINDOWS\system32;C:\WINDOWS;C:\WINDOWS\System32\Wbem;C:\WINDOWS\System32\WindowsPowerShell\v1.0\;C:\WINDOWS\System32\OpenSSH\;D:\Program Files\TortoiseGit\bin;D:\tool\nvm;C:\nvm4w\nodejs;C:\ProgramData\Miniconda3\Scripts;C:\ProgramData\Miniconda3\Library\bin;C:\ProgramData\Miniconda3;C:\Users\ALCH12230104\AppData\Local\Microsoft\WindowsApps;D:\eclipse\Maven\bin\;node_global;C:\Program Files\JetBrains\IntelliJ IDEA 2023.1.3\bin;;C:\Program Files\JetBrains\PyCharm 2023.1.3\bin;;D:\Program Files\Microsoft VS Code\bin;D:\Program Files\x86_64-8.1.0-release-posix-sjlj-rt_v6-rev0\mingw64\x86_64-w64-mingw32\bin;C:\Program Files\JetBrains\CLion 2023.3.5\bin;;C:\Users\ALCH12230104\.dotnet\tools;D:\tool\nvm;C:\nvm4w\nodejs;C:\Program Files\nodejs\node_global;
USERNAME=ALCH12230104
OS=Windows_NT
PROCESSOR_IDENTIFIER=Intel64 Family 6 Model 140 Stepping 1, GenuineIntel
TMP=C:\Users\ALCH12~1\AppData\Local\Temp
TEMP=C:\Users\ALCH12~1\AppData\Local\Temp




Periodic native trim disabled

---------------  S Y S T E M  ---------------

OS:
 Windows 11 , 64 bit Build 26100 (10.0.26100.7309)
OS uptime: 0 days 1:58 hours

CPU: total 8 (initial active 8) (4 cores per cpu, 2 threads per core) family 6 model 140 stepping 1 microcode 0xbc, cx8, cmov, fxsr, ht, mmx, 3dnowpref, sse, sse2, sse3, ssse3, sse4.1, sse4.2, popcnt, lzcnt, tsc, tscinvbit, avx, avx2, aes, erms, clmul, bmi1, bmi2, adx, avx512f, avx512dq, avx512cd, avx512bw, avx512vl, sha, fma, vzeroupper, avx512_vpopcntdq, avx512_vpclmulqdq, avx512_vaes, avx512_vnni, clflush, clflushopt, clwb, avx512_vbmi2, avx512_vbmi, rdtscp, rdpid, fsrm, gfni, avx512_bitalg, f16c, pku, cet_ibt, cet_ss, avx512_ifma
Processor Information for the first 8 processors :
  Max Mhz: 1498, Current Mhz: 1498, Mhz Limit: 1498

Memory: 4k page, system-wide physical 7914M (502M free)
TotalPageFile size 21867M (AvailPageFile size 62M)
current process WorkingSet (physical memory assigned to process): 152M, peak: 185M
current process commit charge ("private bytes"): 311M, peak: 325M

vm_info: OpenJDK 64-Bit Server VM (21.0.9+10-LTS) for windows-amd64 JRE (21.0.9+10-LTS), built on 2025-10-21T00:00:00Z by "admin" with unknown MS VC++:1942

END.
