#
# There is insufficient memory for the Java Runtime Environment to continue.
# Native memory allocation (malloc) failed to allocate 1048576 bytes. Error detail: AllocateHeap
# Possible reasons:
#   The system is out of physical RAM or swap space
#   This process is running with CompressedOops enabled, and the Java Heap may be blocking the growth of the native heap
# Possible solutions:
#   Reduce memory load on the system
#   Increase physical memory or swap space
#   Check if swap backing store is full
#   Decrease Java heap size (-Xmx/-Xms)
#   Decrease number of Java threads
#   Decrease Java thread stack sizes (-Xss)
#   Set larger code cache with -XX:ReservedCodeCacheSize=
#   JVM is running with Unscaled Compressed Oops mode in which the Java heap is
#     placed in the first 4GB address space. The Java Heap base address is the
#     maximum limit for the native heap growth. Please use -XX:HeapBaseMinAddress
#     to set the Java Heap base and to place the Java Heap above 4GB virtual address.
# This output file may be truncated or incomplete.
#
#  Out of Memory Error (allocation.cpp:44), pid=18316, tid=27084
#
# JRE version: OpenJDK Runtime Environment Temurin-21.0.9+10 (21.0.9+10) (build 21.0.9+10-LTS)
# Java VM: OpenJDK 64-Bit Server VM Temurin-21.0.9+10 (21.0.9+10-LTS, mixed mode, sharing, tiered, compressed oops, compressed class ptrs, parallel gc, windows-amd64)
# No core dump will be written. Minidumps are not enabled by default on client versions of Windows
#

---------------  S U M M A R Y ------------

Command Line: --add-modules=ALL-SYSTEM --add-opens=java.base/java.util=ALL-UNNAMED --add-opens=java.base/java.lang=ALL-UNNAMED --add-opens=java.base/sun.nio.fs=ALL-UNNAMED -Declipse.application=org.eclipse.jdt.ls.core.id1 -Dosgi.bundles.defaultStartLevel=4 -Declipse.product=org.eclipse.jdt.ls.core.product -Djava.import.generatesMetadataFilesAtProjectRoot=false -DDetectVMInstallationsJob.disabled=true -Dfile.encoding=utf8 -XX:+UseParallelGC -XX:GCTimeRatio=4 -XX:AdaptiveSizePolicyWeight=90 -Dsun.zip.disableMemoryMapping=true -Xmx2G -Xms100m -Xlog:disable -javaagent:c:\Users\ALCH12230104\.vscode\extensions\redhat.java-1.50.0-win32-x64\lombok\lombok-1.18.39-4050.jar -XX:+HeapDumpOnOutOfMemoryError -XX:HeapDumpPath=c:\Users\ALCH12230104\AppData\Roaming\Code\User\workspaceStorage\f8ba31ec525c401371b340e4043796e8\redhat.java -Daether.dependencyCollector.impl=bf c:\Users\ALCH12230104\.vscode\extensions\redhat.java-1.50.0-win32-x64\server\plugins\org.eclipse.equinox.launcher_1.7.100.v20251111-0406.jar -configuration c:\Users\ALCH12230104\AppData\Roaming\Code\User\globalStorage\redhat.java\1.50.0\config_win -data c:\Users\ALCH12230104\AppData\Roaming\Code\User\workspaceStorage\f8ba31ec525c401371b340e4043796e8\redhat.java\jdt_ws --pipe=\\.\pipe\lsp-8f66fd0015ef5e4f5ef6aebcccd6be49-sock

Host: 11th Gen Intel(R) Core(TM) i5-1145G7 @ 2.60GHz, 8 cores, 7G,  Windows 11 , 64 bit Build 26100 (10.0.26100.7309)
Time: Sun Jan  4 10:00:16 2026 elapsed time: 3863.517893 seconds (0d 1h 4m 23s)

---------------  T H R E A D  ---------------

Current thread (0x0000023b9bb43090):  JavaThread "Attach Listener" daemon [_thread_in_vm, id=27084, stack(0x000000e748a00000,0x000000e748b00000) (1024K)]

Stack: [0x000000e748a00000,0x000000e748b00000]
Native frames: (J=compiled Java code, j=interpreted, Vv=VM code, C=native code)
V  [jvm.dll+0x6d6e29]
V  [jvm.dll+0x8b4b76]
V  [jvm.dll+0x8b712e]
V  [jvm.dll+0x8b7813]
V  [jvm.dll+0x283d86]
V  [jvm.dll+0xc1277]
V  [jvm.dll+0x6d76d9]
V  [jvm.dll+0x133466]
V  [jvm.dll+0x3f7ea6]
V  [jvm.dll+0x85e9ad]
V  [jvm.dll+0x6d565d]
C  [ucrtbase.dll+0x37b0]
C  [KERNEL32.DLL+0x2e8d7]
C  [ntdll.dll+0x8c53c]


---------------  P R O C E S S  ---------------

Threads class SMR info:
_java_thread_list=0x0000023bfc8ccf40, length=35, elements={
0x0000023b9bbc2b30, 0x0000023b9bb3e440, 0x0000023b9bb401a0, 0x0000023b9bb42640,
0x0000023b9bb43090, 0x0000023b9bb43ae0, 0x0000023b9bb45540, 0x0000023b9bb462c0,
0x0000023bf9010060, 0x0000023bf919c550, 0x0000023bf93126e0, 0x0000023bf969ce80,
0x0000023bf9b6fc50, 0x0000023bf9d88400, 0x0000023bf9d85d30, 0x0000023bfa276970,
0x0000023bfa273080, 0x0000023bf9038650, 0x0000023bfa2bfdb0, 0x0000023bfa31a3f0,
0x0000023bfa4291d0, 0x0000023bfa426a70, 0x0000023bfa427790, 0x0000023bfa4284b0,
0x0000023bfa428b40, 0x0000023bfa429860, 0x0000023bfa4263e0, 0x0000023bfa42b2a0,
0x0000023bfa42b930, 0x0000023bfa42bfc0, 0x0000023bfa42c650, 0x0000023bfa42d370,
0x0000023bfa429ef0, 0x0000023bf9812c80, 0x0000023bfa319d60
}

Java Threads: ( => current thread )
  0x0000023b9bbc2b30 JavaThread "main"                              [_thread_blocked, id=12076, stack(0x000000e748300000,0x000000e748400000) (1024K)]
  0x0000023b9bb3e440 JavaThread "Reference Handler"          daemon [_thread_blocked, id=19016, stack(0x000000e748700000,0x000000e748800000) (1024K)]
  0x0000023b9bb401a0 JavaThread "Finalizer"                  daemon [_thread_blocked, id=9964, stack(0x000000e748800000,0x000000e748900000) (1024K)]
  0x0000023b9bb42640 JavaThread "Signal Dispatcher"          daemon [_thread_blocked, id=24568, stack(0x000000e748900000,0x000000e748a00000) (1024K)]
=>0x0000023b9bb43090 JavaThread "Attach Listener"            daemon [_thread_in_vm, id=27084, stack(0x000000e748a00000,0x000000e748b00000) (1024K)]
  0x0000023b9bb43ae0 JavaThread "Service Thread"             daemon [_thread_blocked, id=14364, stack(0x000000e748b00000,0x000000e748c00000) (1024K)]
  0x0000023b9bb45540 JavaThread "Monitor Deflation Thread"   daemon [_thread_blocked, id=26740, stack(0x000000e748c00000,0x000000e748d00000) (1024K)]
  0x0000023b9bb462c0 JavaThread "C2 CompilerThread0"         daemon [_thread_blocked, id=22952, stack(0x000000e748d00000,0x000000e748e00000) (1024K)]
  0x0000023bf9010060 JavaThread "C1 CompilerThread0"         daemon [_thread_blocked, id=26612, stack(0x000000e748e00000,0x000000e748f00000) (1024K)]
  0x0000023bf919c550 JavaThread "Common-Cleaner"             daemon [_thread_blocked, id=20256, stack(0x000000e748f00000,0x000000e749000000) (1024K)]
  0x0000023bf93126e0 JavaThread "Notification Thread"        daemon [_thread_blocked, id=11792, stack(0x000000e749000000,0x000000e749100000) (1024K)]
  0x0000023bf969ce80 JavaThread "Active Thread: Equinox Container: f8eecb9c-70b2-4fa5-ba6f-f43686429dda"        [_thread_blocked, id=17396, stack(0x000000e749100000,0x000000e749200000) (1024K)]
  0x0000023bf9b6fc50 JavaThread "Refresh Thread: Equinox Container: f8eecb9c-70b2-4fa5-ba6f-f43686429dda" daemon [_thread_blocked, id=28568, stack(0x000000e749800000,0x000000e749900000) (1024K)]
  0x0000023bf9d88400 JavaThread "Framework Event Dispatcher: Equinox Container: f8eecb9c-70b2-4fa5-ba6f-f43686429dda" daemon [_thread_blocked, id=22116, stack(0x000000e749a00000,0x000000e749b00000) (1024K)]
  0x0000023bf9d85d30 JavaThread "Start Level: Equinox Container: f8eecb9c-70b2-4fa5-ba6f-f43686429dda" daemon [_thread_blocked, id=24292, stack(0x000000e749b00000,0x000000e749c00000) (1024K)]
  0x0000023bfa276970 JavaThread "Bundle File Closer"         daemon [_thread_blocked, id=21720, stack(0x000000e749c00000,0x000000e749d00000) (1024K)]
  0x0000023bfa273080 JavaThread "SCR Component Actor"        daemon [_thread_blocked, id=19784, stack(0x000000e749d00000,0x000000e749e00000) (1024K)]
  0x0000023bf9038650 JavaThread "Worker-JM"                         [_thread_blocked, id=824, stack(0x000000e749f00000,0x000000e74a000000) (1024K)]
  0x0000023bfa2bfdb0 JavaThread "JNA Cleaner"                daemon [_thread_blocked, id=16020, stack(0x000000e74a000000,0x000000e74a100000) (1024K)]
  0x0000023bfa31a3f0 JavaThread "Java indexing"              daemon [_thread_blocked, id=5760, stack(0x000000e74a400000,0x000000e74a500000) (1024K)]
  0x0000023bfa4291d0 JavaThread "Thread-1"                   daemon [_thread_in_native, id=10640, stack(0x000000e74aa00000,0x000000e74ab00000) (1024K)]
  0x0000023bfa426a70 JavaThread "Thread-2"                   daemon [_thread_in_native, id=13340, stack(0x000000e74ab00000,0x000000e74ac00000) (1024K)]
  0x0000023bfa427790 JavaThread "Thread-3"                   daemon [_thread_in_native, id=16404, stack(0x000000e74ac00000,0x000000e74ad00000) (1024K)]
  0x0000023bfa4284b0 JavaThread "Thread-4"                   daemon [_thread_in_native, id=8916, stack(0x000000e74ad00000,0x000000e74ae00000) (1024K)]
  0x0000023bfa428b40 JavaThread "Thread-5"                   daemon [_thread_in_native, id=19484, stack(0x000000e74ae00000,0x000000e74af00000) (1024K)]
  0x0000023bfa429860 JavaThread "Thread-6"                   daemon [_thread_in_native, id=21592, stack(0x000000e74af00000,0x000000e74b000000) (1024K)]
  0x0000023bfa4263e0 JavaThread "Thread-7"                   daemon [_thread_in_native, id=972, stack(0x000000e74b000000,0x000000e74b100000) (1024K)]
  0x0000023bfa42b2a0 JavaThread "Thread-8"                   daemon [_thread_in_native, id=25956, stack(0x000000e74b100000,0x000000e74b200000) (1024K)]
  0x0000023bfa42b930 JavaThread "Thread-9"                   daemon [_thread_in_native, id=27768, stack(0x000000e74b200000,0x000000e74b300000) (1024K)]
  0x0000023bfa42bfc0 JavaThread "pool-2-thread-1"                   [_thread_blocked, id=24864, stack(0x000000e74b300000,0x000000e74b400000) (1024K)]
  0x0000023bfa42c650 JavaThread "WorkspaceEventsHandler"            [_thread_blocked, id=27016, stack(0x000000e74b500000,0x000000e74b600000) (1024K)]
  0x0000023bfa42d370 JavaThread "pool-1-thread-1"                   [_thread_blocked, id=9996, stack(0x000000e74b600000,0x000000e74b700000) (1024K)]
  0x0000023bfa429ef0 JavaThread "Worker-5"                          [_thread_blocked, id=26944, stack(0x000000e74b700000,0x000000e74b800000) (1024K)]
  0x0000023bf9812c80 JavaThread "Cleaner-0"                  daemon [_thread_blocked, id=24720, stack(0x000000e74a800000,0x000000e74a900000) (1024K)]
  0x0000023bfa319d60 JavaThread "Worker-10"                         [_thread_blocked, id=24836, stack(0x000000e74a700000,0x000000e74a800000) (1024K)]
Total: 35

Other Threads:
  0x0000023b9bb336a0 VMThread "VM Thread"                           [id=6548, stack(0x000000e748600000,0x000000e748700000) (1024K)]
  0x0000023b9bc34b10 WatcherThread "VM Periodic Task Thread"        [id=10924, stack(0x000000e748500000,0x000000e748600000) (1024K)]
  0x0000023b9bbe1960 WorkerThread "GC Thread#0"                     [id=26716, stack(0x000000e748400000,0x000000e748500000) (1024K)]
  0x0000023bf980d160 WorkerThread "GC Thread#1"                     [id=18524, stack(0x000000e749200000,0x000000e749300000) (1024K)]
  0x0000023bf98076d0 WorkerThread "GC Thread#2"                     [id=24580, stack(0x000000e749300000,0x000000e749400000) (1024K)]
  0x0000023bf96a3c10 WorkerThread "GC Thread#3"                     [id=3076, stack(0x000000e749400000,0x000000e749500000) (1024K)]
  0x0000023bf96a3fb0 WorkerThread "GC Thread#4"                     [id=28660, stack(0x000000e749500000,0x000000e749600000) (1024K)]
  0x0000023bf939d290 WorkerThread "GC Thread#5"                     [id=25840, stack(0x000000e749600000,0x000000e749700000) (1024K)]
  0x0000023bf939d630 WorkerThread "GC Thread#6"                     [id=20232, stack(0x000000e749700000,0x000000e749800000) (1024K)]
  0x0000023bf9b8adf0 WorkerThread "GC Thread#7"                     [id=20420, stack(0x000000e749900000,0x000000e749a00000) (1024K)]
Total: 10

Threads with active compile tasks:
Total: 0

VM state: not at safepoint (normal execution)

VM Mutex/Monitor currently owned by a thread: None

Heap address: 0x0000000080000000, size: 2048 MB, Compressed Oops mode: 32-bit

CDS archive(s) mapped at: [0x0000023bb3000000-0x0000023bb3ba0000-0x0000023bb3ba0000), size 12189696, SharedBaseAddress: 0x0000023bb3000000, ArchiveRelocationMode: 1.
Compressed class space mapped at: 0x0000023bb4000000-0x0000023bf4000000, reserved size: 1073741824
Narrow klass base: 0x0000023bb3000000, Narrow klass shift: 0, Narrow klass range: 0x100000000

GC Precious Log:
 CardTable entry size: 512
 CPUs: 8 total, 8 available
 Memory: 7914M
 Large Page Support: Disabled
 NUMA Support: Disabled
 Compressed Oops: Enabled (32-bit)
 Alignments: Space 512K, Generation 512K, Heap 2M
 Heap Min Capacity: 100M
 Heap Initial Capacity: 100M
 Heap Max Capacity: 2G
 Pre-touch: Disabled
 Parallel Workers: 8

Heap:
 PSYoungGen      total 6656K, used 814K [0x00000000d5580000, 0x00000000d6200000, 0x0000000100000000)
  eden space 6144K, 6% used [0x00000000d5580000,0x00000000d55e3b18,0x00000000d5b80000)
  from space 512K, 81% used [0x00000000d6180000,0x00000000d61e8000,0x00000000d6200000)
  to   space 1024K, 0% used [0x00000000d6000000,0x00000000d6000000,0x00000000d6100000)
 ParOldGen       total 710144K, used 387613K [0x0000000080000000, 0x00000000ab580000, 0x00000000d5580000)
  object space 710144K, 54% used [0x0000000080000000,0x0000000097a877e8,0x00000000ab580000)
 Metaspace       used 82868K, committed 84480K, reserved 1179648K
  class space    used 8549K, committed 9216K, reserved 1048576K

Card table byte_map: [0x0000023b9b560000,0x0000023b9b970000] _byte_map_base: 0x0000023b9b160000

Marking Bits: (ParMarkBitMap*) 0x00007ffd96182460
 Begin Bits: [0x0000023bae070000, 0x0000023bb0070000)
 End Bits:   [0x0000023bb0070000, 0x0000023bb2070000)

Polling page: 0x0000023b99880000

Metaspace:

Usage:
  Non-class:     72.58 MB used.
      Class:      8.35 MB used.
       Both:     80.93 MB used.

Virtual space:
  Non-class space:      128.00 MB reserved,      73.50 MB ( 57%) committed,  2 nodes.
      Class space:        1.00 GB reserved,       9.00 MB ( <1%) committed,  1 nodes.
             Both:        1.12 GB reserved,      82.50 MB (  7%) committed. 

Chunk freelists:
   Non-Class:  6.26 MB
       Class:  6.83 MB
        Both:  13.10 MB

MaxMetaspaceSize: unlimited
CompressedClassSpaceSize: 1.00 GB
Initial GC threshold: 21.00 MB
Current GC threshold: 129.06 MB
CDS: on
 - commit_granule_bytes: 65536.
 - commit_granule_words: 8192.
 - virtual_space_node_default_size: 8388608.
 - enlarge_chunks_in_place: 1.
 - use_allocation_guard: 0.


Internal statistics:

num_allocs_failed_limit: 9.
num_arena_births: 1614.
num_arena_deaths: 16.
num_vsnodes_births: 3.
num_vsnodes_deaths: 0.
num_space_committed: 1319.
num_space_uncommitted: 0.
num_chunks_returned_to_freelist: 26.
num_chunks_taken_from_freelist: 5581.
num_chunk_merges: 10.
num_chunk_splits: 3364.
num_chunks_enlarged: 1766.
num_inconsistent_stats: 0.

CodeHeap 'non-profiled nmethods': size=120000Kb used=20140Kb max_used=20140Kb free=99859Kb
 bounds [0x0000023ba6890000, 0x0000023ba7c40000, 0x0000023baddc0000]
CodeHeap 'profiled nmethods': size=120000Kb used=40797Kb max_used=40797Kb free=79202Kb
 bounds [0x0000023b9edc0000, 0x0000023ba15a0000, 0x0000023ba62f0000]
CodeHeap 'non-nmethods': size=5760Kb used=1534Kb max_used=1601Kb free=4226Kb
 bounds [0x0000023ba62f0000, 0x0000023ba6560000, 0x0000023ba6890000]
CodeCache: size=245760Kb, used=62471Kb, max_used=62538Kb, free=183287Kb
 total_blobs=17696, nmethods=16847, adapters=750, full_count=0
Compilation: enabled, stopped_count=0, restarted_count=0

Compilation events (20 events):
Event: 2574.922 Thread 0x0000023bf9010060 18893       3       org.eclipse.jdt.ls.core.internal.ParentProcessWatcher::parentProcessStillRunning (62 bytes)
Event: 2574.927 Thread 0x0000023bf9010060 nmethod 18893 0x0000023ba1592090 code [0x0000023ba15922c0, 0x0000023ba15929c8]
Event: 3195.358 Thread 0x0000023bf9010060 18894       3       java.lang.ProcessHandleImpl::<init> (15 bytes)
Event: 3195.369 Thread 0x0000023bf9010060 nmethod 18894 0x0000023ba1592c10 code [0x0000023ba1592dc0, 0x0000023ba1592f30]
Event: 3343.888 Thread 0x0000023bf9010060 18895   !   3       java.lang.ref.ReferenceQueue::remove (61 bytes)
Event: 3343.900 Thread 0x0000023bf9010060 nmethod 18895 0x0000023ba1593010 code [0x0000023ba15932a0, 0x0000023ba1593e28]
Event: 3343.900 Thread 0x0000023bf9010060 18896       3       java.lang.ref.ReferenceQueue::remove0 (64 bytes)
Event: 3343.906 Thread 0x0000023bf9010060 nmethod 18896 0x0000023ba1594210 code [0x0000023ba1594420, 0x0000023ba15948a0]
Event: 3515.524 Thread 0x0000023bf9010060 18897       1       org.eclipse.osgi.internal.location.BasicLocation::isReadOnly (5 bytes)
Event: 3515.525 Thread 0x0000023bf9010060 nmethod 18897 0x0000023ba7c3ab10 code [0x0000023ba7c3aca0, 0x0000023ba7c3ad70]
Event: 3614.777 Thread 0x0000023bf9010060 18898       3       java.util.concurrent.locks.AbstractQueuedSynchronizer$ConditionObject::await (202 bytes)
Event: 3614.790 Thread 0x0000023bf9010060 nmethod 18898 0x0000023ba1594a10 code [0x0000023ba1594d00, 0x0000023ba1595b30]
Event: 3673.996 Thread 0x0000023bf9010060 18899       3       java.lang.ref.ReferenceQueue::await (15 bytes)
Event: 3673.996 Thread 0x0000023bf9010060 nmethod 18899 0x0000023ba1596110 code [0x0000023ba15962c0, 0x0000023ba1596460]
Event: 3854.051 Thread 0x0000023bf9010060 18900       1       com.sun.jna.internal.Cleaner::access$200 (5 bytes)
Event: 3854.058 Thread 0x0000023bf9010060 nmethod 18900 0x0000023ba7c3ae10 code [0x0000023ba7c3afa0, 0x0000023ba7c3b050]
Event: 3855.899 Thread 0x0000023bf9010060 18901       3       java.lang.ProcessHandleImpl::get (51 bytes)
Event: 3855.904 Thread 0x0000023bf9010060 nmethod 18901 0x0000023ba1596590 code [0x0000023ba15967a0, 0x0000023ba1596da8]
Event: 3855.904 Thread 0x0000023bf9010060 18902       3       java.lang.ProcessHandleImpl::isAlive (44 bytes)
Event: 3855.905 Thread 0x0000023bf9010060 nmethod 18902 0x0000023ba1597010 code [0x0000023ba15971c0, 0x0000023ba1597420]

GC Heap History (20 events):
Event: 1301.592 GC heap before
{Heap before GC invocations=1117 (full 4):
 PSYoungGen      total 9216K, used 9108K [0x00000000d5580000, 0x00000000d6700000, 0x0000000100000000)
  eden space 6144K, 100% used [0x00000000d5580000,0x00000000d5b80000,0x00000000d5b80000)
  from space 3072K, 96% used [0x00000000d6400000,0x00000000d66e5200,0x00000000d6700000)
  to   space 4608K, 0% used [0x00000000d5e00000,0x00000000d5e00000,0x00000000d6280000)
 ParOldGen       total 710144K, used 361789K [0x0000000080000000, 0x00000000ab580000, 0x00000000d5580000)
  object space 710144K, 50% used [0x0000000080000000,0x000000009614f428,0x00000000ab580000)
 Metaspace       used 82575K, committed 84160K, reserved 1179648K
  class space    used 8546K, committed 9216K, reserved 1048576K
}
Event: 1301.606 GC heap after
{Heap after GC invocations=1117 (full 4):
 PSYoungGen      total 10752K, used 4576K [0x00000000d5580000, 0x00000000d6c80000, 0x0000000100000000)
  eden space 6144K, 0% used [0x00000000d5580000,0x00000000d5580000,0x00000000d5b80000)
  from space 4608K, 99% used [0x00000000d5e00000,0x00000000d62782a0,0x00000000d6280000)
  to   space 8704K, 0% used [0x00000000d6400000,0x00000000d6400000,0x00000000d6c80000)
 ParOldGen       total 710144K, used 364945K [0x0000000080000000, 0x00000000ab580000, 0x00000000d5580000)
  object space 710144K, 51% used [0x0000000080000000,0x0000000096464648,0x00000000ab580000)
 Metaspace       used 82575K, committed 84160K, reserved 1179648K
  class space    used 8546K, committed 9216K, reserved 1048576K
}
Event: 1301.706 GC heap before
{Heap before GC invocations=1118 (full 4):
 PSYoungGen      total 10752K, used 10720K [0x00000000d5580000, 0x00000000d6c80000, 0x0000000100000000)
  eden space 6144K, 100% used [0x00000000d5580000,0x00000000d5b80000,0x00000000d5b80000)
  from space 4608K, 99% used [0x00000000d5e00000,0x00000000d62782a0,0x00000000d6280000)
  to   space 8704K, 0% used [0x00000000d6400000,0x00000000d6400000,0x00000000d6c80000)
 ParOldGen       total 710144K, used 364945K [0x0000000080000000, 0x00000000ab580000, 0x00000000d5580000)
  object space 710144K, 51% used [0x0000000080000000,0x0000000096464648,0x00000000ab580000)
 Metaspace       used 82575K, committed 84160K, reserved 1179648K
  class space    used 8546K, committed 9216K, reserved 1048576K
}
Event: 1301.723 GC heap after
{Heap after GC invocations=1118 (full 4):
 PSYoungGen      total 11264K, used 4858K [0x00000000d5580000, 0x00000000d6900000, 0x0000000100000000)
  eden space 6144K, 0% used [0x00000000d5580000,0x00000000d5580000,0x00000000d5b80000)
  from space 5120K, 94% used [0x00000000d6400000,0x00000000d68be920,0x00000000d6900000)
  to   space 6144K, 0% used [0x00000000d5d00000,0x00000000d5d00000,0x00000000d6300000)
 ParOldGen       total 710144K, used 369525K [0x0000000080000000, 0x00000000ab580000, 0x00000000d5580000)
  object space 710144K, 52% used [0x0000000080000000,0x00000000968dd6e8,0x00000000ab580000)
 Metaspace       used 82575K, committed 84160K, reserved 1179648K
  class space    used 8546K, committed 9216K, reserved 1048576K
}
Event: 1315.007 GC heap before
{Heap before GC invocations=1119 (full 4):
 PSYoungGen      total 11264K, used 11002K [0x00000000d5580000, 0x00000000d6900000, 0x0000000100000000)
  eden space 6144K, 100% used [0x00000000d5580000,0x00000000d5b80000,0x00000000d5b80000)
  from space 5120K, 94% used [0x00000000d6400000,0x00000000d68be920,0x00000000d6900000)
  to   space 6144K, 0% used [0x00000000d5d00000,0x00000000d5d00000,0x00000000d6300000)
 ParOldGen       total 710144K, used 369525K [0x0000000080000000, 0x00000000ab580000, 0x00000000d5580000)
  object space 710144K, 52% used [0x0000000080000000,0x00000000968dd6e8,0x00000000ab580000)
 Metaspace       used 82589K, committed 84224K, reserved 1179648K
  class space    used 8547K, committed 9216K, reserved 1048576K
}
Event: 1315.055 GC heap after
{Heap after GC invocations=1119 (full 4):
 PSYoungGen      total 7168K, used 804K [0x00000000d5580000, 0x00000000d6480000, 0x0000000100000000)
  eden space 6144K, 0% used [0x00000000d5580000,0x00000000d5580000,0x00000000d5b80000)
  from space 1024K, 78% used [0x00000000d5d00000,0x00000000d5dc9210,0x00000000d5e00000)
  to   space 2560K, 0% used [0x00000000d6200000,0x00000000d6200000,0x00000000d6480000)
 ParOldGen       total 710144K, used 374214K [0x0000000080000000, 0x00000000ab580000, 0x00000000d5580000)
  object space 710144K, 52% used [0x0000000080000000,0x0000000096d71918,0x00000000ab580000)
 Metaspace       used 82589K, committed 84224K, reserved 1179648K
  class space    used 8547K, committed 9216K, reserved 1048576K
}
Event: 1315.228 GC heap before
{Heap before GC invocations=1120 (full 4):
 PSYoungGen      total 7168K, used 6761K [0x00000000d5580000, 0x00000000d6480000, 0x0000000100000000)
  eden space 6144K, 96% used [0x00000000d5580000,0x00000000d5b51210,0x00000000d5b80000)
  from space 1024K, 78% used [0x00000000d5d00000,0x00000000d5dc9210,0x00000000d5e00000)
  to   space 2560K, 0% used [0x00000000d6200000,0x00000000d6200000,0x00000000d6480000)
 ParOldGen       total 710144K, used 374214K [0x0000000080000000, 0x00000000ab580000, 0x00000000d5580000)
  object space 710144K, 52% used [0x0000000080000000,0x0000000096d71918,0x00000000ab580000)
 Metaspace       used 82659K, committed 84288K, reserved 1179648K
  class space    used 8547K, committed 9216K, reserved 1048576K
}
Event: 1315.234 GC heap after
{Heap after GC invocations=1120 (full 4):
 PSYoungGen      total 7680K, used 1076K [0x00000000d5580000, 0x00000000d6380000, 0x0000000100000000)
  eden space 6144K, 0% used [0x00000000d5580000,0x00000000d5580000,0x00000000d5b80000)
  from space 1536K, 70% used [0x00000000d6200000,0x00000000d630d200,0x00000000d6380000)
  to   space 1536K, 0% used [0x00000000d6080000,0x00000000d6080000,0x00000000d6200000)
 ParOldGen       total 710144K, used 374954K [0x0000000080000000, 0x00000000ab580000, 0x00000000d5580000)
  object space 710144K, 52% used [0x0000000080000000,0x0000000096e2aad8,0x00000000ab580000)
 Metaspace       used 82659K, committed 84288K, reserved 1179648K
  class space    used 8547K, committed 9216K, reserved 1048576K
}
Event: 1315.262 GC heap before
{Heap before GC invocations=1121 (full 4):
 PSYoungGen      total 7680K, used 7220K [0x00000000d5580000, 0x00000000d6380000, 0x0000000100000000)
  eden space 6144K, 99% used [0x00000000d5580000,0x00000000d5b7ff60,0x00000000d5b80000)
  from space 1536K, 70% used [0x00000000d6200000,0x00000000d630d200,0x00000000d6380000)
  to   space 1536K, 0% used [0x00000000d6080000,0x00000000d6080000,0x00000000d6200000)
 ParOldGen       total 710144K, used 374954K [0x0000000080000000, 0x00000000ab580000, 0x00000000d5580000)
  object space 710144K, 52% used [0x0000000080000000,0x0000000096e2aad8,0x00000000ab580000)
 Metaspace       used 82659K, committed 84288K, reserved 1179648K
  class space    used 8547K, committed 9216K, reserved 1048576K
}
Event: 1315.287 GC heap after
{Heap after GC invocations=1121 (full 4):
 PSYoungGen      total 7680K, used 1516K [0x00000000d5580000, 0x00000000d6b80000, 0x0000000100000000)
  eden space 6144K, 0% used [0x00000000d5580000,0x00000000d5580000,0x00000000d5b80000)
  from space 1536K, 98% used [0x00000000d6080000,0x00000000d61fb0a0,0x00000000d6200000)
  to   space 8192K, 0% used [0x00000000d6380000,0x00000000d6380000,0x00000000d6b80000)
 ParOldGen       total 710144K, used 380408K [0x0000000080000000, 0x00000000ab580000, 0x00000000d5580000)
  object space 710144K, 53% used [0x0000000080000000,0x000000009737e110,0x00000000ab580000)
 Metaspace       used 82659K, committed 84288K, reserved 1179648K
  class space    used 8547K, committed 9216K, reserved 1048576K
}
Event: 1315.350 GC heap before
{Heap before GC invocations=1122 (full 4):
 PSYoungGen      total 7680K, used 7660K [0x00000000d5580000, 0x00000000d6b80000, 0x0000000100000000)
  eden space 6144K, 100% used [0x00000000d5580000,0x00000000d5b80000,0x00000000d5b80000)
  from space 1536K, 98% used [0x00000000d6080000,0x00000000d61fb0a0,0x00000000d6200000)
  to   space 8192K, 0% used [0x00000000d6380000,0x00000000d6380000,0x00000000d6b80000)
 ParOldGen       total 710144K, used 380408K [0x0000000080000000, 0x00000000ab580000, 0x00000000d5580000)
  object space 710144K, 53% used [0x0000000080000000,0x000000009737e110,0x00000000ab580000)
 Metaspace       used 82672K, committed 84352K, reserved 1179648K
  class space    used 8547K, committed 9216K, reserved 1048576K
}
Event: 1315.359 GC heap after
{Heap after GC invocations=1122 (full 4):
 PSYoungGen      total 10240K, used 4058K [0x00000000d5580000, 0x00000000d6780000, 0x0000000100000000)
  eden space 6144K, 0% used [0x00000000d5580000,0x00000000d5580000,0x00000000d5b80000)
  from space 4096K, 99% used [0x00000000d6380000,0x00000000d6776900,0x00000000d6780000)
  to   space 5120K, 0% used [0x00000000d5d80000,0x00000000d5d80000,0x00000000d6280000)
 ParOldGen       total 710144K, used 381972K [0x0000000080000000, 0x00000000ab580000, 0x00000000d5580000)
  object space 710144K, 53% used [0x0000000080000000,0x00000000975051b0,0x00000000ab580000)
 Metaspace       used 82672K, committed 84352K, reserved 1179648K
  class space    used 8547K, committed 9216K, reserved 1048576K
}
Event: 1316.911 GC heap before
{Heap before GC invocations=1123 (full 4):
 PSYoungGen      total 10240K, used 10202K [0x00000000d5580000, 0x00000000d6780000, 0x0000000100000000)
  eden space 6144K, 99% used [0x00000000d5580000,0x00000000d5b7ffa8,0x00000000d5b80000)
  from space 4096K, 99% used [0x00000000d6380000,0x00000000d6776900,0x00000000d6780000)
  to   space 5120K, 0% used [0x00000000d5d80000,0x00000000d5d80000,0x00000000d6280000)
 ParOldGen       total 710144K, used 381972K [0x0000000080000000, 0x00000000ab580000, 0x00000000d5580000)
  object space 710144K, 53% used [0x0000000080000000,0x00000000975051b0,0x00000000ab580000)
 Metaspace       used 82718K, committed 84352K, reserved 1179648K
  class space    used 8548K, committed 9216K, reserved 1048576K
}
Event: 1316.932 GC heap after
{Heap after GC invocations=1123 (full 4):
 PSYoungGen      total 6656K, used 352K [0x00000000d5580000, 0x00000000d6400000, 0x0000000100000000)
  eden space 6144K, 0% used [0x00000000d5580000,0x00000000d5580000,0x00000000d5b80000)
  from space 512K, 68% used [0x00000000d5d80000,0x00000000d5dd8000,0x00000000d5e00000)
  to   space 2048K, 0% used [0x00000000d6200000,0x00000000d6200000,0x00000000d6400000)
 ParOldGen       total 710144K, used 385924K [0x0000000080000000, 0x00000000ab580000, 0x00000000d5580000)
  object space 710144K, 54% used [0x0000000080000000,0x00000000978e13c0,0x00000000ab580000)
 Metaspace       used 82718K, committed 84352K, reserved 1179648K
  class space    used 8548K, committed 9216K, reserved 1048576K
}
Event: 1318.494 GC heap before
{Heap before GC invocations=1124 (full 4):
 PSYoungGen      total 6656K, used 6496K [0x00000000d5580000, 0x00000000d6400000, 0x0000000100000000)
  eden space 6144K, 100% used [0x00000000d5580000,0x00000000d5b80000,0x00000000d5b80000)
  from space 512K, 68% used [0x00000000d5d80000,0x00000000d5dd8000,0x00000000d5e00000)
  to   space 2048K, 0% used [0x00000000d6200000,0x00000000d6200000,0x00000000d6400000)
 ParOldGen       total 710144K, used 385924K [0x0000000080000000, 0x00000000ab580000, 0x00000000d5580000)
  object space 710144K, 54% used [0x0000000080000000,0x00000000978e13c0,0x00000000ab580000)
 Metaspace       used 82767K, committed 84416K, reserved 1179648K
  class space    used 8549K, committed 9216K, reserved 1048576K
}
Event: 1318.496 GC heap after
{Heap after GC invocations=1124 (full 4):
 PSYoungGen      total 6656K, used 224K [0x00000000d5580000, 0x00000000d6280000, 0x0000000100000000)
  eden space 6144K, 0% used [0x00000000d5580000,0x00000000d5580000,0x00000000d5b80000)
  from space 512K, 43% used [0x00000000d6200000,0x00000000d6238000,0x00000000d6280000)
  to   space 1024K, 0% used [0x00000000d6080000,0x00000000d6080000,0x00000000d6180000)
 ParOldGen       total 710144K, used 386036K [0x0000000080000000, 0x00000000ab580000, 0x00000000d5580000)
  object space 710144K, 54% used [0x0000000080000000,0x00000000978fd3c0,0x00000000ab580000)
 Metaspace       used 82767K, committed 84416K, reserved 1179648K
  class space    used 8549K, committed 9216K, reserved 1048576K
}
Event: 1319.292 GC heap before
{Heap before GC invocations=1125 (full 4):
 PSYoungGen      total 6656K, used 6368K [0x00000000d5580000, 0x00000000d6280000, 0x0000000100000000)
  eden space 6144K, 100% used [0x00000000d5580000,0x00000000d5b80000,0x00000000d5b80000)
  from space 512K, 43% used [0x00000000d6200000,0x00000000d6238000,0x00000000d6280000)
  to   space 1024K, 0% used [0x00000000d6080000,0x00000000d6080000,0x00000000d6180000)
 ParOldGen       total 710144K, used 386036K [0x0000000080000000, 0x00000000ab580000, 0x00000000d5580000)
  object space 710144K, 54% used [0x0000000080000000,0x00000000978fd3c0,0x00000000ab580000)
 Metaspace       used 82823K, committed 84480K, reserved 1179648K
  class space    used 8549K, committed 9216K, reserved 1048576K
}
Event: 1319.297 GC heap after
{Heap after GC invocations=1125 (full 4):
 PSYoungGen      total 7168K, used 1024K [0x00000000d5580000, 0x00000000d6280000, 0x0000000100000000)
  eden space 6144K, 0% used [0x00000000d5580000,0x00000000d5580000,0x00000000d5b80000)
  from space 1024K, 100% used [0x00000000d6080000,0x00000000d6180000,0x00000000d6180000)
  to   space 1024K, 0% used [0x00000000d6180000,0x00000000d6180000,0x00000000d6280000)
 ParOldGen       total 710144K, used 386565K [0x0000000080000000, 0x00000000ab580000, 0x00000000d5580000)
  object space 710144K, 54% used [0x0000000080000000,0x0000000097981568,0x00000000ab580000)
 Metaspace       used 82823K, committed 84480K, reserved 1179648K
  class space    used 8549K, committed 9216K, reserved 1048576K
}
Event: 1663.731 GC heap before
{Heap before GC invocations=1126 (full 4):
 PSYoungGen      total 7168K, used 7168K [0x00000000d5580000, 0x00000000d6280000, 0x0000000100000000)
  eden space 6144K, 100% used [0x00000000d5580000,0x00000000d5b80000,0x00000000d5b80000)
  from space 1024K, 100% used [0x00000000d6080000,0x00000000d6180000,0x00000000d6180000)
  to   space 1024K, 0% used [0x00000000d6180000,0x00000000d6180000,0x00000000d6280000)
 ParOldGen       total 710144K, used 386565K [0x0000000080000000, 0x00000000ab580000, 0x00000000d5580000)
  object space 710144K, 54% used [0x0000000080000000,0x0000000097981568,0x00000000ab580000)
 Metaspace       used 82853K, committed 84480K, reserved 1179648K
  class space    used 8549K, committed 9216K, reserved 1048576K
}
Event: 1663.804 GC heap after
{Heap after GC invocations=1126 (full 4):
 PSYoungGen      total 6656K, used 416K [0x00000000d5580000, 0x00000000d6200000, 0x0000000100000000)
  eden space 6144K, 0% used [0x00000000d5580000,0x00000000d5580000,0x00000000d5b80000)
  from space 512K, 81% used [0x00000000d6180000,0x00000000d61e8000,0x00000000d6200000)
  to   space 1024K, 0% used [0x00000000d6000000,0x00000000d6000000,0x00000000d6100000)
 ParOldGen       total 710144K, used 387613K [0x0000000080000000, 0x00000000ab580000, 0x00000000d5580000)
  object space 710144K, 54% used [0x0000000080000000,0x0000000097a877e8,0x00000000ab580000)
 Metaspace       used 82853K, committed 84480K, reserved 1179648K
  class space    used 8549K, committed 9216K, reserved 1048576K
}

Dll operation events (12 events):
Event: 0.041 Loaded shared library c:\Users\ALCH12230104\.vscode\extensions\redhat.java-1.50.0-win32-x64\jre\21.0.9-win32-x86_64\bin\java.dll
Event: 0.112 Loaded shared library c:\Users\ALCH12230104\.vscode\extensions\redhat.java-1.50.0-win32-x64\jre\21.0.9-win32-x86_64\bin\zip.dll
Event: 0.294 Loaded shared library C:\Users\ALCH12230104\.vscode\extensions\redhat.java-1.50.0-win32-x64\jre\21.0.9-win32-x86_64\bin\instrument.dll
Event: 0.342 Loaded shared library C:\Users\ALCH12230104\.vscode\extensions\redhat.java-1.50.0-win32-x64\jre\21.0.9-win32-x86_64\bin\net.dll
Event: 0.353 Loaded shared library C:\Users\ALCH12230104\.vscode\extensions\redhat.java-1.50.0-win32-x64\jre\21.0.9-win32-x86_64\bin\nio.dll
Event: 0.369 Loaded shared library C:\Users\ALCH12230104\.vscode\extensions\redhat.java-1.50.0-win32-x64\jre\21.0.9-win32-x86_64\bin\zip.dll
Event: 0.568 Loaded shared library C:\Users\ALCH12230104\.vscode\extensions\redhat.java-1.50.0-win32-x64\jre\21.0.9-win32-x86_64\bin\jimage.dll
Event: 0.925 Loaded shared library c:\Users\ALCH12230104\.vscode\extensions\redhat.java-1.50.0-win32-x64\jre\21.0.9-win32-x86_64\bin\verify.dll
Event: 4.439 Loaded shared library C:\Users\ALCH12230104\AppData\Roaming\Code\User\globalStorage\redhat.java\1.50.0\config_win\org.eclipse.equinox.launcher\org.eclipse.equinox.launcher.win32.win32.x86_64_1.2.1400.v20250801-0854\eclipse_11916.dll
Event: 8.090 Loaded shared library C:\Users\ALCH12230104\AppData\Local\Temp\jna-1505794231\jna9662632498614785044.dll
Event: 12.495 Loaded shared library C:\Users\ALCH12230104\.vscode\extensions\redhat.java-1.50.0-win32-x64\jre\21.0.9-win32-x86_64\bin\sunmscapi.dll
Event: 13.177 Loaded shared library C:\Users\ALCH12230104\.vscode\extensions\redhat.java-1.50.0-win32-x64\jre\21.0.9-win32-x86_64\bin\extnet.dll

Deoptimization events (20 events):
Event: 1192.288 Thread 0x0000023bf9811f60 DEOPT PACKING pc=0x0000023ba7b71974 sp=0x000000e74a3fd570
Event: 1192.288 Thread 0x0000023bf9811f60 DEOPT UNPACKING pc=0x0000023ba6346da2 sp=0x000000e74a3fd500 mode 2
Event: 1301.701 Thread 0x0000023bfbfae0f0 Uncommon trap: trap_request=0xffffffc6 fr.pc=0x0000023ba7b93194 relative=0x00000000000010b4
Event: 1301.702 Thread 0x0000023bfbfae0f0 Uncommon trap: reason=bimorphic_or_optimized_type_check action=maybe_recompile pc=0x0000023ba7b93194 method=org.eclipse.jdt.internal.compiler.parser.Parser.consumeRule(I)V @ 6731 c2
Event: 1301.702 Thread 0x0000023bfbfae0f0 DEOPT PACKING pc=0x0000023ba7b93194 sp=0x000000e7480fe1d0
Event: 1301.702 Thread 0x0000023bfbfae0f0 DEOPT UNPACKING pc=0x0000023ba6346da2 sp=0x000000e7480fe168 mode 2
Event: 1301.702 Thread 0x0000023bfbfae0f0 Uncommon trap: trap_request=0xffffffc6 fr.pc=0x0000023ba7b93124 relative=0x0000000000001044
Event: 1301.702 Thread 0x0000023bfbfae0f0 Uncommon trap: reason=bimorphic_or_optimized_type_check action=maybe_recompile pc=0x0000023ba7b93124 method=org.eclipse.jdt.internal.compiler.parser.Parser.consumeRule(I)V @ 6746 c2
Event: 1301.702 Thread 0x0000023bfbfae0f0 DEOPT PACKING pc=0x0000023ba7b93124 sp=0x000000e7480fe1d0
Event: 1301.702 Thread 0x0000023bfbfae0f0 DEOPT UNPACKING pc=0x0000023ba6346da2 sp=0x000000e7480fe170 mode 2
Event: 1301.703 Thread 0x0000023bfbfae0f0 Uncommon trap: trap_request=0xffffffc6 fr.pc=0x0000023ba7b93194 relative=0x00000000000010b4
Event: 1301.703 Thread 0x0000023bfbfae0f0 Uncommon trap: reason=bimorphic_or_optimized_type_check action=maybe_recompile pc=0x0000023ba7b93194 method=org.eclipse.jdt.internal.compiler.parser.Parser.consumeRule(I)V @ 6731 c2
Event: 1301.703 Thread 0x0000023bfbfae0f0 DEOPT PACKING pc=0x0000023ba7b93194 sp=0x000000e7480fe1d0
Event: 1301.703 Thread 0x0000023bfbfae0f0 DEOPT UNPACKING pc=0x0000023ba6346da2 sp=0x000000e7480fe168 mode 2
Event: 1318.498 Thread 0x0000023bfbfae0f0 DEOPT PACKING pc=0x0000023ba0488724 sp=0x000000e7480fe500
Event: 1318.499 Thread 0x0000023bfbfae0f0 DEOPT UNPACKING pc=0x0000023ba63478e2 sp=0x000000e7480fd920 mode 0
Event: 1318.520 Thread 0x0000023bf9810bb0 Uncommon trap: trap_request=0xffffff45 fr.pc=0x0000023ba7bb4e18 relative=0x0000000000006398
Event: 1318.520 Thread 0x0000023bf9810bb0 Uncommon trap: reason=unstable_if action=reinterpret pc=0x0000023ba7bb4e18 method=org.eclipse.jdt.internal.core.NameLookup.seekTypes(Ljava/lang/String;Lorg/eclipse/jdt/core/IPackageFragment;ZILorg/eclipse/jdt/internal/core/IJavaElementRequestor;Z)V @ 126 
Event: 1318.520 Thread 0x0000023bf9810bb0 DEOPT PACKING pc=0x0000023ba7bb4e18 sp=0x000000e7482fde30
Event: 1318.520 Thread 0x0000023bf9810bb0 DEOPT UNPACKING pc=0x0000023ba6346da2 sp=0x000000e7482fdcc0 mode 2

Classes loaded (20 events):
Event: 806.952 Loading class java/lang/UnsupportedClassVersionError
Event: 806.959 Loading class java/lang/UnsupportedClassVersionError done
Event: 819.585 Loading class jdk/internal/ref/CleanerImpl$InnocuousThreadFactory
Event: 819.587 Loading class jdk/internal/ref/CleanerImpl$InnocuousThreadFactory done
Event: 1020.765 Loading class java/lang/StringLatin1$CharsSpliterator
Event: 1020.766 Loading class java/lang/StringLatin1$CharsSpliterator done
Event: 1022.438 Loading class java/io/CharArrayReader
Event: 1022.438 Loading class java/io/CharArrayReader done
Event: 1022.439 Loading class java/util/regex/Pattern$Bound
Event: 1022.439 Loading class java/util/regex/Pattern$Bound done
Event: 1044.496 Loading class java/util/stream/ReduceOps$5
Event: 1044.497 Loading class java/util/stream/ReduceOps$5 done
Event: 1044.497 Loading class java/util/stream/ReduceOps$CountingSink$OfRef
Event: 1044.497 Loading class java/util/stream/ReduceOps$CountingSink
Event: 1044.498 Loading class java/util/stream/ReduceOps$CountingSink done
Event: 1044.498 Loading class java/util/stream/ReduceOps$CountingSink$OfRef done
Event: 1044.944 Loading class java/util/concurrent/ArrayBlockingQueue
Event: 1044.945 Loading class java/util/concurrent/ArrayBlockingQueue done
Event: 1045.185 Loading class sun/nio/ch/ChannelOutputStream
Event: 1045.186 Loading class sun/nio/ch/ChannelOutputStream done

Classes unloaded (8 events):
Event: 10.042 Thread 0x0000023b9bb336a0 Unloading class 0x0000023bb41aa800 'java/lang/invoke/LambdaForm$MH+0x0000023bb41aa800'
Event: 10.042 Thread 0x0000023b9bb336a0 Unloading class 0x0000023bb41aa400 'java/lang/invoke/LambdaForm$MH+0x0000023bb41aa400'
Event: 10.042 Thread 0x0000023b9bb336a0 Unloading class 0x0000023bb41aa000 'java/lang/invoke/LambdaForm$MH+0x0000023bb41aa000'
Event: 10.042 Thread 0x0000023b9bb336a0 Unloading class 0x0000023bb41a9c00 'java/lang/invoke/LambdaForm$MH+0x0000023bb41a9c00'
Event: 10.042 Thread 0x0000023b9bb336a0 Unloading class 0x0000023bb41a9800 'java/lang/invoke/LambdaForm$BMH+0x0000023bb41a9800'
Event: 10.042 Thread 0x0000023b9bb336a0 Unloading class 0x0000023bb41a9400 'java/lang/invoke/LambdaForm$DMH+0x0000023bb41a9400'
Event: 10.042 Thread 0x0000023b9bb336a0 Unloading class 0x0000023bb41a8400 'java/lang/invoke/LambdaForm$DMH+0x0000023bb41a8400'
Event: 26.464 Thread 0x0000023b9bb336a0 Unloading class 0x0000023bb46a0800 'java/lang/invoke/LambdaForm$DMH+0x0000023bb46a0800'

Classes redefined (0 events):
No events

Internal exceptions (20 events):
Event: 1148.287 Thread 0x0000023bfa319d60 Exception <a 'sun/nio/fs/WindowsException'{0x00000000d58f0c50}> (0x00000000d58f0c50) 
thrown [s\src\hotspot\share\prims\jni.cpp, line 520]
Event: 1148.287 Thread 0x0000023bfa319d60 Exception <a 'sun/nio/fs/WindowsException'{0x00000000d58f1530}> (0x00000000d58f1530) 
thrown [s\src\hotspot\share\prims\jni.cpp, line 520]
Event: 1148.288 Thread 0x0000023bfa319d60 Exception <a 'sun/nio/fs/WindowsException'{0x00000000d58f3bd8}> (0x00000000d58f3bd8) 
thrown [s\src\hotspot\share\prims\jni.cpp, line 520]
Event: 1148.289 Thread 0x0000023bfa319d60 Exception <a 'sun/nio/fs/WindowsException'{0x00000000d58f44b8}> (0x00000000d58f44b8) 
thrown [s\src\hotspot\share\prims\jni.cpp, line 520]
Event: 1148.289 Thread 0x0000023bfa319d60 Exception <a 'sun/nio/fs/WindowsException'{0x00000000d58f6908}> (0x00000000d58f6908) 
thrown [s\src\hotspot\share\prims\jni.cpp, line 520]
Event: 1148.289 Thread 0x0000023bfa319d60 Exception <a 'sun/nio/fs/WindowsException'{0x00000000d58f71e8}> (0x00000000d58f71e8) 
thrown [s\src\hotspot\share\prims\jni.cpp, line 520]
Event: 1148.290 Thread 0x0000023bfa319d60 Exception <a 'sun/nio/fs/WindowsException'{0x00000000d58f9638}> (0x00000000d58f9638) 
thrown [s\src\hotspot\share\prims\jni.cpp, line 520]
Event: 1148.290 Thread 0x0000023bfa319d60 Exception <a 'sun/nio/fs/WindowsException'{0x00000000d58f9f18}> (0x00000000d58f9f18) 
thrown [s\src\hotspot\share\prims\jni.cpp, line 520]
Event: 1484.421 Thread 0x0000023bfa319d60 Exception <a 'sun/nio/fs/WindowsException'{0x00000000d5828438}> (0x00000000d5828438) 
thrown [s\src\hotspot\share\prims\jni.cpp, line 520]
Event: 1484.424 Thread 0x0000023bfa319d60 Exception <a 'sun/nio/fs/WindowsException'{0x00000000d5828d18}> (0x00000000d5828d18) 
thrown [s\src\hotspot\share\prims\jni.cpp, line 520]
Event: 1484.442 Thread 0x0000023bfa319d60 Exception <a 'sun/nio/fs/WindowsException'{0x00000000d5836148}> (0x00000000d5836148) 
thrown [s\src\hotspot\share\prims\jni.cpp, line 520]
Event: 1484.442 Thread 0x0000023bfa319d60 Exception <a 'sun/nio/fs/WindowsException'{0x00000000d5836a28}> (0x00000000d5836a28) 
thrown [s\src\hotspot\share\prims\jni.cpp, line 520]
Event: 1484.462 Thread 0x0000023bfa319d60 Exception <a 'sun/nio/fs/WindowsException'{0x00000000d58390b8}> (0x00000000d58390b8) 
thrown [s\src\hotspot\share\prims\jni.cpp, line 520]
Event: 1484.462 Thread 0x0000023bfa319d60 Exception <a 'sun/nio/fs/WindowsException'{0x00000000d5839998}> (0x00000000d5839998) 
thrown [s\src\hotspot\share\prims\jni.cpp, line 520]
Event: 1484.503 Thread 0x0000023bfa319d60 Exception <a 'sun/nio/fs/WindowsException'{0x00000000d583bde8}> (0x00000000d583bde8) 
thrown [s\src\hotspot\share\prims\jni.cpp, line 520]
Event: 1484.504 Thread 0x0000023bfa319d60 Exception <a 'sun/nio/fs/WindowsException'{0x00000000d583c6c8}> (0x00000000d583c6c8) 
thrown [s\src\hotspot\share\prims\jni.cpp, line 520]
Event: 1484.508 Thread 0x0000023bfa319d60 Exception <a 'sun/nio/fs/WindowsException'{0x00000000d583edc8}> (0x00000000d583edc8) 
thrown [s\src\hotspot\share\prims\jni.cpp, line 520]
Event: 1484.509 Thread 0x0000023bfa319d60 Exception <a 'sun/nio/fs/WindowsException'{0x00000000d583f6a8}> (0x00000000d583f6a8) 
thrown [s\src\hotspot\share\prims\jni.cpp, line 520]
Event: 1484.511 Thread 0x0000023bfa319d60 Exception <a 'sun/nio/fs/WindowsException'{0x00000000d5841af8}> (0x00000000d5841af8) 
thrown [s\src\hotspot\share\prims\jni.cpp, line 520]
Event: 1484.511 Thread 0x0000023bfa319d60 Exception <a 'sun/nio/fs/WindowsException'{0x00000000d58423d8}> (0x00000000d58423d8) 
thrown [s\src\hotspot\share\prims\jni.cpp, line 520]

ZGC Phase Switch (0 events):
No events

VM Operations (20 events):
Event: 3128.070 Executing VM operation: HandshakeAllThreads (HandshakeForDeflation)
Event: 3128.070 Executing VM operation: HandshakeAllThreads (HandshakeForDeflation) done
Event: 3128.070 Executing VM operation: RendezvousGCThreads
Event: 3128.070 Executing VM operation: RendezvousGCThreads done
Event: 3188.154 Executing VM operation: HandshakeAllThreads (HandshakeForDeflation)
Event: 3188.154 Executing VM operation: HandshakeAllThreads (HandshakeForDeflation) done
Event: 3188.154 Executing VM operation: RendezvousGCThreads
Event: 3188.154 Executing VM operation: RendezvousGCThreads done
Event: 3359.868 Executing VM operation: Cleanup
Event: 3359.868 Executing VM operation: Cleanup done
Event: 3488.405 Executing VM operation: HandshakeAllThreads (HandshakeForDeflation)
Event: 3488.405 Executing VM operation: HandshakeAllThreads (HandshakeForDeflation) done
Event: 3488.405 Executing VM operation: RendezvousGCThreads
Event: 3488.405 Executing VM operation: RendezvousGCThreads done
Event: 3675.214 Executing VM operation: Cleanup
Event: 3675.214 Executing VM operation: Cleanup done
Event: 3789.185 Executing VM operation: HandshakeAllThreads (HandshakeForDeflation)
Event: 3789.185 Executing VM operation: HandshakeAllThreads (HandshakeForDeflation) done
Event: 3789.185 Executing VM operation: RendezvousGCThreads
Event: 3789.185 Executing VM operation: RendezvousGCThreads done

Memory protections (0 events):
No events

Nmethod flushes (20 events):
Event: 900.132 Thread 0x0000023b9bb336a0 flushing  nmethod 0x0000023b9fee1090
Event: 900.132 Thread 0x0000023b9bb336a0 flushing  nmethod 0x0000023b9fee2090
Event: 900.132 Thread 0x0000023b9bb336a0 flushing  nmethod 0x0000023b9fee4390
Event: 900.132 Thread 0x0000023b9bb336a0 flushing  nmethod 0x0000023b9feeac90
Event: 900.132 Thread 0x0000023b9bb336a0 flushing  nmethod 0x0000023b9fef3710
Event: 900.132 Thread 0x0000023b9bb336a0 flushing  nmethod 0x0000023b9fef5f90
Event: 900.132 Thread 0x0000023b9bb336a0 flushing  nmethod 0x0000023b9ff19610
Event: 900.132 Thread 0x0000023b9bb336a0 flushing  nmethod 0x0000023b9ff4b810
Event: 900.132 Thread 0x0000023b9bb336a0 flushing  nmethod 0x0000023b9ff96090
Event: 900.132 Thread 0x0000023b9bb336a0 flushing  nmethod 0x0000023b9ff99190
Event: 900.132 Thread 0x0000023b9bb336a0 flushing  nmethod 0x0000023b9ff99f10
Event: 900.132 Thread 0x0000023b9bb336a0 flushing  nmethod 0x0000023b9ff9ae10
Event: 900.132 Thread 0x0000023b9bb336a0 flushing  nmethod 0x0000023b9ff9b710
Event: 900.133 Thread 0x0000023b9bb336a0 flushing  nmethod 0x0000023b9ffcd310
Event: 900.133 Thread 0x0000023b9bb336a0 flushing  nmethod 0x0000023ba0064d90
Event: 900.133 Thread 0x0000023b9bb336a0 flushing  nmethod 0x0000023ba0078690
Event: 900.133 Thread 0x0000023b9bb336a0 flushing  nmethod 0x0000023ba014b690
Event: 900.133 Thread 0x0000023b9bb336a0 flushing  nmethod 0x0000023ba0175210
Event: 900.133 Thread 0x0000023b9bb336a0 flushing  nmethod 0x0000023ba01a9c90
Event: 900.133 Thread 0x0000023b9bb336a0 flushing  nmethod 0x0000023ba01ab610

Events (20 events):
Event: 1484.516 Thread 0x0000023bfbfb0ee0 Thread added: 0x0000023bfbfb0850
Event: 1484.517 Thread 0x0000023bfbfb0850 Thread added: 0x0000023bfbfb1570
Event: 1484.517 Thread 0x0000023bfbfb0850 Thread added: 0x0000023bfbfafb30
Event: 1484.526 Thread 0x0000023bfbfb0ee0 Thread added: 0x0000023bfbfb2290
Event: 1484.527 Thread 0x0000023bfbfb0850 Thread added: 0x0000023bfbfb01c0
Event: 1484.528 Thread 0x0000023bfbfb01c0 Thread exited: 0x0000023bfbfb01c0
Event: 1484.528 Thread 0x0000023bfbfb0ee0 Thread exited: 0x0000023bfbfb0ee0
Event: 1484.528 Thread 0x0000023bfbfb1570 Thread exited: 0x0000023bfbfb1570
Event: 1484.528 Thread 0x0000023bfbfb0850 Thread exited: 0x0000023bfbfb0850
Event: 1484.528 Thread 0x0000023bfbfb2290 Thread exited: 0x0000023bfbfb2290
Event: 1484.528 Thread 0x0000023bfbfafb30 Thread exited: 0x0000023bfbfafb30
Event: 1498.568 Thread 0x0000023bf983b1a0 Thread exited: 0x0000023bf983b1a0
Event: 1558.581 Thread 0x0000023bf9810bb0 Thread exited: 0x0000023bf9810bb0
Event: 1618.596 Thread 0x0000023bfbfae0f0 Thread exited: 0x0000023bfbfae0f0
Event: 1662.130 Thread 0x0000023bfa42d370 Thread added: 0x0000023bfbfae0f0
Event: 1663.447 Thread 0x0000023bfa42d370 Thread added: 0x0000023bfbfb1c00
Event: 1723.620 Thread 0x0000023bfbfb1c00 Thread exited: 0x0000023bfbfb1c00
Event: 1783.637 Thread 0x0000023bf980eae0 Thread exited: 0x0000023bf980eae0
Event: 1843.634 Thread 0x0000023bfbfae0f0 Thread exited: 0x0000023bfbfae0f0
Event: 1903.644 Thread 0x0000023bf9840060 Thread exited: 0x0000023bf9840060


Dynamic libraries:
0x00007ff68bc10000 - 0x00007ff68bc1e000 	c:\Users\ALCH12230104\.vscode\extensions\redhat.java-1.50.0-win32-x64\jre\21.0.9-win32-x86_64\bin\java.exe
0x00007ffe38080000 - 0x00007ffe382e7000 	C:\WINDOWS\SYSTEM32\ntdll.dll
0x00007ffe367f0000 - 0x00007ffe368b9000 	C:\WINDOWS\System32\KERNEL32.DLL
0x00007ffe35820000 - 0x00007ffe35c0f000 	C:\WINDOWS\System32\KERNELBASE.dll
0x00007ffe354f0000 - 0x00007ffe3563b000 	C:\WINDOWS\System32\ucrtbase.dll
0x00007ffded230000 - 0x00007ffded248000 	c:\Users\ALCH12230104\.vscode\extensions\redhat.java-1.50.0-win32-x64\jre\21.0.9-win32-x86_64\bin\jli.dll
0x00007ffe37670000 - 0x00007ffe37835000 	C:\WINDOWS\System32\USER32.dll
0x00007ffe35350000 - 0x00007ffe35377000 	C:\WINDOWS\System32\win32u.dll
0x00007ffe35f70000 - 0x00007ffe35f9b000 	C:\WINDOWS\System32\GDI32.dll
0x00007ffe356f0000 - 0x00007ffe3581c000 	C:\WINDOWS\System32\gdi32full.dll
0x00007ffe35cb0000 - 0x00007ffe35d53000 	C:\WINDOWS\System32\msvcp_win.dll
0x00007ffde7e90000 - 0x00007ffde7eae000 	c:\Users\ALCH12230104\.vscode\extensions\redhat.java-1.50.0-win32-x64\jre\21.0.9-win32-x86_64\bin\VCRUNTIME140.dll
0x00007ffe14dd0000 - 0x00007ffe15063000 	C:\WINDOWS\WinSxS\amd64_microsoft.windows.common-controls_6595b64144ccf1df_6.0.26100.7309_none_3e05feeae336a044\COMCTL32.dll
0x00007ffe37f90000 - 0x00007ffe38039000 	C:\WINDOWS\System32\msvcrt.dll
0x00007ffe37f50000 - 0x00007ffe37f81000 	C:\WINDOWS\System32\IMM32.DLL
0x00007ffe2c9d0000 - 0x00007ffe2c9dc000 	c:\Users\ALCH12230104\.vscode\extensions\redhat.java-1.50.0-win32-x64\jre\21.0.9-win32-x86_64\bin\vcruntime140_1.dll
0x00007ffdcd4d0000 - 0x00007ffdcd55d000 	c:\Users\ALCH12230104\.vscode\extensions\redhat.java-1.50.0-win32-x64\jre\21.0.9-win32-x86_64\bin\msvcp140.dll
0x00007ffd954c0000 - 0x00007ffd96260000 	c:\Users\ALCH12230104\.vscode\extensions\redhat.java-1.50.0-win32-x64\jre\21.0.9-win32-x86_64\bin\server\jvm.dll
0x00007ffe35eb0000 - 0x00007ffe35f64000 	C:\WINDOWS\System32\ADVAPI32.dll
0x00007ffe36050000 - 0x00007ffe360f6000 	C:\WINDOWS\System32\sechost.dll
0x00007ffe37840000 - 0x00007ffe37958000 	C:\WINDOWS\System32\RPCRT4.dll
0x00007ffe35fa0000 - 0x00007ffe36014000 	C:\WINDOWS\System32\WS2_32.dll
0x00007ffe35030000 - 0x00007ffe3508e000 	C:\WINDOWS\SYSTEM32\POWRPROF.dll
0x00007ffe24850000 - 0x00007ffe24885000 	C:\WINDOWS\SYSTEM32\WINMM.dll
0x00007ffe29720000 - 0x00007ffe2972b000 	C:\WINDOWS\SYSTEM32\VERSION.dll
0x00007ffe35010000 - 0x00007ffe35024000 	C:\WINDOWS\SYSTEM32\UMPDC.dll
0x00007ffe33f80000 - 0x00007ffe33f9b000 	C:\WINDOWS\SYSTEM32\kernel.appcore.dll
0x00007ffe2c910000 - 0x00007ffe2c91a000 	c:\Users\ALCH12230104\.vscode\extensions\redhat.java-1.50.0-win32-x64\jre\21.0.9-win32-x86_64\bin\jimage.dll
0x00007ffe32590000 - 0x00007ffe327d2000 	C:\WINDOWS\SYSTEM32\DBGHELP.DLL
0x00007ffe36200000 - 0x00007ffe36585000 	C:\WINDOWS\System32\combase.dll
0x00007ffe368c0000 - 0x00007ffe36996000 	C:\WINDOWS\System32\OLEAUT32.dll
0x00007ffdfa210000 - 0x00007ffdfa24c000 	C:\WINDOWS\SYSTEM32\dbgcore.DLL
0x00007ffe35640000 - 0x00007ffe356e5000 	C:\WINDOWS\System32\bcryptPrimitives.dll
0x00007ffe2c710000 - 0x00007ffe2c71f000 	c:\Users\ALCH12230104\.vscode\extensions\redhat.java-1.50.0-win32-x64\jre\21.0.9-win32-x86_64\bin\instrument.dll
0x00007ffe024f0000 - 0x00007ffe02510000 	c:\Users\ALCH12230104\.vscode\extensions\redhat.java-1.50.0-win32-x64\jre\21.0.9-win32-x86_64\bin\java.dll
0x00007ffe36f10000 - 0x00007ffe37663000 	C:\WINDOWS\System32\SHELL32.dll
0x00007ffe35380000 - 0x00007ffe354ea000 	C:\WINDOWS\System32\wintypes.dll
0x00007ffe32bf0000 - 0x00007ffe3344e000 	C:\WINDOWS\SYSTEM32\windows.storage.dll
0x00007ffe379f0000 - 0x00007ffe37ae5000 	C:\WINDOWS\System32\SHCORE.dll
0x00007ffe37970000 - 0x00007ffe379d6000 	C:\WINDOWS\System32\shlwapi.dll
0x00007ffe350f0000 - 0x00007ffe35119000 	C:\WINDOWS\SYSTEM32\profapi.dll
0x00007ffe01f30000 - 0x00007ffe01f48000 	c:\Users\ALCH12230104\.vscode\extensions\redhat.java-1.50.0-win32-x64\jre\21.0.9-win32-x86_64\bin\zip.dll
0x00007ffe2b6e0000 - 0x00007ffe2b6f0000 	C:\Users\ALCH12230104\.vscode\extensions\redhat.java-1.50.0-win32-x64\jre\21.0.9-win32-x86_64\bin\net.dll
0x00007ffe2c000000 - 0x00007ffe2c128000 	C:\WINDOWS\SYSTEM32\WINHTTP.dll
0x00007ffe344f0000 - 0x00007ffe3455b000 	C:\WINDOWS\system32\mswsock.dll
0x00007ffdeb890000 - 0x00007ffdeb8a6000 	C:\Users\ALCH12230104\.vscode\extensions\redhat.java-1.50.0-win32-x64\jre\21.0.9-win32-x86_64\bin\nio.dll
0x00007ffe2b400000 - 0x00007ffe2b410000 	c:\Users\ALCH12230104\.vscode\extensions\redhat.java-1.50.0-win32-x64\jre\21.0.9-win32-x86_64\bin\verify.dll
0x00007ffdd9ff0000 - 0x00007ffdda034000 	C:\Users\ALCH12230104\AppData\Roaming\Code\User\globalStorage\redhat.java\1.50.0\config_win\org.eclipse.equinox.launcher\org.eclipse.equinox.launcher.win32.win32.x86_64_1.2.1400.v20250801-0854\eclipse_11916.dll
0x00007ffe37af0000 - 0x00007ffe37c87000 	C:\WINDOWS\System32\ole32.dll
0x00007ffe347b0000 - 0x00007ffe347cb000 	C:\WINDOWS\SYSTEM32\CRYPTSP.dll
0x00007ffe33ee0000 - 0x00007ffe33f1a000 	C:\WINDOWS\system32\rsaenh.dll
0x00007ffe345a0000 - 0x00007ffe345cb000 	C:\WINDOWS\SYSTEM32\USERENV.dll
0x00007ffe350c0000 - 0x00007ffe350ea000 	C:\WINDOWS\SYSTEM32\bcrypt.dll
0x00007ffe347d0000 - 0x00007ffe347dc000 	C:\WINDOWS\SYSTEM32\CRYPTBASE.dll
0x00007ffe33790000 - 0x00007ffe337c4000 	C:\WINDOWS\SYSTEM32\IPHLPAPI.DLL
0x00007ffe369f0000 - 0x00007ffe369fa000 	C:\WINDOWS\System32\NSI.dll
0x00007ffdd9020000 - 0x00007ffdd9069000 	C:\Users\ALCH12230104\AppData\Local\Temp\jna-1505794231\jna9662632498614785044.dll
0x00007ffe35e20000 - 0x00007ffe35e28000 	C:\WINDOWS\System32\PSAPI.DLL
0x00007ffe2cc50000 - 0x00007ffe2cc6e000 	C:\WINDOWS\SYSTEM32\dhcpcsvc6.DLL
0x00007ffe2cc20000 - 0x00007ffe2cc43000 	C:\WINDOWS\SYSTEM32\dhcpcsvc.DLL
0x00007ffe2e5e0000 - 0x00007ffe2e5ee000 	C:\Users\ALCH12230104\.vscode\extensions\redhat.java-1.50.0-win32-x64\jre\21.0.9-win32-x86_64\bin\sunmscapi.dll
0x00007ffe351d0000 - 0x00007ffe35347000 	C:\WINDOWS\System32\CRYPT32.dll
0x00007ffe349d0000 - 0x00007ffe34a00000 	C:\WINDOWS\SYSTEM32\ncrypt.dll
0x00007ffe34980000 - 0x00007ffe349bf000 	C:\WINDOWS\SYSTEM32\NTASN1.dll
0x00007ffe2ade0000 - 0x00007ffe2ade9000 	C:\Users\ALCH12230104\.vscode\extensions\redhat.java-1.50.0-win32-x64\jre\21.0.9-win32-x86_64\bin\extnet.dll
0x00007ffe340a0000 - 0x00007ffe340d6000 	C:\WINDOWS\SYSTEM32\ntmarta.dll

JVMTI agents:
c:\Users\ALCH12230104\.vscode\extensions\redhat.java-1.50.0-win32-x64\lombok\lombok-1.18.39-4050.jar path:c:\Users\ALCH12230104\.vscode\extensions\redhat.java-1.50.0-win32-x64\jre\21.0.9-win32-x86_64\bin\instrument.dll, loaded, initialized, instrumentlib options:none

dbghelp: loaded successfully - version: 4.0.5 - missing functions: none
symbol engine: initialized successfully - sym options: 0x614 - pdb path: .;c:\Users\ALCH12230104\.vscode\extensions\redhat.java-1.50.0-win32-x64\jre\21.0.9-win32-x86_64\bin;C:\WINDOWS\SYSTEM32;C:\WINDOWS\WinSxS\amd64_microsoft.windows.common-controls_6595b64144ccf1df_6.0.26100.7309_none_3e05feeae336a044;c:\Users\ALCH12230104\.vscode\extensions\redhat.java-1.50.0-win32-x64\jre\21.0.9-win32-x86_64\bin\server;C:\Users\ALCH12230104\AppData\Roaming\Code\User\globalStorage\redhat.java\1.50.0\config_win\org.eclipse.equinox.launcher\org.eclipse.equinox.launcher.win32.win32.x86_64_1.2.1400.v20250801-0854;C:\Users\ALCH12230104\AppData\Local\Temp\jna-1505794231

VM Arguments:
jvm_args: --add-modules=ALL-SYSTEM --add-opens=java.base/java.util=ALL-UNNAMED --add-opens=java.base/java.lang=ALL-UNNAMED --add-opens=java.base/sun.nio.fs=ALL-UNNAMED -Declipse.application=org.eclipse.jdt.ls.core.id1 -Dosgi.bundles.defaultStartLevel=4 -Declipse.product=org.eclipse.jdt.ls.core.product -Djava.import.generatesMetadataFilesAtProjectRoot=false -DDetectVMInstallationsJob.disabled=true -Dfile.encoding=utf8 -XX:+UseParallelGC -XX:GCTimeRatio=4 -XX:AdaptiveSizePolicyWeight=90 -Dsun.zip.disableMemoryMapping=true -Xmx2G -Xms100m -Xlog:disable -javaagent:c:\Users\ALCH12230104\.vscode\extensions\redhat.java-1.50.0-win32-x64\lombok\lombok-1.18.39-4050.jar -XX:+HeapDumpOnOutOfMemoryError -XX:HeapDumpPath=c:\Users\ALCH12230104\AppData\Roaming\Code\User\workspaceStorage\f8ba31ec525c401371b340e4043796e8\redhat.java -Daether.dependencyCollector.impl=bf 
java_command: c:\Users\ALCH12230104\.vscode\extensions\redhat.java-1.50.0-win32-x64\server\plugins\org.eclipse.equinox.launcher_1.7.100.v20251111-0406.jar -configuration c:\Users\ALCH12230104\AppData\Roaming\Code\User\globalStorage\redhat.java\1.50.0\config_win -data c:\Users\ALCH12230104\AppData\Roaming\Code\User\workspaceStorage\f8ba31ec525c401371b340e4043796e8\redhat.java\jdt_ws --pipe=\\.\pipe\lsp-8f66fd0015ef5e4f5ef6aebcccd6be49-sock
java_class_path (initial): c:\Users\ALCH12230104\.vscode\extensions\redhat.java-1.50.0-win32-x64\server\plugins\org.eclipse.equinox.launcher_1.7.100.v20251111-0406.jar
Launcher Type: SUN_STANDARD

[Global flags]
    uintx AdaptiveSizePolicyWeight                 = 90                                        {product} {command line}
     intx CICompilerCount                          = 4                                         {product} {ergonomic}
    uintx GCTimeRatio                              = 4                                         {product} {command line}
     bool HeapDumpOnOutOfMemoryError               = true                                   {manageable} {command line}
    ccstr HeapDumpPath                             = c:\Users\ALCH12230104\AppData\Roaming\Code\User\workspaceStorage\f8ba31ec525c401371b340e4043796e8\redhat.java         {manageable} {command line}
   size_t InitialHeapSize                          = 104857600                                 {product} {command line}
   size_t MaxHeapSize                              = 2147483648                                {product} {command line}
   size_t MaxNewSize                               = 715653120                                 {product} {ergonomic}
   size_t MinHeapDeltaBytes                        = 524288                                    {product} {ergonomic}
   size_t MinHeapSize                              = 104857600                                 {product} {command line}
   size_t NewSize                                  = 34603008                                  {product} {ergonomic}
    uintx NonNMethodCodeHeapSize                   = 5839372                                {pd product} {ergonomic}
    uintx NonProfiledCodeHeapSize                  = 122909434                              {pd product} {ergonomic}
   size_t OldSize                                  = 70254592                                  {product} {ergonomic}
    uintx ProfiledCodeHeapSize                     = 122909434                              {pd product} {ergonomic}
    uintx ReservedCodeCacheSize                    = 251658240                              {pd product} {ergonomic}
     bool SegmentedCodeCache                       = true                                      {product} {ergonomic}
   size_t SoftMaxHeapSize                          = 2147483648                             {manageable} {ergonomic}
     bool UseCompressedOops                        = true                           {product lp64_product} {ergonomic}
     bool UseLargePagesIndividualAllocation        = false                                  {pd product} {ergonomic}
     bool UseParallelGC                            = true                                      {product} {command line}

Logging:
Log output configuration:
 #0: stdout all=off uptime,level,tags foldmultilines=false
 #1: stderr all=off uptime,level,tags foldmultilines=false

Release file:
JAVA_VERSION="21.0.9" 
MODULES="java.base java.compiler java.datatransfer java.xml java.prefs java.desktop java.instrument java.logging java.management java.security.sasl java.naming java.rmi java.management.rmi java.net.http java.scripting java.security.jgss java.transaction.xa java.sql java.sql.rowset java.xml.crypto java.se java.smartcardio jdk.accessibility jdk.internal.jvmstat jdk.attach jdk.charsets jdk.internal.opt jdk.zipfs jdk.compiler jdk.crypto.ec jdk.crypto.cryptoki jdk.crypto.mscapi jdk.dynalink jdk.internal.ed jdk.editpad jdk.hotspot.agent jdk.httpserver jdk.internal.le jdk.internal.vm.ci jdk.internal.vm.compiler jdk.internal.vm.compiler.management jdk.jartool jdk.javadoc jdk.jcmd jdk.management jdk.management.agent jdk.jconsole jdk.jdeps jdk.jdwp.agent jdk.jdi jdk.jfr jdk.jshell jdk.jsobject jdk.jstatd jdk.localedata jdk.management.jfr jdk.naming.dns jdk.naming.rmi jdk.net jdk.nio.mapmode jdk.random jdk.sctp jdk.security.auth jdk.security.jgss jdk.unsupported jdk.unsupported.desktop jdk.xml.dom" 

Environment Variables:
JAVA_HOME=C:\Program Files\Java\jdk-20
CLASSPATH=.;C:\Program Files\Java\jdk-20\lib;C:\Program Files\Java\jdk-20\lib\tools.jar
PATH=C:\Program Files\OpenSSH\OpenSSH-Win64;C:\Program Files\Java\jdk-20\bin;C:\Program Files\Java\jdk-20\jre\bin;C:\Program Files\Common Files\Oracle\Java\javapath;D:\tool\Python\2.7.8\;C:\Windows\system32;C:\Windows;C:\Windows\System32\Wbem;C:\Windows\System32\WindowsPowerShell\v1.0\;C:\Windows\System32\OpenSSH\;D:\MySQL\bin;node_global\node_modules;C:\Program Files\Pandoc\;D:\Program Files\x86_64-8.1.0-release-posix-sjlj-rt_v6-rev0\mingw64\x86_64-w64-mingw32\bin;C:\Program Files\TortoiseSVN\bin;C:\Program Files (x86)\PuTTY\;C:\Program Files (x86)\Tencent\WxWebDeveloperTools\dll;D:\Program Files\gcc\mingw64\bin;C:\Program Files\Git\cmd;C:\Program Files\dotnet\;C:\Program Files (x86)\Windows Kits\10\Windows Performance Toolkit\;C:\Program Files\Microsoft SQL Server\Client SDK\ODBC\170\Tools\Binn\;C:\Program Files (x86)\Microsoft SQL Server\150\Tools\Binn\;C:\Program Files\Microsoft SQL Server\150\Tools\Binn\;C:\Program Files\Microsoft SQL Server\150\DTS\Binn\;C:\Program Files (x86)\Microsoft SQL Server\160\DTS\Binn\;C:\ProgramData\Miniconda3;C:\ProgramData\Miniconda3\Scripts;C:\ProgramData\Miniconda3\Library\bin;C:\WINDOWS\system32;C:\WINDOWS;C:\WINDOWS\System32\Wbem;C:\WINDOWS\System32\WindowsPowerShell\v1.0\;C:\WINDOWS\System32\OpenSSH\;D:\Program Files\TortoiseGit\bin;D:\tool\nvm;C:\nvm4w\nodejs;C:\ProgramData\Miniconda3\Scripts;C:\ProgramData\Miniconda3\Library\bin;C:\ProgramData\Miniconda3;C:\Users\ALCH12230104\AppData\Local\Microsoft\WindowsApps;D:\eclipse\Maven\bin\;node_global;C:\Program Files\JetBrains\IntelliJ IDEA 2023.1.3\bin;;C:\Program Files\JetBrains\PyCharm 2023.1.3\bin;;D:\Program Files\Microsoft VS Code\bin;D:\Program Files\x86_64-8.1.0-release-posix-sjlj-rt_v6-rev0\mingw64\x86_64-w64-mingw32\bin;C:\Program Files\JetBrains\CLion 2023.3.5\bin;;C:\Users\ALCH12230104\.dotnet\tools;D:\tool\nvm;C:\nvm4w\nodejs;C:\Program Files\nodejs\node_global;
USERNAME=ALCH12230104
OS=Windows_NT
PROCESSOR_IDENTIFIER=Intel64 Family 6 Model 140 Stepping 1, GenuineIntel
TMP=C:\Users\ALCH12~1\AppData\Local\Temp
TEMP=C:\Users\ALCH12~1\AppData\Local\Temp




Periodic native trim disabled

---------------  S Y S T E M  ---------------

OS:
 Windows 11 , 64 bit Build 26100 (10.0.26100.7309)
OS uptime: 0 days 1:57 hours

CPU: total 8 (initial active 8) (4 cores per cpu, 2 threads per core) family 6 model 140 stepping 1 microcode 0xbc, cx8, cmov, fxsr, ht, mmx, 3dnowpref, sse, sse2, sse3, ssse3, sse4.1, sse4.2, popcnt, lzcnt, tsc, tscinvbit, avx, avx2, aes, erms, clmul, bmi1, bmi2, adx, avx512f, avx512dq, avx512cd, avx512bw, avx512vl, sha, fma, vzeroupper, avx512_vpopcntdq, avx512_vpclmulqdq, avx512_vaes, avx512_vnni, clflush, clflushopt, clwb, avx512_vbmi2, avx512_vbmi, rdtscp, rdpid, fsrm, gfni, avx512_bitalg, f16c, pku, cet_ibt, cet_ss, avx512_ifma
Processor Information for the first 8 processors :
  Max Mhz: 1498, Current Mhz: 1498, Mhz Limit: 1498

Memory: 4k page, system-wide physical 7914M (713M free)
TotalPageFile size 21867M (AvailPageFile size 5M)
current process WorkingSet (physical memory assigned to process): 10M, peak: 669M
current process commit charge ("private bytes"): 1039M, peak: 1082M

vm_info: OpenJDK 64-Bit Server VM (21.0.9+10-LTS) for windows-amd64 JRE (21.0.9+10-LTS), built on 2025-10-21T00:00:00Z by "admin" with unknown MS VC++:1942

END.
