#
# There is insufficient memory for the Java Runtime Environment to continue.
# Native memory allocation (malloc) failed to allocate 1048576 bytes. Error detail: AllocateHeap
# Possible reasons:
#   The system is out of physical RAM or swap space
#   This process is running with CompressedOops enabled, and the Java Heap may be blocking the growth of the native heap
# Possible solutions:
#   Reduce memory load on the system
#   Increase physical memory or swap space
#   Check if swap backing store is full
#   Decrease Java heap size (-Xmx/-Xms)
#   Decrease number of Java threads
#   Decrease Java thread stack sizes (-Xss)
#   Set larger code cache with -XX:ReservedCodeCacheSize=
#   JVM is running with Unscaled Compressed Oops mode in which the Java heap is
#     placed in the first 4GB address space. The Java Heap base address is the
#     maximum limit for the native heap growth. Please use -XX:HeapBaseMinAddress
#     to set the Java Heap base and to place the Java Heap above 4GB virtual address.
# This output file may be truncated or incomplete.
#
#  Out of Memory Error (allocation.cpp:44), pid=17508, tid=25020
#
# JRE version: OpenJDK Runtime Environment Temurin-21.0.9+10 (21.0.9+10) (build 21.0.9+10-LTS)
# Java VM: OpenJDK 64-Bit Server VM Temurin-21.0.9+10 (21.0.9+10-LTS, mixed mode, sharing, tiered, compressed oops, compressed class ptrs, parallel gc, windows-amd64)
# No core dump will be written. Minidumps are not enabled by default on client versions of Windows
#

---------------  S U M M A R Y ------------

Command Line: --add-modules=ALL-SYSTEM --add-opens=java.base/java.util=ALL-UNNAMED --add-opens=java.base/java.lang=ALL-UNNAMED --add-opens=java.base/sun.nio.fs=ALL-UNNAMED -Declipse.application=org.eclipse.jdt.ls.core.id1 -Dosgi.bundles.defaultStartLevel=4 -Declipse.product=org.eclipse.jdt.ls.core.product -Djava.import.generatesMetadataFilesAtProjectRoot=false -DDetectVMInstallationsJob.disabled=true -Dfile.encoding=utf8 -XX:+UseParallelGC -XX:GCTimeRatio=4 -XX:AdaptiveSizePolicyWeight=90 -Dsun.zip.disableMemoryMapping=true -Xmx2G -Xms100m -Xlog:disable -javaagent:c:\Users\ALCH12230104\.vscode\extensions\redhat.java-1.51.0-win32-x64\lombok\lombok-1.18.39-4050.jar -XX:+HeapDumpOnOutOfMemoryError -XX:HeapDumpPath=c:\Users\ALCH12230104\AppData\Roaming\Code\User\workspaceStorage\f8ba31ec525c401371b340e4043796e8\redhat.java -Daether.dependencyCollector.impl=bf c:\Users\ALCH12230104\.vscode\extensions\redhat.java-1.51.0-win32-x64\server\plugins\org.eclipse.equinox.launcher_1.7.100.v20251111-0406.jar -configuration c:\Users\ALCH12230104\AppData\Roaming\Code\User\globalStorage\redhat.java\1.51.0\config_win -data c:\Users\ALCH12230104\AppData\Roaming\Code\User\workspaceStorage\f8ba31ec525c401371b340e4043796e8\redhat.java\jdt_ws --pipe=\\.\pipe\lsp-f34b1256d08901a3a66b29159ba8ab5e-sock

Host: 11th Gen Intel(R) Core(TM) i5-1145G7 @ 2.60GHz, 8 cores, 7G,  Windows 11 , 64 bit Build 26100 (10.0.26100.7309)
Time: Wed Jan 14 16:54:57 2026 elapsed time: 3912.445780 seconds (0d 1h 5m 12s)

---------------  T H R E A D  ---------------

Current thread (0x000001eba462de40):  JavaThread "Attach Listener" daemon [_thread_in_vm, id=25020, stack(0x00000074b3c00000,0x00000074b3d00000) (1024K)]

Stack: [0x00000074b3c00000,0x00000074b3d00000]
Native frames: (J=compiled Java code, j=interpreted, Vv=VM code, C=native code)
V  [jvm.dll+0x6d6e29]
V  [jvm.dll+0x8b4b76]
V  [jvm.dll+0x8b712e]
V  [jvm.dll+0x8b7813]
V  [jvm.dll+0x283d86]
V  [jvm.dll+0xc1277]
V  [jvm.dll+0x6d76d9]
V  [jvm.dll+0x133466]
V  [jvm.dll+0x3f7ea6]
V  [jvm.dll+0x85e9ad]
V  [jvm.dll+0x6d565d]
C  [ucrtbase.dll+0x37b0]
C  [KERNEL32.DLL+0x2e8d7]
C  [ntdll.dll+0x8c53c]


---------------  P R O C E S S  ---------------

Threads class SMR info:
_java_thread_list=0x000001ebef944690, length=38, elements={
0x000001eb8dbb6f20, 0x000001eb8dc6e640, 0x000001eba4629a90, 0x000001eba462d3f0,
0x000001eba462de40, 0x000001eba462e890, 0x000001eba46302f0, 0x000001eba4631120,
0x000001ebeb04b3b0, 0x000001ebeb1661c0, 0x000001ebeb308890, 0x000001ebeb8f8070,
0x000001ebeba783c0, 0x000001ebeb727f10, 0x000001ebeb728570, 0x000001ebebfd1de0,
0x000001ebeb452540, 0x000001ebeb4cb560, 0x000001ebec226fb0, 0x000001ebec146530,
0x000001ebec147250, 0x000001ebec146bc0, 0x000001ebed1d3cb0, 0x000001ebed1d5060,
0x000001ebed1d4340, 0x000001ebed1d6aa0, 0x000001ebed1d56f0, 0x000001ebed1d3620,
0x000001ebed1d7130, 0x000001ebed1d8b70, 0x000001ebed1d77c0, 0x000001ebed1d9200,
0x000001ebed1d7e50, 0x000001ebed1d84e0, 0x000001ebee67cd80, 0x000001ebee67daa0,
0x000001ebee67e130, 0x000001ebee67b340
}

Java Threads: ( => current thread )
  0x000001eb8dbb6f20 JavaThread "main"                              [_thread_blocked, id=16520, stack(0x00000074b3500000,0x00000074b3600000) (1024K)]
  0x000001eb8dc6e640 JavaThread "Reference Handler"          daemon [_thread_blocked, id=18188, stack(0x00000074b3900000,0x00000074b3a00000) (1024K)]
  0x000001eba4629a90 JavaThread "Finalizer"                  daemon [_thread_blocked, id=16820, stack(0x00000074b3a00000,0x00000074b3b00000) (1024K)]
  0x000001eba462d3f0 JavaThread "Signal Dispatcher"          daemon [_thread_blocked, id=27596, stack(0x00000074b3b00000,0x00000074b3c00000) (1024K)]
=>0x000001eba462de40 JavaThread "Attach Listener"            daemon [_thread_in_vm, id=25020, stack(0x00000074b3c00000,0x00000074b3d00000) (1024K)]
  0x000001eba462e890 JavaThread "Service Thread"             daemon [_thread_blocked, id=25500, stack(0x00000074b3d00000,0x00000074b3e00000) (1024K)]
  0x000001eba46302f0 JavaThread "Monitor Deflation Thread"   daemon [_thread_blocked, id=24836, stack(0x00000074b3e00000,0x00000074b3f00000) (1024K)]
  0x000001eba4631120 JavaThread "C2 CompilerThread0"         daemon [_thread_blocked, id=17928, stack(0x00000074b3f00000,0x00000074b4000000) (1024K)]
  0x000001ebeb04b3b0 JavaThread "C1 CompilerThread0"         daemon [_thread_blocked, id=1980, stack(0x00000074b4000000,0x00000074b4100000) (1024K)]
  0x000001ebeb1661c0 JavaThread "Common-Cleaner"             daemon [_thread_blocked, id=12576, stack(0x00000074b4100000,0x00000074b4200000) (1024K)]
  0x000001ebeb308890 JavaThread "Notification Thread"        daemon [_thread_blocked, id=15128, stack(0x00000074b4200000,0x00000074b4300000) (1024K)]
  0x000001ebeb8f8070 JavaThread "Active Thread: Equinox Container: aa4b6fd7-b95a-4790-b419-c068f9e82d9f"        [_thread_blocked, id=16900, stack(0x00000074b4a00000,0x00000074b4b00000) (1024K)]
  0x000001ebeba783c0 JavaThread "Refresh Thread: Equinox Container: aa4b6fd7-b95a-4790-b419-c068f9e82d9f" daemon [_thread_blocked, id=16188, stack(0x00000074b4c00000,0x00000074b4d00000) (1024K)]
  0x000001ebeb727f10 JavaThread "Framework Event Dispatcher: Equinox Container: aa4b6fd7-b95a-4790-b419-c068f9e82d9f" daemon [_thread_blocked, id=22096, stack(0x00000074b4d00000,0x00000074b4e00000) (1024K)]
  0x000001ebeb728570 JavaThread "Start Level: Equinox Container: aa4b6fd7-b95a-4790-b419-c068f9e82d9f" daemon [_thread_blocked, id=14760, stack(0x00000074b4e00000,0x00000074b4f00000) (1024K)]
  0x000001ebebfd1de0 JavaThread "Bundle File Closer"         daemon [_thread_blocked, id=22880, stack(0x00000074b4900000,0x00000074b4a00000) (1024K)]
  0x000001ebeb452540 JavaThread "SCR Component Actor"        daemon [_thread_blocked, id=17196, stack(0x00000074b4f00000,0x00000074b5000000) (1024K)]
  0x000001ebeb4cb560 JavaThread "Worker-JM"                         [_thread_blocked, id=24372, stack(0x00000074b5000000,0x00000074b5100000) (1024K)]
  0x000001ebec226fb0 JavaThread "JNA Cleaner"                daemon [_thread_blocked, id=21176, stack(0x00000074b5100000,0x00000074b5200000) (1024K)]
  0x000001ebec146530 JavaThread "Worker-0"                          [_thread_blocked, id=11436, stack(0x00000074b5200000,0x00000074b5300000) (1024K)]
  0x000001ebec147250 JavaThread "Java indexing"              daemon [_thread_blocked, id=18792, stack(0x00000074b5500000,0x00000074b5600000) (1024K)]
  0x000001ebec146bc0 JavaThread "Worker-2"                          [_thread_blocked, id=23864, stack(0x00000074b5600000,0x00000074b5700000) (1024K)]
  0x000001ebed1d3cb0 JavaThread "Thread-1"                   daemon [_thread_in_native, id=17588, stack(0x00000074b5b00000,0x00000074b5c00000) (1024K)]
  0x000001ebed1d5060 JavaThread "Thread-2"                   daemon [_thread_in_native, id=25352, stack(0x00000074b5c00000,0x00000074b5d00000) (1024K)]
  0x000001ebed1d4340 JavaThread "Thread-3"                   daemon [_thread_in_native, id=29144, stack(0x00000074b5d00000,0x00000074b5e00000) (1024K)]
  0x000001ebed1d6aa0 JavaThread "Thread-4"                   daemon [_thread_in_native, id=25696, stack(0x00000074b5e00000,0x00000074b5f00000) (1024K)]
  0x000001ebed1d56f0 JavaThread "Thread-5"                   daemon [_thread_in_native, id=25852, stack(0x00000074b5f00000,0x00000074b6000000) (1024K)]
  0x000001ebed1d3620 JavaThread "Thread-6"                   daemon [_thread_in_native, id=26252, stack(0x00000074b6000000,0x00000074b6100000) (1024K)]
  0x000001ebed1d7130 JavaThread "Thread-7"                   daemon [_thread_in_native, id=27788, stack(0x00000074b6100000,0x00000074b6200000) (1024K)]
  0x000001ebed1d8b70 JavaThread "Thread-8"                   daemon [_thread_in_native, id=29744, stack(0x00000074b6200000,0x00000074b6300000) (1024K)]
  0x000001ebed1d77c0 JavaThread "Thread-9"                   daemon [_thread_in_native, id=27960, stack(0x00000074b6300000,0x00000074b6400000) (1024K)]
  0x000001ebed1d9200 JavaThread "pool-2-thread-1"                   [_thread_blocked, id=24612, stack(0x00000074b6400000,0x00000074b6500000) (1024K)]
  0x000001ebed1d7e50 JavaThread "WorkspaceEventsHandler"            [_thread_blocked, id=29172, stack(0x00000074b6600000,0x00000074b6700000) (1024K)]
  0x000001ebed1d84e0 JavaThread "pool-1-thread-1"                   [_thread_blocked, id=15624, stack(0x00000074b6700000,0x00000074b6800000) (1024K)]
  0x000001ebee67cd80 JavaThread "ForkJoinPool.commonPool-worker-9" daemon [_thread_blocked, id=24184, stack(0x00000074b3300000,0x00000074b3400000) (1024K)]
  0x000001ebee67daa0 JavaThread "ForkJoinPool.commonPool-worker-11" daemon [_thread_blocked, id=4740, stack(0x00000074b5300000,0x00000074b5400000) (1024K)]
  0x000001ebee67e130 JavaThread "ForkJoinPool.commonPool-worker-12" daemon [_thread_blocked, id=13184, stack(0x00000074b5400000,0x00000074b5500000) (1024K)]
  0x000001ebee67b340 JavaThread "ForkJoinPool.commonPool-worker-13" daemon [_thread_blocked, id=828, stack(0x00000074b5700000,0x00000074b5800000) (1024K)]
Total: 38

Other Threads:
  0x000001eb8dc55b80 VMThread "VM Thread"                           [id=30664, stack(0x00000074b3800000,0x00000074b3900000) (1024K)]
  0x000001eb8dc27cb0 WatcherThread "VM Periodic Task Thread"        [id=15028, stack(0x00000074b3700000,0x00000074b3800000) (1024K)]
  0x000001eb8dbd6350 WorkerThread "GC Thread#0"                     [id=24336, stack(0x00000074b3600000,0x00000074b3700000) (1024K)]
  0x000001ebeba29890 WorkerThread "GC Thread#1"                     [id=29652, stack(0x00000074b4300000,0x00000074b4400000) (1024K)]
  0x000001ebeba29c30 WorkerThread "GC Thread#2"                     [id=6332, stack(0x00000074b4400000,0x00000074b4500000) (1024K)]
  0x000001ebeb54eaa0 WorkerThread "GC Thread#3"                     [id=10444, stack(0x00000074b4500000,0x00000074b4600000) (1024K)]
  0x000001ebeb515f40 WorkerThread "GC Thread#4"                     [id=10668, stack(0x00000074b4600000,0x00000074b4700000) (1024K)]
  0x000001ebeb5162e0 WorkerThread "GC Thread#5"                     [id=23636, stack(0x00000074b4700000,0x00000074b4800000) (1024K)]
  0x000001ebeb516a90 WorkerThread "GC Thread#6"                     [id=25292, stack(0x00000074b4800000,0x00000074b4900000) (1024K)]
  0x000001ebeb43db00 WorkerThread "GC Thread#7"                     [id=10376, stack(0x00000074b4b00000,0x00000074b4c00000) (1024K)]
Total: 10

Threads with active compile tasks:
Total: 0

VM state: not at safepoint (normal execution)

VM Mutex/Monitor currently owned by a thread: None

Heap address: 0x0000000080000000, size: 2048 MB, Compressed Oops mode: 32-bit

CDS archive(s) mapped at: [0x000001eba5000000-0x000001eba5ba0000-0x000001eba5ba0000), size 12189696, SharedBaseAddress: 0x000001eba5000000, ArchiveRelocationMode: 1.
Compressed class space mapped at: 0x000001eba6000000-0x000001ebe6000000, reserved size: 1073741824
Narrow klass base: 0x000001eba5000000, Narrow klass shift: 0, Narrow klass range: 0x100000000

GC Precious Log:
 CardTable entry size: 512
 CPUs: 8 total, 8 available
 Memory: 7914M
 Large Page Support: Disabled
 NUMA Support: Disabled
 Compressed Oops: Enabled (32-bit)
 Alignments: Space 512K, Generation 512K, Heap 2M
 Heap Min Capacity: 100M
 Heap Initial Capacity: 100M
 Heap Max Capacity: 2G
 Pre-touch: Disabled
 Parallel Workers: 8

Heap:
 PSYoungGen      total 7168K, used 1615K [0x00000000d5580000, 0x00000000d6100000, 0x0000000100000000)
  eden space 5632K, 5% used [0x00000000d5580000,0x00000000d55d3920,0x00000000d5b00000)
  from space 1536K, 83% used [0x00000000d5f80000,0x00000000d60c0480,0x00000000d6100000)
  to   space 1536K, 0% used [0x00000000d5e00000,0x00000000d5e00000,0x00000000d5f80000)
 ParOldGen       total 141312K, used 140991K [0x0000000080000000, 0x0000000088a00000, 0x00000000d5580000)
  object space 141312K, 99% used [0x0000000080000000,0x00000000889afcf8,0x0000000088a00000)
 Metaspace       used 69601K, committed 71104K, reserved 1114112K
  class space    used 7296K, committed 7936K, reserved 1048576K

Card table byte_map: [0x000001eb8d550000,0x000001eb8d960000] _byte_map_base: 0x000001eb8d150000

Marking Bits: (ParMarkBitMap*) 0x00007ffe78562460
 Begin Bits: [0x000001eba0060000, 0x000001eba2060000)
 End Bits:   [0x000001eba2060000, 0x000001eba4060000)

Polling page: 0x000001eb8bd10000

Metaspace:

Usage:
  Non-class:     60.85 MB used.
      Class:      7.13 MB used.
       Both:     67.97 MB used.

Virtual space:
  Non-class space:       64.00 MB reserved,      61.69 MB ( 96%) committed,  1 nodes.
      Class space:        1.00 GB reserved,       7.75 MB ( <1%) committed,  1 nodes.
             Both:        1.06 GB reserved,      69.44 MB (  6%) committed. 

Chunk freelists:
   Non-Class:  2.09 MB
       Class:  8.20 MB
        Both:  10.29 MB

MaxMetaspaceSize: unlimited
CompressedClassSpaceSize: 1.00 GB
Initial GC threshold: 21.00 MB
Current GC threshold: 97.31 MB
CDS: on
 - commit_granule_bytes: 65536.
 - commit_granule_words: 8192.
 - virtual_space_node_default_size: 8388608.
 - enlarge_chunks_in_place: 1.
 - use_allocation_guard: 0.


Internal statistics:

num_allocs_failed_limit: 9.
num_arena_births: 1248.
num_arena_deaths: 16.
num_vsnodes_births: 2.
num_vsnodes_deaths: 0.
num_space_committed: 1110.
num_space_uncommitted: 0.
num_chunks_returned_to_freelist: 25.
num_chunks_taken_from_freelist: 4337.
num_chunk_merges: 12.
num_chunk_splits: 2682.
num_chunks_enlarged: 1496.
num_inconsistent_stats: 0.

CodeHeap 'non-profiled nmethods': size=120000Kb used=11118Kb max_used=11118Kb free=108881Kb
 bounds [0x000001eb98880000, 0x000001eb99360000, 0x000001eb9fdb0000]
CodeHeap 'profiled nmethods': size=120000Kb used=30745Kb max_used=30745Kb free=89254Kb
 bounds [0x000001eb90db0000, 0x000001eb92bc0000, 0x000001eb982e0000]
CodeHeap 'non-nmethods': size=5760Kb used=1472Kb max_used=1543Kb free=4287Kb
 bounds [0x000001eb982e0000, 0x000001eb98550000, 0x000001eb98880000]
CodeCache: size=245760Kb, used=43335Kb, max_used=43406Kb, free=202422Kb
 total_blobs=13871, nmethods=13090, adapters=686, full_count=0
Compilation: enabled, stopped_count=0, restarted_count=0

Compilation events (20 events):
Event: 3718.426 Thread 0x000001eba4631120 nmethod 13856 0x000001eb99350890 code [0x000001eb99350a20, 0x000001eb99350ab0]
Event: 3718.427 Thread 0x000001eba4631120 13768       4       jdk.nio.zipfs.ZipPath::resolve (108 bytes)
Event: 3718.433 Thread 0x000001eba4631120 nmethod 13768 0x000001eb99350b90 code [0x000001eb99350d60, 0x000001eb99351688]
Event: 3718.433 Thread 0x000001eba4631120 13779       4       jdk.nio.zipfs.ZipPath::resolve (42 bytes)
Event: 3718.441 Thread 0x000001eba4631120 nmethod 13779 0x000001eb99351910 code [0x000001eb99351b00, 0x000001eb993524f0]
Event: 3718.441 Thread 0x000001eba4631120 13783       4       jdk.nio.zipfs.ZipDirectoryStream$1::next (5 bytes)
Event: 3718.443 Thread 0x000001eba4631120 nmethod 13783 0x000001eb99352890 code [0x000001eb99352a60, 0x000001eb99352e08]
Event: 3718.443 Thread 0x000001eba4631120 13863       4       jdk.nio.zipfs.ZipFileSystem$Entry::<init> (109 bytes)
Event: 3718.445 Thread 0x000001eba4631120 nmethod 13863 0x000001eb99353090 code [0x000001eb99353240, 0x000001eb993535a8]
Event: 3718.445 Thread 0x000001eba4631120 13757       4       org.eclipse.jdt.internal.core.PackageFragment::getElementName (22 bytes)
Event: 3718.446 Thread 0x000001eba4631120 nmethod 13757 0x000001eb99353690 code [0x000001eb99353820, 0x000001eb99353908]
Event: 3718.446 Thread 0x000001eba4631120 13886       4       org.eclipse.jdt.internal.compiler.lookup.Scope::environment (8 bytes)
Event: 3718.446 Thread 0x000001eba4631120 nmethod 13886 0x000001eb99353a10 code [0x000001eb99353ba0, 0x000001eb99353c48]
Event: 3718.446 Thread 0x000001eba4631120 13891       4       org.eclipse.jdt.internal.core.util.ReferenceInfoAdapter::acceptUnknownReference (1 bytes)
Event: 3718.446 Thread 0x000001eba4631120 nmethod 13891 0x000001eb99353d10 code [0x000001eb99353ea0, 0x000001eb99353f28]
Event: 3718.464 Thread 0x000001ebee79ab50 nmethod 13827 0x000001eb99354010 code [0x000001eb99354580, 0x000001eb993587d8]
Event: 3860.729 Thread 0x000001ebeb04b3b0 13894       1       com.sun.jna.internal.Cleaner::access$200 (5 bytes)
Event: 3860.741 Thread 0x000001ebeb04b3b0 nmethod 13894 0x000001eb9935b890 code [0x000001eb9935ba20, 0x000001eb9935bad0]
Event: 3861.428 Thread 0x000001ebeb04b3b0 13895       3       org.eclipse.jdt.ls.core.internal.ParentProcessWatcher::parentProcessStillRunning (62 bytes)
Event: 3861.459 Thread 0x000001ebeb04b3b0 nmethod 13895 0x000001eb92bb5910 code [0x000001eb92bb5b40, 0x000001eb92bb6228]

GC Heap History (20 events):
Event: 3717.772 GC heap before
{Heap before GC invocations=302 (full 3):
 PSYoungGen      total 6144K, used 5856K [0x00000000d5580000, 0x00000000d6100000, 0x0000000100000000)
  eden space 5632K, 100% used [0x00000000d5580000,0x00000000d5b00000,0x00000000d5b00000)
  from space 512K, 43% used [0x00000000d6080000,0x00000000d60b8000,0x00000000d6100000)
  to   space 512K, 0% used [0x00000000d6000000,0x00000000d6000000,0x00000000d6080000)
 ParOldGen       total 137728K, used 137334K [0x0000000080000000, 0x0000000088680000, 0x00000000d5580000)
  object space 137728K, 99% used [0x0000000080000000,0x000000008861d8d8,0x0000000088680000)
 Metaspace       used 69416K, committed 70976K, reserved 1114112K
  class space    used 7264K, committed 7936K, reserved 1048576K
}
Event: 3717.773 GC heap after
{Heap after GC invocations=302 (full 3):
 PSYoungGen      total 6144K, used 288K [0x00000000d5580000, 0x00000000d6100000, 0x0000000100000000)
  eden space 5632K, 0% used [0x00000000d5580000,0x00000000d5580000,0x00000000d5b00000)
  from space 512K, 56% used [0x00000000d6000000,0x00000000d6048000,0x00000000d6080000)
  to   space 512K, 0% used [0x00000000d6080000,0x00000000d6080000,0x00000000d6100000)
 ParOldGen       total 137728K, used 137414K [0x0000000080000000, 0x0000000088680000, 0x00000000d5580000)
  object space 137728K, 99% used [0x0000000080000000,0x00000000886318d8,0x0000000088680000)
 Metaspace       used 69416K, committed 70976K, reserved 1114112K
  class space    used 7264K, committed 7936K, reserved 1048576K
}
Event: 3717.787 GC heap before
{Heap before GC invocations=303 (full 3):
 PSYoungGen      total 6144K, used 5920K [0x00000000d5580000, 0x00000000d6100000, 0x0000000100000000)
  eden space 5632K, 100% used [0x00000000d5580000,0x00000000d5b00000,0x00000000d5b00000)
  from space 512K, 56% used [0x00000000d6000000,0x00000000d6048000,0x00000000d6080000)
  to   space 512K, 0% used [0x00000000d6080000,0x00000000d6080000,0x00000000d6100000)
 ParOldGen       total 137728K, used 137414K [0x0000000080000000, 0x0000000088680000, 0x00000000d5580000)
  object space 137728K, 99% used [0x0000000080000000,0x00000000886318d8,0x0000000088680000)
 Metaspace       used 69416K, committed 70976K, reserved 1114112K
  class space    used 7264K, committed 7936K, reserved 1048576K
}
Event: 3717.788 GC heap after
{Heap after GC invocations=303 (full 3):
 PSYoungGen      total 6144K, used 256K [0x00000000d5580000, 0x00000000d6100000, 0x0000000100000000)
  eden space 5632K, 0% used [0x00000000d5580000,0x00000000d5580000,0x00000000d5b00000)
  from space 512K, 50% used [0x00000000d6080000,0x00000000d60c0000,0x00000000d6100000)
  to   space 512K, 0% used [0x00000000d6000000,0x00000000d6000000,0x00000000d6080000)
 ParOldGen       total 137728K, used 137542K [0x0000000080000000, 0x0000000088680000, 0x00000000d5580000)
  object space 137728K, 99% used [0x0000000080000000,0x00000000886518d8,0x0000000088680000)
 Metaspace       used 69416K, committed 70976K, reserved 1114112K
  class space    used 7264K, committed 7936K, reserved 1048576K
}
Event: 3717.802 GC heap before
{Heap before GC invocations=304 (full 3):
 PSYoungGen      total 6144K, used 5888K [0x00000000d5580000, 0x00000000d6100000, 0x0000000100000000)
  eden space 5632K, 100% used [0x00000000d5580000,0x00000000d5b00000,0x00000000d5b00000)
  from space 512K, 50% used [0x00000000d6080000,0x00000000d60c0000,0x00000000d6100000)
  to   space 512K, 0% used [0x00000000d6000000,0x00000000d6000000,0x00000000d6080000)
 ParOldGen       total 137728K, used 137542K [0x0000000080000000, 0x0000000088680000, 0x00000000d5580000)
  object space 137728K, 99% used [0x0000000080000000,0x00000000886518d8,0x0000000088680000)
 Metaspace       used 69418K, committed 70976K, reserved 1114112K
  class space    used 7264K, committed 7936K, reserved 1048576K
}
Event: 3717.804 GC heap after
{Heap after GC invocations=304 (full 3):
 PSYoungGen      total 6144K, used 256K [0x00000000d5580000, 0x00000000d6100000, 0x0000000100000000)
  eden space 5632K, 0% used [0x00000000d5580000,0x00000000d5580000,0x00000000d5b00000)
  from space 512K, 50% used [0x00000000d6000000,0x00000000d6040000,0x00000000d6080000)
  to   space 512K, 0% used [0x00000000d6080000,0x00000000d6080000,0x00000000d6100000)
 ParOldGen       total 137728K, used 137694K [0x0000000080000000, 0x0000000088680000, 0x00000000d5580000)
  object space 137728K, 99% used [0x0000000080000000,0x00000000886778d8,0x0000000088680000)
 Metaspace       used 69418K, committed 70976K, reserved 1114112K
  class space    used 7264K, committed 7936K, reserved 1048576K
}
Event: 3717.814 GC heap before
{Heap before GC invocations=305 (full 3):
 PSYoungGen      total 6144K, used 5888K [0x00000000d5580000, 0x00000000d6100000, 0x0000000100000000)
  eden space 5632K, 100% used [0x00000000d5580000,0x00000000d5b00000,0x00000000d5b00000)
  from space 512K, 50% used [0x00000000d6000000,0x00000000d6040000,0x00000000d6080000)
  to   space 512K, 0% used [0x00000000d6080000,0x00000000d6080000,0x00000000d6100000)
 ParOldGen       total 137728K, used 137694K [0x0000000080000000, 0x0000000088680000, 0x00000000d5580000)
  object space 137728K, 99% used [0x0000000080000000,0x00000000886778d8,0x0000000088680000)
 Metaspace       used 69418K, committed 70976K, reserved 1114112K
  class space    used 7264K, committed 7936K, reserved 1048576K
}
Event: 3717.815 GC heap after
{Heap after GC invocations=305 (full 3):
 PSYoungGen      total 6144K, used 192K [0x00000000d5580000, 0x00000000d6100000, 0x0000000100000000)
  eden space 5632K, 0% used [0x00000000d5580000,0x00000000d5580000,0x00000000d5b00000)
  from space 512K, 37% used [0x00000000d6080000,0x00000000d60b0000,0x00000000d6100000)
  to   space 512K, 0% used [0x00000000d6000000,0x00000000d6000000,0x00000000d6080000)
 ParOldGen       total 138240K, used 137862K [0x0000000080000000, 0x0000000088700000, 0x00000000d5580000)
  object space 138240K, 99% used [0x0000000080000000,0x00000000886a18d8,0x0000000088700000)
 Metaspace       used 69418K, committed 70976K, reserved 1114112K
  class space    used 7264K, committed 7936K, reserved 1048576K
}
Event: 3717.829 GC heap before
{Heap before GC invocations=306 (full 3):
 PSYoungGen      total 6144K, used 5824K [0x00000000d5580000, 0x00000000d6100000, 0x0000000100000000)
  eden space 5632K, 100% used [0x00000000d5580000,0x00000000d5b00000,0x00000000d5b00000)
  from space 512K, 37% used [0x00000000d6080000,0x00000000d60b0000,0x00000000d6100000)
  to   space 512K, 0% used [0x00000000d6000000,0x00000000d6000000,0x00000000d6080000)
 ParOldGen       total 138240K, used 137862K [0x0000000080000000, 0x0000000088700000, 0x00000000d5580000)
  object space 138240K, 99% used [0x0000000080000000,0x00000000886a18d8,0x0000000088700000)
 Metaspace       used 69418K, committed 70976K, reserved 1114112K
  class space    used 7264K, committed 7936K, reserved 1048576K
}
Event: 3717.831 GC heap after
{Heap after GC invocations=306 (full 3):
 PSYoungGen      total 6144K, used 256K [0x00000000d5580000, 0x00000000d6100000, 0x0000000100000000)
  eden space 5632K, 0% used [0x00000000d5580000,0x00000000d5580000,0x00000000d5b00000)
  from space 512K, 50% used [0x00000000d6000000,0x00000000d6040000,0x00000000d6080000)
  to   space 512K, 0% used [0x00000000d6080000,0x00000000d6080000,0x00000000d6100000)
 ParOldGen       total 138240K, used 138006K [0x0000000080000000, 0x0000000088700000, 0x00000000d5580000)
  object space 138240K, 99% used [0x0000000080000000,0x00000000886c58d8,0x0000000088700000)
 Metaspace       used 69418K, committed 70976K, reserved 1114112K
  class space    used 7264K, committed 7936K, reserved 1048576K
}
Event: 3717.845 GC heap before
{Heap before GC invocations=307 (full 3):
 PSYoungGen      total 6144K, used 5888K [0x00000000d5580000, 0x00000000d6100000, 0x0000000100000000)
  eden space 5632K, 100% used [0x00000000d5580000,0x00000000d5b00000,0x00000000d5b00000)
  from space 512K, 50% used [0x00000000d6000000,0x00000000d6040000,0x00000000d6080000)
  to   space 512K, 0% used [0x00000000d6080000,0x00000000d6080000,0x00000000d6100000)
 ParOldGen       total 138240K, used 138006K [0x0000000080000000, 0x0000000088700000, 0x00000000d5580000)
  object space 138240K, 99% used [0x0000000080000000,0x00000000886c58d8,0x0000000088700000)
 Metaspace       used 69418K, committed 70976K, reserved 1114112K
  class space    used 7264K, committed 7936K, reserved 1048576K
}
Event: 3717.846 GC heap after
{Heap after GC invocations=307 (full 3):
 PSYoungGen      total 6144K, used 288K [0x00000000d5580000, 0x00000000d6100000, 0x0000000100000000)
  eden space 5632K, 0% used [0x00000000d5580000,0x00000000d5580000,0x00000000d5b00000)
  from space 512K, 56% used [0x00000000d6080000,0x00000000d60c8000,0x00000000d6100000)
  to   space 512K, 0% used [0x00000000d6000000,0x00000000d6000000,0x00000000d6080000)
 ParOldGen       total 138240K, used 138174K [0x0000000080000000, 0x0000000088700000, 0x00000000d5580000)
  object space 138240K, 99% used [0x0000000080000000,0x00000000886ef8d8,0x0000000088700000)
 Metaspace       used 69418K, committed 70976K, reserved 1114112K
  class space    used 7264K, committed 7936K, reserved 1048576K
}
Event: 3717.991 GC heap before
{Heap before GC invocations=308 (full 3):
 PSYoungGen      total 6144K, used 5920K [0x00000000d5580000, 0x00000000d6100000, 0x0000000100000000)
  eden space 5632K, 100% used [0x00000000d5580000,0x00000000d5b00000,0x00000000d5b00000)
  from space 512K, 56% used [0x00000000d6080000,0x00000000d60c8000,0x00000000d6100000)
  to   space 512K, 0% used [0x00000000d6000000,0x00000000d6000000,0x00000000d6080000)
 ParOldGen       total 138240K, used 138174K [0x0000000080000000, 0x0000000088700000, 0x00000000d5580000)
  object space 138240K, 99% used [0x0000000080000000,0x00000000886ef8d8,0x0000000088700000)
 Metaspace       used 69531K, committed 71040K, reserved 1114112K
  class space    used 7289K, committed 7936K, reserved 1048576K
}
Event: 3717.994 GC heap after
{Heap after GC invocations=308 (full 3):
 PSYoungGen      total 6144K, used 480K [0x00000000d5580000, 0x00000000d6100000, 0x0000000100000000)
  eden space 5632K, 0% used [0x00000000d5580000,0x00000000d5580000,0x00000000d5b00000)
  from space 512K, 93% used [0x00000000d6000000,0x00000000d6078010,0x00000000d6080000)
  to   space 512K, 0% used [0x00000000d6080000,0x00000000d6080000,0x00000000d6100000)
 ParOldGen       total 138752K, used 138342K [0x0000000080000000, 0x0000000088780000, 0x00000000d5580000)
  object space 138752K, 99% used [0x0000000080000000,0x00000000887198d8,0x0000000088780000)
 Metaspace       used 69531K, committed 71040K, reserved 1114112K
  class space    used 7289K, committed 7936K, reserved 1048576K
}
Event: 3718.050 GC heap before
{Heap before GC invocations=309 (full 3):
 PSYoungGen      total 6144K, used 6112K [0x00000000d5580000, 0x00000000d6100000, 0x0000000100000000)
  eden space 5632K, 100% used [0x00000000d5580000,0x00000000d5b00000,0x00000000d5b00000)
  from space 512K, 93% used [0x00000000d6000000,0x00000000d6078010,0x00000000d6080000)
  to   space 512K, 0% used [0x00000000d6080000,0x00000000d6080000,0x00000000d6100000)
 ParOldGen       total 138752K, used 138342K [0x0000000080000000, 0x0000000088780000, 0x00000000d5580000)
  object space 138752K, 99% used [0x0000000080000000,0x00000000887198d8,0x0000000088780000)
 Metaspace       used 69532K, committed 71040K, reserved 1114112K
  class space    used 7289K, committed 7936K, reserved 1048576K
}
Event: 3718.053 GC heap after
{Heap after GC invocations=309 (full 3):
 PSYoungGen      total 6144K, used 480K [0x00000000d5580000, 0x00000000d6100000, 0x0000000100000000)
  eden space 5632K, 0% used [0x00000000d5580000,0x00000000d5580000,0x00000000d5b00000)
  from space 512K, 93% used [0x00000000d6080000,0x00000000d60f8010,0x00000000d6100000)
  to   space 2560K, 0% used [0x00000000d5c00000,0x00000000d5c00000,0x00000000d5e80000)
 ParOldGen       total 140288K, used 139854K [0x0000000080000000, 0x0000000088900000, 0x00000000d5580000)
  object space 140288K, 99% used [0x0000000080000000,0x00000000888938d8,0x0000000088900000)
 Metaspace       used 69532K, committed 71040K, reserved 1114112K
  class space    used 7289K, committed 7936K, reserved 1048576K
}
Event: 3718.175 GC heap before
{Heap before GC invocations=310 (full 3):
 PSYoungGen      total 6144K, used 6112K [0x00000000d5580000, 0x00000000d6100000, 0x0000000100000000)
  eden space 5632K, 100% used [0x00000000d5580000,0x00000000d5b00000,0x00000000d5b00000)
  from space 512K, 93% used [0x00000000d6080000,0x00000000d60f8010,0x00000000d6100000)
  to   space 2560K, 0% used [0x00000000d5c00000,0x00000000d5c00000,0x00000000d5e80000)
 ParOldGen       total 140288K, used 139854K [0x0000000080000000, 0x0000000088900000, 0x00000000d5580000)
  object space 140288K, 99% used [0x0000000080000000,0x00000000888938d8,0x0000000088900000)
 Metaspace       used 69562K, committed 71104K, reserved 1114112K
  class space    used 7292K, committed 7936K, reserved 1048576K
}
Event: 3718.177 GC heap after
{Heap after GC invocations=310 (full 3):
 PSYoungGen      total 8192K, used 745K [0x00000000d5580000, 0x00000000d6100000, 0x0000000100000000)
  eden space 5632K, 0% used [0x00000000d5580000,0x00000000d5580000,0x00000000d5b00000)
  from space 2560K, 29% used [0x00000000d5c00000,0x00000000d5cba410,0x00000000d5e80000)
  to   space 1536K, 0% used [0x00000000d5f80000,0x00000000d5f80000,0x00000000d6100000)
 ParOldGen       total 140800K, used 140358K [0x0000000080000000, 0x0000000088980000, 0x00000000d5580000)
  object space 140800K, 99% used [0x0000000080000000,0x00000000889118e8,0x0000000088980000)
 Metaspace       used 69562K, committed 71104K, reserved 1114112K
  class space    used 7292K, committed 7936K, reserved 1048576K
}
Event: 3718.243 GC heap before
{Heap before GC invocations=311 (full 3):
 PSYoungGen      total 8192K, used 6377K [0x00000000d5580000, 0x00000000d6100000, 0x0000000100000000)
  eden space 5632K, 100% used [0x00000000d5580000,0x00000000d5b00000,0x00000000d5b00000)
  from space 2560K, 29% used [0x00000000d5c00000,0x00000000d5cba410,0x00000000d5e80000)
  to   space 1536K, 0% used [0x00000000d5f80000,0x00000000d5f80000,0x00000000d6100000)
 ParOldGen       total 140800K, used 140358K [0x0000000080000000, 0x0000000088980000, 0x00000000d5580000)
  object space 140800K, 99% used [0x0000000080000000,0x00000000889118e8,0x0000000088980000)
 Metaspace       used 69599K, committed 71104K, reserved 1114112K
  class space    used 7296K, committed 7936K, reserved 1048576K
}
Event: 3718.248 GC heap after
{Heap after GC invocations=311 (full 3):
 PSYoungGen      total 7168K, used 1281K [0x00000000d5580000, 0x00000000d6100000, 0x0000000100000000)
  eden space 5632K, 0% used [0x00000000d5580000,0x00000000d5580000,0x00000000d5b00000)
  from space 1536K, 83% used [0x00000000d5f80000,0x00000000d60c0480,0x00000000d6100000)
  to   space 1536K, 0% used [0x00000000d5e00000,0x00000000d5e00000,0x00000000d5f80000)
 ParOldGen       total 141312K, used 140991K [0x0000000080000000, 0x0000000088a00000, 0x00000000d5580000)
  object space 141312K, 99% used [0x0000000080000000,0x00000000889afcf8,0x0000000088a00000)
 Metaspace       used 69599K, committed 71104K, reserved 1114112K
  class space    used 7296K, committed 7936K, reserved 1048576K
}

Dll operation events (12 events):
Event: 0.067 Loaded shared library c:\Users\ALCH12230104\.vscode\extensions\redhat.java-1.51.0-win32-x64\jre\21.0.9-win32-x86_64\bin\java.dll
Event: 0.270 Loaded shared library c:\Users\ALCH12230104\.vscode\extensions\redhat.java-1.51.0-win32-x64\jre\21.0.9-win32-x86_64\bin\zip.dll
Event: 0.586 Loaded shared library C:\Users\ALCH12230104\.vscode\extensions\redhat.java-1.51.0-win32-x64\jre\21.0.9-win32-x86_64\bin\instrument.dll
Event: 0.607 Loaded shared library C:\Users\ALCH12230104\.vscode\extensions\redhat.java-1.51.0-win32-x64\jre\21.0.9-win32-x86_64\bin\net.dll
Event: 0.622 Loaded shared library C:\Users\ALCH12230104\.vscode\extensions\redhat.java-1.51.0-win32-x64\jre\21.0.9-win32-x86_64\bin\nio.dll
Event: 0.629 Loaded shared library C:\Users\ALCH12230104\.vscode\extensions\redhat.java-1.51.0-win32-x64\jre\21.0.9-win32-x86_64\bin\zip.dll
Event: 0.729 Loaded shared library C:\Users\ALCH12230104\.vscode\extensions\redhat.java-1.51.0-win32-x64\jre\21.0.9-win32-x86_64\bin\jimage.dll
Event: 1.343 Loaded shared library c:\Users\ALCH12230104\.vscode\extensions\redhat.java-1.51.0-win32-x64\jre\21.0.9-win32-x86_64\bin\verify.dll
Event: 10.395 Loaded shared library C:\Users\ALCH12230104\AppData\Roaming\Code\User\globalStorage\redhat.java\1.51.0\config_win\org.eclipse.equinox.launcher\org.eclipse.equinox.launcher.win32.win32.x86_64_1.2.1400.v20250801-0854\eclipse_11916.dll
Event: 16.109 Loaded shared library C:\Users\ALCH12230104\AppData\Local\Temp\jna-1505794231\jna17349775886421328134.dll
Event: 20.405 Loaded shared library C:\Users\ALCH12230104\.vscode\extensions\redhat.java-1.51.0-win32-x64\jre\21.0.9-win32-x86_64\bin\sunmscapi.dll
Event: 20.806 Loaded shared library C:\Users\ALCH12230104\.vscode\extensions\redhat.java-1.51.0-win32-x64\jre\21.0.9-win32-x86_64\bin\extnet.dll

Deoptimization events (20 events):
Event: 3718.124 Thread 0x000001ebee67d410 DEOPT PACKING pc=0x000001eb98b21990 sp=0x00000074b32fccb0
Event: 3718.124 Thread 0x000001ebee67d410 DEOPT UNPACKING pc=0x000001eb98336da2 sp=0x00000074b32fccf0 mode 2
Event: 3718.206 Thread 0x000001ebee67d410 Uncommon trap: trap_request=0xffffff45 fr.pc=0x000001eb991c913c relative=0x0000000000000bfc
Event: 3718.206 Thread 0x000001ebee67d410 Uncommon trap: reason=unstable_if action=reinterpret pc=0x000001eb991c913c method=lombok.eclipse.EclipseNode.traverse(Llombok/eclipse/EclipseASTVisitor;)V @ 28 c2
Event: 3718.207 Thread 0x000001ebee67d410 DEOPT PACKING pc=0x000001eb991c913c sp=0x00000074b32fdcd0
Event: 3718.207 Thread 0x000001ebee67d410 DEOPT UNPACKING pc=0x000001eb98336da2 sp=0x00000074b32fdc78 mode 2
Event: 3718.208 Thread 0x000001ebee67d410 Uncommon trap: trap_request=0xffffffde fr.pc=0x000001eb993264cc relative=0x0000000000000d8c
Event: 3718.208 Thread 0x000001ebee67d410 Uncommon trap: reason=class_check action=maybe_recompile pc=0x000001eb993264cc method=org.eclipse.jdt.internal.compiler.parser.Parser.consumeRule(I)V @ 6020 c2
Event: 3718.208 Thread 0x000001ebee67d410 DEOPT PACKING pc=0x000001eb993264cc sp=0x00000074b32fe240
Event: 3718.208 Thread 0x000001ebee67d410 DEOPT UNPACKING pc=0x000001eb98336da2 sp=0x00000074b32fe1c0 mode 2
Event: 3718.209 Thread 0x000001ebee67d410 Uncommon trap: trap_request=0xffffffde fr.pc=0x000001eb99326648 relative=0x0000000000000f08
Event: 3718.209 Thread 0x000001ebee67d410 Uncommon trap: reason=class_check action=maybe_recompile pc=0x000001eb99326648 method=org.eclipse.jdt.internal.compiler.parser.Parser.consumeRule(I)V @ 6100 c2
Event: 3718.209 Thread 0x000001ebee67d410 DEOPT PACKING pc=0x000001eb99326648 sp=0x00000074b32fe240
Event: 3718.209 Thread 0x000001ebee67d410 DEOPT UNPACKING pc=0x000001eb98336da2 sp=0x00000074b32fe1d0 mode 2
Event: 3718.210 Thread 0x000001ebee67d410 Uncommon trap: trap_request=0xffffffde fr.pc=0x000001eb993264cc relative=0x0000000000000d8c
Event: 3718.210 Thread 0x000001ebee67d410 Uncommon trap: reason=class_check action=maybe_recompile pc=0x000001eb993264cc method=org.eclipse.jdt.internal.compiler.parser.Parser.consumeRule(I)V @ 6020 c2
Event: 3718.210 Thread 0x000001ebee67d410 DEOPT PACKING pc=0x000001eb993264cc sp=0x00000074b32fe1f0
Event: 3718.210 Thread 0x000001ebee67d410 DEOPT UNPACKING pc=0x000001eb98336da2 sp=0x00000074b32fe170 mode 2
Event: 3718.219 Thread 0x000001ebee67d410 DEOPT PACKING pc=0x000001eb927d25da sp=0x00000074b32fdb20
Event: 3718.219 Thread 0x000001ebee67d410 DEOPT UNPACKING pc=0x000001eb983378e2 sp=0x00000074b32fd038 mode 0

Classes loaded (20 events):
Event: 45.130 Loading class java/util/stream/Nodes$IntArrayNode done
Event: 45.130 Loading class java/util/stream/Nodes$IntFixedNodeBuilder done
Event: 45.130 Loading class java/util/stream/ReferencePipeline$4$1
Event: 45.130 Loading class java/util/stream/ReferencePipeline$4$1 done
Event: 54.287 Loading class java/util/WeakHashMap$KeyIterator
Event: 54.288 Loading class java/util/WeakHashMap$KeyIterator done
Event: 82.806 Loading class sun/security/ssl/Alert
Event: 82.817 Loading class sun/security/ssl/Alert done
Event: 82.822 Loading class sun/security/ssl/Alert$AlertConsumer
Event: 82.825 Loading class sun/security/ssl/Alert$AlertConsumer done
Event: 82.826 Loading class sun/security/ssl/Alert$Level
Event: 82.827 Loading class sun/security/ssl/Alert$Level done
Event: 3716.809 Loading class java/nio/file/attribute/PosixFileAttributes
Event: 3716.811 Loading class java/nio/file/attribute/PosixFileAttributes done
Event: 3716.883 Loading class java/nio/file/attribute/PosixFileAttributeView
Event: 3716.886 Loading class java/nio/file/attribute/PosixFileAttributeView done
Event: 3716.981 Loading class java/nio/file/DirectoryIteratorException
Event: 3716.983 Loading class java/nio/file/DirectoryIteratorException done
Event: 3717.964 Loading class java/nio/file/FileTreeIterator
Event: 3717.966 Loading class java/nio/file/FileTreeIterator done

Classes unloaded (8 events):
Event: 17.321 Thread 0x000001eb8dc55b80 Unloading class 0x000001eba61b8400 'java/lang/invoke/LambdaForm$MH+0x000001eba61b8400'
Event: 17.321 Thread 0x000001eb8dc55b80 Unloading class 0x000001eba61b8000 'java/lang/invoke/LambdaForm$MH+0x000001eba61b8000'
Event: 17.321 Thread 0x000001eb8dc55b80 Unloading class 0x000001eba61b7c00 'java/lang/invoke/LambdaForm$MH+0x000001eba61b7c00'
Event: 17.321 Thread 0x000001eb8dc55b80 Unloading class 0x000001eba61b7800 'java/lang/invoke/LambdaForm$MH+0x000001eba61b7800'
Event: 17.321 Thread 0x000001eb8dc55b80 Unloading class 0x000001eba61b7400 'java/lang/invoke/LambdaForm$BMH+0x000001eba61b7400'
Event: 17.321 Thread 0x000001eb8dc55b80 Unloading class 0x000001eba61b7000 'java/lang/invoke/LambdaForm$DMH+0x000001eba61b7000'
Event: 17.321 Thread 0x000001eb8dc55b80 Unloading class 0x000001eba61b6000 'java/lang/invoke/LambdaForm$DMH+0x000001eba61b6000'
Event: 39.842 Thread 0x000001eb8dc55b80 Unloading class 0x000001eba66a4400 'java/lang/invoke/LambdaForm$DMH+0x000001eba66a4400'

Classes redefined (0 events):
No events

Internal exceptions (20 events):
Event: 47.971 Thread 0x000001ebed1d5d80 Exception <a 'sun/nio/fs/WindowsException'{0x00000000d5cf2578}> (0x00000000d5cf2578) 
thrown [s\src\hotspot\share\prims\jni.cpp, line 520]
Event: 47.972 Thread 0x000001ebed1d5d80 Exception <a 'sun/nio/fs/WindowsException'{0x00000000d5cf32d8}> (0x00000000d5cf32d8) 
thrown [s\src\hotspot\share\prims\jni.cpp, line 520]
Event: 47.972 Thread 0x000001ebed1d5d80 Exception <a 'sun/nio/fs/WindowsException'{0x00000000d5cf3e28}> (0x00000000d5cf3e28) 
thrown [s\src\hotspot\share\prims\jni.cpp, line 520]
Event: 47.973 Thread 0x000001ebed1d5d80 Exception <a 'sun/nio/fs/WindowsException'{0x00000000d5cf5858}> (0x00000000d5cf5858) 
thrown [s\src\hotspot\share\prims\jni.cpp, line 520]
Event: 47.973 Thread 0x000001ebed1d5d80 Exception <a 'sun/nio/fs/WindowsException'{0x00000000d5cf6138}> (0x00000000d5cf6138) 
thrown [s\src\hotspot\share\prims\jni.cpp, line 520]
Event: 49.283 Thread 0x000001ebed1d5d80 Exception <a 'sun/nio/fs/WindowsException'{0x00000000d5939a58}> (0x00000000d5939a58) 
thrown [s\src\hotspot\share\prims\jni.cpp, line 520]
Event: 49.284 Thread 0x000001ebed1d5d80 Exception <a 'sun/nio/fs/WindowsException'{0x00000000d593a338}> (0x00000000d593a338) 
thrown [s\src\hotspot\share\prims\jni.cpp, line 520]
Event: 55.007 Thread 0x000001ebec146530 Exception <a 'java/lang/NoSuchMethodError'{0x00000000d5623ed8}: 'java.lang.Object java.lang.invoke.DirectMethodHandle$Holder.invokeSpecial(java.lang.Object, java.lang.Object, int, long)'> (0x00000000d5623ed8) 
thrown [s\src\hotspot\share\interpreter\linkResolver.cpp, line 773]
Event: 56.286 Thread 0x000001ebec146530 Implicit null exception at 0x000001eb98c5dda6 to 0x000001eb98c5e340
Event: 56.658 Thread 0x000001ebec146530 Implicit null exception at 0x000001eb9913e4c8 to 0x000001eb9913eeb8
Event: 58.474 Thread 0x000001ebec146530 Exception <a 'java/lang/NoSuchMethodError'{0x00000000d55daa68}: 'int java.lang.invoke.DirectMethodHandle$Holder.invokeSpecialIFC(java.lang.Object, java.lang.Object, java.lang.Object)'> (0x00000000d55daa68) 
thrown [s\src\hotspot\share\interpreter\linkResolver.cpp, line 773]
Event: 58.485 Thread 0x000001ebec146530 Implicit null exception at 0x000001eb99190017 to 0x000001eb99190744
Event: 58.671 Thread 0x000001ebec146530 Implicit null exception at 0x000001eb991944dc to 0x000001eb99194ab4
Event: 58.899 Thread 0x000001ebec146530 Exception <a 'java/lang/ArrayIndexOutOfBoundsException'{0x00000000d55d66b8}> (0x00000000d55d66b8) 
thrown [s\src\hotspot\share\runtime\sharedRuntime.cpp, line 625]
Event: 59.461 Thread 0x000001ebec146530 Exception <a 'java/io/FileNotFoundException'{0x00000000d5878028}> (0x00000000d5878028) 
thrown [s\src\hotspot\share\prims\jni.cpp, line 520]
Event: 59.462 Thread 0x000001ebec146530 Exception <a 'java/io/FileNotFoundException'{0x00000000d58794a0}> (0x00000000d58794a0) 
thrown [s\src\hotspot\share\prims\jni.cpp, line 520]
Event: 59.463 Thread 0x000001ebec146530 Exception <a 'java/io/FileNotFoundException'{0x00000000d587a450}> (0x00000000d587a450) 
thrown [s\src\hotspot\share\prims\jni.cpp, line 520]
Event: 59.553 Thread 0x000001ebec146530 Exception <a 'java/lang/ArrayIndexOutOfBoundsException'{0x00000000d5925360}> (0x00000000d5925360) 
thrown [s\src\hotspot\share\runtime\sharedRuntime.cpp, line 625]
Event: 60.600 Thread 0x000001ebec146530 Exception <a 'java/lang/ArrayIndexOutOfBoundsException'{0x00000000d56e65f0}> (0x00000000d56e65f0) 
thrown [s\src\hotspot\share\runtime\sharedRuntime.cpp, line 625]
Event: 61.497 Thread 0x000001ebec146530 Exception <a 'java/lang/ArrayIndexOutOfBoundsException'{0x00000000d5ade558}> (0x00000000d5ade558) 
thrown [s\src\hotspot\share\runtime\sharedRuntime.cpp, line 625]

ZGC Phase Switch (0 events):
No events

VM Operations (20 events):
Event: 3717.814 Executing VM operation: ParallelGCFailedAllocation (Allocation Failure)
Event: 3717.815 Executing VM operation: ParallelGCFailedAllocation (Allocation Failure) done
Event: 3717.829 Executing VM operation: ParallelGCFailedAllocation (Allocation Failure)
Event: 3717.831 Executing VM operation: ParallelGCFailedAllocation (Allocation Failure) done
Event: 3717.845 Executing VM operation: ParallelGCFailedAllocation (Allocation Failure)
Event: 3717.846 Executing VM operation: ParallelGCFailedAllocation (Allocation Failure) done
Event: 3717.905 Executing VM operation: HandshakeAllThreads (Deoptimize)
Event: 3717.905 Executing VM operation: HandshakeAllThreads (Deoptimize) done
Event: 3717.991 Executing VM operation: ParallelGCFailedAllocation (Allocation Failure)
Event: 3717.994 Executing VM operation: ParallelGCFailedAllocation (Allocation Failure) done
Event: 3718.050 Executing VM operation: ParallelGCFailedAllocation (Allocation Failure)
Event: 3718.053 Executing VM operation: ParallelGCFailedAllocation (Allocation Failure) done
Event: 3718.175 Executing VM operation: ParallelGCFailedAllocation (Allocation Failure)
Event: 3718.177 Executing VM operation: ParallelGCFailedAllocation (Allocation Failure) done
Event: 3718.198 Executing VM operation: HandshakeAllThreads (Deoptimize)
Event: 3718.198 Executing VM operation: HandshakeAllThreads (Deoptimize) done
Event: 3718.243 Executing VM operation: ParallelGCFailedAllocation (Allocation Failure)
Event: 3718.248 Executing VM operation: ParallelGCFailedAllocation (Allocation Failure) done
Event: 3720.248 Executing VM operation: Cleanup
Event: 3720.248 Executing VM operation: Cleanup done

Memory protections (0 events):
No events

Nmethod flushes (20 events):
Event: 39.886 Thread 0x000001eb8dc55b80 flushing  nmethod 0x000001eb917d4390
Event: 39.886 Thread 0x000001eb8dc55b80 flushing  nmethod 0x000001eb917d5810
Event: 39.886 Thread 0x000001eb8dc55b80 flushing  nmethod 0x000001eb917d6290
Event: 39.886 Thread 0x000001eb8dc55b80 flushing  nmethod 0x000001eb917d6690
Event: 39.886 Thread 0x000001eb8dc55b80 flushing  nmethod 0x000001eb917d6a10
Event: 39.886 Thread 0x000001eb8dc55b80 flushing  nmethod 0x000001eb917d9f90
Event: 39.886 Thread 0x000001eb8dc55b80 flushing  nmethod 0x000001eb917dc610
Event: 39.886 Thread 0x000001eb8dc55b80 flushing  nmethod 0x000001eb917f1310
Event: 39.886 Thread 0x000001eb8dc55b80 flushing  nmethod 0x000001eb917f1790
Event: 39.886 Thread 0x000001eb8dc55b80 flushing  nmethod 0x000001eb917f2290
Event: 39.886 Thread 0x000001eb8dc55b80 flushing  nmethod 0x000001eb917f3690
Event: 39.886 Thread 0x000001eb8dc55b80 flushing  nmethod 0x000001eb917f3a10
Event: 39.886 Thread 0x000001eb8dc55b80 flushing  nmethod 0x000001eb917f3f10
Event: 39.886 Thread 0x000001eb8dc55b80 flushing  nmethod 0x000001eb917f5910
Event: 39.886 Thread 0x000001eb8dc55b80 flushing  nmethod 0x000001eb917fa990
Event: 39.886 Thread 0x000001eb8dc55b80 flushing  nmethod 0x000001eb91810a10
Event: 39.886 Thread 0x000001eb8dc55b80 flushing  nmethod 0x000001eb91812510
Event: 39.886 Thread 0x000001eb8dc55b80 flushing  nmethod 0x000001eb9182ec90
Event: 39.886 Thread 0x000001eb8dc55b80 flushing  nmethod 0x000001eb91830090
Event: 39.886 Thread 0x000001eb8dc55b80 flushing  nmethod 0x000001eb91830690

Events (20 events):
Event: 115.621 Thread 0x000001ebed1d6410 Thread exited: 0x000001ebed1d6410
Event: 119.926 Thread 0x000001ebed1d5d80 Thread exited: 0x000001ebed1d5d80
Event: 179.941 Thread 0x000001ebed1d9890 Thread exited: 0x000001ebed1d9890
Event: 239.945 Thread 0x000001ebee67ee50 Thread exited: 0x000001ebee67ee50
Event: 299.944 Thread 0x000001ebed1d9f20 Thread exited: 0x000001ebed1d9f20
Event: 359.944 Thread 0x000001ebee67b340 Thread exited: 0x000001ebee67b340
Event: 419.949 Thread 0x000001ebee67e7c0 Thread exited: 0x000001ebee67e7c0
Event: 479.951 Thread 0x000001ebed1da5b0 Thread exited: 0x000001ebed1da5b0
Event: 3712.981 Thread 0x000001ebed1d84e0 Thread added: 0x000001ebee67d410
Event: 3713.494 Thread 0x000001ebee67d410 Thread added: 0x000001ebee67cd80
Event: 3713.496 Thread 0x000001ebee67cd80 Thread added: 0x000001ebee67e7c0
Event: 3713.497 Thread 0x000001ebee67e7c0 Thread added: 0x000001ebee67daa0
Event: 3713.499 Thread 0x000001ebee67daa0 Thread added: 0x000001ebee67e130
Event: 3713.501 Thread 0x000001ebee67e130 Thread added: 0x000001ebee67b340
Event: 3713.503 Thread 0x000001ebee67b340 Thread added: 0x000001ebee680f20
Event: 3716.484 Thread 0x000001eba4631120 Thread added: 0x000001ebee79ab50
Event: 3723.465 Thread 0x000001ebee79ab50 Thread exited: 0x000001ebee79ab50
Event: 3778.308 Thread 0x000001ebee67d410 Thread exited: 0x000001ebee67d410
Event: 3838.285 Thread 0x000001ebee67e7c0 Thread exited: 0x000001ebee67e7c0
Event: 3898.288 Thread 0x000001ebee680f20 Thread exited: 0x000001ebee680f20


Dynamic libraries:
0x00007ff6c0a80000 - 0x00007ff6c0a8e000 	c:\Users\ALCH12230104\.vscode\extensions\redhat.java-1.51.0-win32-x64\jre\21.0.9-win32-x86_64\bin\java.exe
0x00007fff116e0000 - 0x00007fff11947000 	C:\WINDOWS\SYSTEM32\ntdll.dll
0x00007fff0f4a0000 - 0x00007fff0f569000 	C:\WINDOWS\System32\KERNEL32.DLL
0x00007fff0ec50000 - 0x00007fff0f03f000 	C:\WINDOWS\System32\KERNELBASE.dll
0x00007fff0f2a0000 - 0x00007fff0f3eb000 	C:\WINDOWS\System32\ucrtbase.dll
0x00007fff04d00000 - 0x00007fff04d18000 	c:\Users\ALCH12230104\.vscode\extensions\redhat.java-1.51.0-win32-x64\jre\21.0.9-win32-x86_64\bin\jli.dll
0x00007ffedb890000 - 0x00007ffedb8ae000 	c:\Users\ALCH12230104\.vscode\extensions\redhat.java-1.51.0-win32-x64\jre\21.0.9-win32-x86_64\bin\VCRUNTIME140.dll
0x00007fff100b0000 - 0x00007fff10275000 	C:\WINDOWS\System32\USER32.dll
0x00007fff0f270000 - 0x00007fff0f297000 	C:\WINDOWS\System32\win32u.dll
0x00007fff10970000 - 0x00007fff1099b000 	C:\WINDOWS\System32\GDI32.dll
0x00007ffeee190000 - 0x00007ffeee423000 	C:\WINDOWS\WinSxS\amd64_microsoft.windows.common-controls_6595b64144ccf1df_6.0.26100.7309_none_3e05feeae336a044\COMCTL32.dll
0x00007fff0ff00000 - 0x00007fff0ffa9000 	C:\WINDOWS\System32\msvcrt.dll
0x00007fff0e9a0000 - 0x00007fff0eacc000 	C:\WINDOWS\System32\gdi32full.dll
0x00007fff0e830000 - 0x00007fff0e8d3000 	C:\WINDOWS\System32\msvcp_win.dll
0x00007fff112d0000 - 0x00007fff11301000 	C:\WINDOWS\System32\IMM32.DLL
0x00007ffeda390000 - 0x00007ffeda39c000 	c:\Users\ALCH12230104\.vscode\extensions\redhat.java-1.51.0-win32-x64\jre\21.0.9-win32-x86_64\bin\vcruntime140_1.dll
0x00007ffeb8b70000 - 0x00007ffeb8bfd000 	c:\Users\ALCH12230104\.vscode\extensions\redhat.java-1.51.0-win32-x64\jre\21.0.9-win32-x86_64\bin\msvcp140.dll
0x00007ffe778a0000 - 0x00007ffe78640000 	c:\Users\ALCH12230104\.vscode\extensions\redhat.java-1.51.0-win32-x64\jre\21.0.9-win32-x86_64\bin\server\jvm.dll
0x00007fff10a80000 - 0x00007fff10b34000 	C:\WINDOWS\System32\ADVAPI32.dll
0x00007fff10540000 - 0x00007fff105e6000 	C:\WINDOWS\System32\sechost.dll
0x00007fff10280000 - 0x00007fff10398000 	C:\WINDOWS\System32\RPCRT4.dll
0x00007fff0f710000 - 0x00007fff0f784000 	C:\WINDOWS\System32\WS2_32.dll
0x00007fff0e690000 - 0x00007fff0e6ee000 	C:\WINDOWS\SYSTEM32\POWRPROF.dll
0x00007ffeee660000 - 0x00007ffeee695000 	C:\WINDOWS\SYSTEM32\WINMM.dll
0x00007fff03fc0000 - 0x00007fff03fcb000 	C:\WINDOWS\SYSTEM32\VERSION.dll
0x00007fff0e670000 - 0x00007fff0e684000 	C:\WINDOWS\SYSTEM32\UMPDC.dll
0x00007fff0d5e0000 - 0x00007fff0d5fb000 	C:\WINDOWS\SYSTEM32\kernel.appcore.dll
0x00007ffed3a30000 - 0x00007ffed3a3a000 	c:\Users\ALCH12230104\.vscode\extensions\redhat.java-1.51.0-win32-x64\jre\21.0.9-win32-x86_64\bin\jimage.dll
0x00007fff0ba70000 - 0x00007fff0bcb2000 	C:\WINDOWS\SYSTEM32\DBGHELP.DLL
0x00007fff11310000 - 0x00007fff11695000 	C:\WINDOWS\System32\combase.dll
0x00007fff103a0000 - 0x00007fff10476000 	C:\WINDOWS\System32\OLEAUT32.dll
0x00007ffecb260000 - 0x00007ffecb29c000 	C:\WINDOWS\SYSTEM32\dbgcore.DLL
0x00007fff0f050000 - 0x00007fff0f0f5000 	C:\WINDOWS\System32\bcryptPrimitives.dll
0x00007ffed39f0000 - 0x00007ffed39ff000 	c:\Users\ALCH12230104\.vscode\extensions\redhat.java-1.51.0-win32-x64\jre\21.0.9-win32-x86_64\bin\instrument.dll
0x00007ffed1650000 - 0x00007ffed1670000 	c:\Users\ALCH12230104\.vscode\extensions\redhat.java-1.51.0-win32-x64\jre\21.0.9-win32-x86_64\bin\java.dll
0x00007fff0f7a0000 - 0x00007fff0fef3000 	C:\WINDOWS\System32\SHELL32.dll
0x00007fff0f100000 - 0x00007fff0f26a000 	C:\WINDOWS\System32\wintypes.dll
0x00007fff0c250000 - 0x00007fff0caae000 	C:\WINDOWS\SYSTEM32\windows.storage.dll
0x00007fff0ffb0000 - 0x00007fff100a5000 	C:\WINDOWS\System32\SHCORE.dll
0x00007fff10900000 - 0x00007fff10966000 	C:\WINDOWS\System32\shlwapi.dll
0x00007fff0e750000 - 0x00007fff0e779000 	C:\WINDOWS\SYSTEM32\profapi.dll
0x00007ffed13b0000 - 0x00007ffed13c8000 	c:\Users\ALCH12230104\.vscode\extensions\redhat.java-1.51.0-win32-x64\jre\21.0.9-win32-x86_64\bin\zip.dll
0x00007ffed39e0000 - 0x00007ffed39f0000 	C:\Users\ALCH12230104\.vscode\extensions\redhat.java-1.51.0-win32-x64\jre\21.0.9-win32-x86_64\bin\net.dll
0x00007fff06660000 - 0x00007fff06788000 	C:\WINDOWS\SYSTEM32\WINHTTP.dll
0x00007fff0db50000 - 0x00007fff0dbbb000 	C:\WINDOWS\system32\mswsock.dll
0x00007ffed1310000 - 0x00007ffed1326000 	C:\Users\ALCH12230104\.vscode\extensions\redhat.java-1.51.0-win32-x64\jre\21.0.9-win32-x86_64\bin\nio.dll
0x00007ffed1cc0000 - 0x00007ffed1cd0000 	c:\Users\ALCH12230104\.vscode\extensions\redhat.java-1.51.0-win32-x64\jre\21.0.9-win32-x86_64\bin\verify.dll
0x00007ffebe840000 - 0x00007ffebe884000 	C:\Users\ALCH12230104\AppData\Roaming\Code\User\globalStorage\redhat.java\1.51.0\config_win\org.eclipse.equinox.launcher\org.eclipse.equinox.launcher.win32.win32.x86_64_1.2.1400.v20250801-0854\eclipse_11916.dll
0x00007fff105f0000 - 0x00007fff10787000 	C:\WINDOWS\System32\ole32.dll
0x00007fff0de10000 - 0x00007fff0de2b000 	C:\WINDOWS\SYSTEM32\CRYPTSP.dll
0x00007fff0d540000 - 0x00007fff0d57a000 	C:\WINDOWS\system32\rsaenh.dll
0x00007fff0dc00000 - 0x00007fff0dc2b000 	C:\WINDOWS\SYSTEM32\USERENV.dll
0x00007fff0e720000 - 0x00007fff0e74a000 	C:\WINDOWS\SYSTEM32\bcrypt.dll
0x00007fff0de30000 - 0x00007fff0de3c000 	C:\WINDOWS\SYSTEM32\CRYPTBASE.dll
0x00007fff0cdf0000 - 0x00007fff0ce24000 	C:\WINDOWS\SYSTEM32\IPHLPAPI.DLL
0x00007fff0f490000 - 0x00007fff0f49a000 	C:\WINDOWS\System32\NSI.dll
0x00007ffebb7c0000 - 0x00007ffebb809000 	C:\Users\ALCH12230104\AppData\Local\Temp\jna-1505794231\jna17349775886421328134.dll
0x00007fff0f790000 - 0x00007fff0f798000 	C:\WINDOWS\System32\PSAPI.DLL
0x00007fff07010000 - 0x00007fff0702e000 	C:\WINDOWS\SYSTEM32\dhcpcsvc6.DLL
0x00007fff06fe0000 - 0x00007fff07003000 	C:\WINDOWS\SYSTEM32\dhcpcsvc.DLL
0x00007fff05c90000 - 0x00007fff05c9e000 	C:\Users\ALCH12230104\.vscode\extensions\redhat.java-1.51.0-win32-x64\jre\21.0.9-win32-x86_64\bin\sunmscapi.dll
0x00007fff0ead0000 - 0x00007fff0ec47000 	C:\WINDOWS\System32\CRYPT32.dll
0x00007fff0e030000 - 0x00007fff0e060000 	C:\WINDOWS\SYSTEM32\ncrypt.dll
0x00007fff0dfe0000 - 0x00007fff0e01f000 	C:\WINDOWS\SYSTEM32\NTASN1.dll
0x00007fff05c80000 - 0x00007fff05c89000 	C:\Users\ALCH12230104\.vscode\extensions\redhat.java-1.51.0-win32-x64\jre\21.0.9-win32-x86_64\bin\extnet.dll

JVMTI agents:
c:\Users\ALCH12230104\.vscode\extensions\redhat.java-1.51.0-win32-x64\lombok\lombok-1.18.39-4050.jar path:c:\Users\ALCH12230104\.vscode\extensions\redhat.java-1.51.0-win32-x64\jre\21.0.9-win32-x86_64\bin\instrument.dll, loaded, initialized, instrumentlib options:none

dbghelp: loaded successfully - version: 4.0.5 - missing functions: none
symbol engine: initialized successfully - sym options: 0x614 - pdb path: .;c:\Users\ALCH12230104\.vscode\extensions\redhat.java-1.51.0-win32-x64\jre\21.0.9-win32-x86_64\bin;C:\WINDOWS\SYSTEM32;C:\WINDOWS\WinSxS\amd64_microsoft.windows.common-controls_6595b64144ccf1df_6.0.26100.7309_none_3e05feeae336a044;c:\Users\ALCH12230104\.vscode\extensions\redhat.java-1.51.0-win32-x64\jre\21.0.9-win32-x86_64\bin\server;C:\Users\ALCH12230104\AppData\Roaming\Code\User\globalStorage\redhat.java\1.51.0\config_win\org.eclipse.equinox.launcher\org.eclipse.equinox.launcher.win32.win32.x86_64_1.2.1400.v20250801-0854;C:\Users\ALCH12230104\AppData\Local\Temp\jna-1505794231

VM Arguments:
jvm_args: --add-modules=ALL-SYSTEM --add-opens=java.base/java.util=ALL-UNNAMED --add-opens=java.base/java.lang=ALL-UNNAMED --add-opens=java.base/sun.nio.fs=ALL-UNNAMED -Declipse.application=org.eclipse.jdt.ls.core.id1 -Dosgi.bundles.defaultStartLevel=4 -Declipse.product=org.eclipse.jdt.ls.core.product -Djava.import.generatesMetadataFilesAtProjectRoot=false -DDetectVMInstallationsJob.disabled=true -Dfile.encoding=utf8 -XX:+UseParallelGC -XX:GCTimeRatio=4 -XX:AdaptiveSizePolicyWeight=90 -Dsun.zip.disableMemoryMapping=true -Xmx2G -Xms100m -Xlog:disable -javaagent:c:\Users\ALCH12230104\.vscode\extensions\redhat.java-1.51.0-win32-x64\lombok\lombok-1.18.39-4050.jar -XX:+HeapDumpOnOutOfMemoryError -XX:HeapDumpPath=c:\Users\ALCH12230104\AppData\Roaming\Code\User\workspaceStorage\f8ba31ec525c401371b340e4043796e8\redhat.java -Daether.dependencyCollector.impl=bf 
java_command: c:\Users\ALCH12230104\.vscode\extensions\redhat.java-1.51.0-win32-x64\server\plugins\org.eclipse.equinox.launcher_1.7.100.v20251111-0406.jar -configuration c:\Users\ALCH12230104\AppData\Roaming\Code\User\globalStorage\redhat.java\1.51.0\config_win -data c:\Users\ALCH12230104\AppData\Roaming\Code\User\workspaceStorage\f8ba31ec525c401371b340e4043796e8\redhat.java\jdt_ws --pipe=\\.\pipe\lsp-f34b1256d08901a3a66b29159ba8ab5e-sock
java_class_path (initial): c:\Users\ALCH12230104\.vscode\extensions\redhat.java-1.51.0-win32-x64\server\plugins\org.eclipse.equinox.launcher_1.7.100.v20251111-0406.jar
Launcher Type: SUN_STANDARD

[Global flags]
    uintx AdaptiveSizePolicyWeight                 = 90                                        {product} {command line}
     intx CICompilerCount                          = 4                                         {product} {ergonomic}
    uintx GCTimeRatio                              = 4                                         {product} {command line}
     bool HeapDumpOnOutOfMemoryError               = true                                   {manageable} {command line}
    ccstr HeapDumpPath                             = c:\Users\ALCH12230104\AppData\Roaming\Code\User\workspaceStorage\f8ba31ec525c401371b340e4043796e8\redhat.java         {manageable} {command line}
   size_t InitialHeapSize                          = 104857600                                 {product} {command line}
   size_t MaxHeapSize                              = 2147483648                                {product} {command line}
   size_t MaxNewSize                               = 715653120                                 {product} {ergonomic}
   size_t MinHeapDeltaBytes                        = 524288                                    {product} {ergonomic}
   size_t MinHeapSize                              = 104857600                                 {product} {command line}
   size_t NewSize                                  = 34603008                                  {product} {ergonomic}
    uintx NonNMethodCodeHeapSize                   = 5839372                                {pd product} {ergonomic}
    uintx NonProfiledCodeHeapSize                  = 122909434                              {pd product} {ergonomic}
   size_t OldSize                                  = 70254592                                  {product} {ergonomic}
    uintx ProfiledCodeHeapSize                     = 122909434                              {pd product} {ergonomic}
    uintx ReservedCodeCacheSize                    = 251658240                              {pd product} {ergonomic}
     bool SegmentedCodeCache                       = true                                      {product} {ergonomic}
   size_t SoftMaxHeapSize                          = 2147483648                             {manageable} {ergonomic}
     bool UseCompressedOops                        = true                           {product lp64_product} {ergonomic}
     bool UseLargePagesIndividualAllocation        = false                                  {pd product} {ergonomic}
     bool UseParallelGC                            = true                                      {product} {command line}

Logging:
Log output configuration:
 #0: stdout all=off uptime,level,tags foldmultilines=false
 #1: stderr all=off uptime,level,tags foldmultilines=false

Release file:
JAVA_VERSION="21.0.9" 
MODULES="java.base java.compiler java.datatransfer java.xml java.prefs java.desktop java.instrument java.logging java.management java.security.sasl java.naming java.rmi java.management.rmi java.net.http java.scripting java.security.jgss java.transaction.xa java.sql java.sql.rowset java.xml.crypto java.se java.smartcardio jdk.accessibility jdk.internal.jvmstat jdk.attach jdk.charsets jdk.internal.opt jdk.zipfs jdk.compiler jdk.crypto.ec jdk.crypto.cryptoki jdk.crypto.mscapi jdk.dynalink jdk.internal.ed jdk.editpad jdk.hotspot.agent jdk.httpserver jdk.internal.le jdk.internal.vm.ci jdk.internal.vm.compiler jdk.internal.vm.compiler.management jdk.jartool jdk.javadoc jdk.jcmd jdk.management jdk.management.agent jdk.jconsole jdk.jdeps jdk.jdwp.agent jdk.jdi jdk.jfr jdk.jshell jdk.jsobject jdk.jstatd jdk.localedata jdk.management.jfr jdk.naming.dns jdk.naming.rmi jdk.net jdk.nio.mapmode jdk.random jdk.sctp jdk.security.auth jdk.security.jgss jdk.unsupported jdk.unsupported.desktop jdk.xml.dom" 

Environment Variables:
JAVA_HOME=C:\Program Files\Java\jdk-20
CLASSPATH=.;C:\Program Files\Java\jdk-20\lib;C:\Program Files\Java\jdk-20\lib\tools.jar
PATH=C:\Program Files\OpenSSH\OpenSSH-Win64;C:\Program Files\Java\jdk-20\bin;C:\Program Files\Java\jdk-20\jre\bin;C:\Program Files\Common Files\Oracle\Java\javapath;D:\tool\Python\2.7.8\;C:\Windows\system32;C:\Windows;C:\Windows\System32\Wbem;C:\Windows\System32\WindowsPowerShell\v1.0\;C:\Windows\System32\OpenSSH\;D:\MySQL\bin;node_global\node_modules;C:\Program Files\Pandoc\;D:\Program Files\x86_64-8.1.0-release-posix-sjlj-rt_v6-rev0\mingw64\x86_64-w64-mingw32\bin;C:\Program Files\TortoiseSVN\bin;C:\Program Files (x86)\PuTTY\;C:\Program Files (x86)\Tencent\WxWebDeveloperTools\dll;D:\Program Files\gcc\mingw64\bin;C:\Program Files\Git\cmd;C:\Program Files\dotnet\;C:\Program Files (x86)\Windows Kits\10\Windows Performance Toolkit\;C:\Program Files\Microsoft SQL Server\Client SDK\ODBC\170\Tools\Binn\;C:\Program Files (x86)\Microsoft SQL Server\150\Tools\Binn\;C:\Program Files\Microsoft SQL Server\150\Tools\Binn\;C:\Program Files\Microsoft SQL Server\150\DTS\Binn\;C:\Program Files (x86)\Microsoft SQL Server\160\DTS\Binn\;C:\ProgramData\Miniconda3;C:\ProgramData\Miniconda3\Scripts;C:\ProgramData\Miniconda3\Library\bin;C:\WINDOWS\system32;C:\WINDOWS;C:\WINDOWS\System32\Wbem;C:\WINDOWS\System32\WindowsPowerShell\v1.0\;C:\WINDOWS\System32\OpenSSH\;D:\Program Files\TortoiseGit\bin;D:\tool\nvm;C:\nvm4w\nodejs;C:\ProgramData\Miniconda3\Scripts;C:\ProgramData\Miniconda3\Library\bin;C:\ProgramData\Miniconda3;C:\Users\ALCH12230104\AppData\Local\Microsoft\WindowsApps;D:\eclipse\Maven\bin\;node_global;C:\Program Files\JetBrains\IntelliJ IDEA 2023.1.3\bin;;C:\Program Files\JetBrains\PyCharm 2023.1.3\bin;;D:\Program Files\Microsoft VS Code\bin;D:\Program Files\x86_64-8.1.0-release-posix-sjlj-rt_v6-rev0\mingw64\x86_64-w64-mingw32\bin;C:\Program Files\JetBrains\CLion 2023.3.5\bin;;C:\Users\ALCH12230104\.dotnet\tools;D:\tool\nvm;C:\nvm4w\nodejs;C:\Program Files\nodejs\node_global;
USERNAME=ALCH12230104
OS=Windows_NT
PROCESSOR_IDENTIFIER=Intel64 Family 6 Model 140 Stepping 1, GenuineIntel
TMP=C:\Users\ALCH12~1\AppData\Local\Temp
TEMP=C:\Users\ALCH12~1\AppData\Local\Temp




Periodic native trim disabled

---------------  S Y S T E M  ---------------

OS:
 Windows 11 , 64 bit Build 26100 (10.0.26100.7309)
OS uptime: 0 days 8:53 hours

CPU: total 8 (initial active 8) (4 cores per cpu, 2 threads per core) family 6 model 140 stepping 1 microcode 0xbc, cx8, cmov, fxsr, ht, mmx, 3dnowpref, sse, sse2, sse3, ssse3, sse4.1, sse4.2, popcnt, lzcnt, tsc, tscinvbit, avx, avx2, aes, erms, clmul, bmi1, bmi2, adx, avx512f, avx512dq, avx512cd, avx512bw, avx512vl, sha, fma, vzeroupper, avx512_vpopcntdq, avx512_vpclmulqdq, avx512_vaes, avx512_vnni, clflush, clflushopt, clwb, avx512_vbmi2, avx512_vbmi, rdtscp, rdpid, fsrm, gfni, avx512_bitalg, f16c, pku, cet_ibt, cet_ss, avx512_ifma
Processor Information for processor 0
  Max Mhz: 1498, Current Mhz: 1498, Mhz Limit: 1498
Processor Information for processor 1
  Max Mhz: 1498, Current Mhz: 1498, Mhz Limit: 1498
Processor Information for processor 2
  Max Mhz: 1498, Current Mhz: 1498, Mhz Limit: 1498
Processor Information for processor 3
  Max Mhz: 1498, Current Mhz: 1498, Mhz Limit: 1498
Processor Information for processor 4
  Max Mhz: 1498, Current Mhz: 1498, Mhz Limit: 1498
Processor Information for processor 5
  Max Mhz: 1498, Current Mhz: 1498, Mhz Limit: 1498
Processor Information for processor 6
  Max Mhz: 1498, Current Mhz: 1498, Mhz Limit: 1498
Processor Information for processor 7
  Max Mhz: 1498, Current Mhz: 1198, Mhz Limit: 1498

Memory: 4k page, system-wide physical 7914M (316M free)
TotalPageFile size 21867M (AvailPageFile size 30M)
current process WorkingSet (physical memory assigned to process): 7M, peak: 326M
current process commit charge ("private bytes"): 427M, peak: 473M

vm_info: OpenJDK 64-Bit Server VM (21.0.9+10-LTS) for windows-amd64 JRE (21.0.9+10-LTS), built on 2025-10-21T00:00:00Z by "admin" with unknown MS VC++:1942

END.
